#
# There is insufficient memory for the Java Runtime Environment to continue.
# Native memory allocation (malloc) failed to allocate 1322960 bytes for Chunk::new
# Possible reasons:
#   The system is out of physical RAM or swap space
#   In 32 bit mode, the process size limit was hit
# Possible solutions:
#   Reduce memory load on the system
#   Increase physical memory or swap space
#   Check if swap backing store is full
#   Use 64 bit Java on a 64 bit OS
#   Decrease Java heap size (-Xmx/-Xms)
#   Decrease number of Java threads
#   Decrease Java thread stack sizes (-Xss)
#   Set larger code cache with -XX:ReservedCodeCacheSize=
# This output file may be truncated or incomplete.
#
#  Out of Memory Error (allocation.cpp:390), pid=11960, tid=13244
#
# JRE version: Java(TM) SE Runtime Environment (8.0_51-b16) (build 1.8.0_51-b16)
# Java VM: Java HotSpot(TM) 64-Bit Server VM (25.51-b03 mixed mode windows-amd64 compressed oops)
# Failed to write core dump. Minidumps are not enabled by default on client versions of Windows
#

---------------  T H R E A D  ---------------

Current thread (0x000000000a12a800):  JavaThread "C2 CompilerThread1" daemon [_thread_in_native, id=13244, stack(0x000000000a9e0000,0x000000000aae0000)]

Stack: [0x000000000a9e0000,0x000000000aae0000]
Native frames: (J=compiled Java code, j=interpreted, Vv=VM code, C=native code)
V  [jvm.dll+0x32b4ca]
V  [jvm.dll+0x2797e3]
V  [jvm.dll+0x27a479]
V  [jvm.dll+0x271765]
V  [jvm.dll+0xcba02]
V  [jvm.dll+0xcbecc]
V  [jvm.dll+0x4643d2]
V  [jvm.dll+0x4db655]
V  [jvm.dll+0x4dc257]
V  [jvm.dll+0x46a5e1]
V  [jvm.dll+0x46cde2]
V  [jvm.dll+0x4501a2]
V  [jvm.dll+0xa43a2]
V  [jvm.dll+0xa4cdf]
V  [jvm.dll+0x2418a4]
V  [jvm.dll+0x29846a]
C  [msvcr100.dll+0x21d9f]
C  [msvcr100.dll+0x21e3b]
C  [kernel32.dll+0x159ed]
C  [ntdll.dll+0x2b831]


Current CompileTask:
C2:  14994 5134   !   4       org.springframework.core.annotation.AnnotationUtils::findAnnotation (176 bytes)


---------------  P R O C E S S  ---------------

Java Threads: ( => current thread )
  0x000000005fa71800 JavaThread "DestroyJavaVM" [_thread_blocked, id=12296, stack(0x0000000002d00000,0x0000000002e00000)]
  0x000000005fa71000 JavaThread "http-nio-8080-Acceptor-0" daemon [_thread_in_native, id=11868, stack(0x0000000063200000,0x0000000063300000)]
  0x000000005fa70000 JavaThread "http-nio-8080-ClientPoller-1" daemon [_thread_in_native, id=14456, stack(0x0000000062f70000,0x0000000063070000)]
  0x000000005fa6f800 JavaThread "http-nio-8080-ClientPoller-0" daemon [_thread_in_native, id=164, stack(0x0000000062df0000,0x0000000062ef0000)]
  0x000000005f51e800 JavaThread "NioBlockingSelector.BlockPoller-1" daemon [_thread_in_native, id=4540, stack(0x0000000060c30000,0x0000000060d30000)]
  0x000000000e701000 JavaThread "container-0" [_thread_blocked, id=12404, stack(0x0000000061850000,0x0000000061950000)]
  0x000000000dff0800 JavaThread "ContainerBackgroundProcessor[StandardEngine[Tomcat].StandardHost[localhost].StandardContext[]]" daemon [_thread_blocked, id=14544, stack(0x000000000d180000,0x000000000d280000)]
  0x000000005f637800 JavaThread "Abandoned connection cleanup thread" daemon [_thread_blocked, id=15036, stack(0x0000000061160000,0x0000000061260000)]
  0x000000000c601000 JavaThread "Tomcat JDBC Pool Cleaner[284720968:1454336518913]" daemon [_thread_blocked, id=13328, stack(0x0000000060d60000,0x0000000060e60000)]
  0x000000000b2ea800 JavaThread "localhost-startStop-1" daemon [_thread_blocked, id=12372, stack(0x000000005f0e0000,0x000000005f1e0000)]
  0x000000000b198000 JavaThread "Tomcat-startStop-1" daemon [_thread_blocked, id=14732, stack(0x000000000ee60000,0x000000000ef60000)]
  0x000000000aff8000 JavaThread "Monitor Ctrl-Break" daemon [_thread_in_native, id=11532, stack(0x000000000b740000,0x000000000b840000)]
  0x000000000a194800 JavaThread "Service Thread" daemon [_thread_blocked, id=12484, stack(0x000000000ab70000,0x000000000ac70000)]
  0x000000000a12b800 JavaThread "C1 CompilerThread2" daemon [_thread_blocked, id=14392, stack(0x0000000009f00000,0x000000000a000000)]
=>0x000000000a12a800 JavaThread "C2 CompilerThread1" daemon [_thread_in_native, id=13244, stack(0x000000000a9e0000,0x000000000aae0000)]
  0x000000000a123000 JavaThread "C2 CompilerThread0" daemon [_thread_in_native, id=8104, stack(0x000000000a8e0000,0x000000000a9e0000)]
  0x0000000008cda800 JavaThread "Attach Listener" daemon [_thread_blocked, id=7096, stack(0x000000000a6d0000,0x000000000a7d0000)]
  0x0000000008cd9000 JavaThread "Signal Dispatcher" daemon [_thread_blocked, id=12948, stack(0x000000000a5a0000,0x000000000a6a0000)]
  0x0000000008c79800 JavaThread "Finalizer" daemon [_thread_blocked, id=4472, stack(0x000000000a020000,0x000000000a120000)]
  0x0000000008c78800 JavaThread "Reference Handler" daemon [_thread_blocked, id=6264, stack(0x0000000009db0000,0x0000000009eb0000)]

Other Threads:
  0x0000000008c73000 VMThread [stack: 0x0000000009be0000,0x0000000009ce0000] [id=14104]
  0x000000000a197000 WatcherThread [stack: 0x000000000ad90000,0x000000000ae90000] [id=13256]

VM state:not at safepoint (normal execution)

VM Mutex/Monitor currently owned by a thread: None

Heap:
 PSYoungGen      total 267776K, used 37891K [0x00000000d6d00000, 0x00000000e8000000, 0x0000000100000000)
  eden space 253952K, 9% used [0x00000000d6d00000,0x00000000d8487ff8,0x00000000e6500000)
  from space 13824K, 99% used [0x00000000e6500000,0x00000000e7278e08,0x00000000e7280000)
  to   space 13824K, 0% used [0x00000000e7280000,0x00000000e7280000,0x00000000e8000000)
 ParOldGen       total 58368K, used 31139K [0x0000000084600000, 0x0000000087f00000, 0x00000000d6d00000)
  object space 58368K, 53% used [0x0000000084600000,0x0000000086468e18,0x0000000087f00000)
 Metaspace       used 49517K, capacity 49886K, committed 50216K, reserved 1093632K
  class space    used 6278K, capacity 6378K, committed 6448K, reserved 1048576K

Card table byte_map: [0x0000000003490000,0x0000000003870000] byte_map_base: 0x000000000306d000

Marking Bits: (ParMarkBitMap*) 0x0000000002a84040
 Begin Bits: [0x0000000004130000, 0x0000000006018000)
 End Bits:   [0x0000000006018000, 0x0000000007f00000)

Polling page: 0x0000000000330000

CodeCache: size=245760Kb used=16253Kb max_used=16253Kb free=229506Kb
 bounds [0x000000000f010000, 0x0000000010000000, 0x000000001e010000]
 total_blobs=5183 nmethods=4422 adapters=672
 compilation: enabled

Compilation events (10 events):
Event: 14.919 Thread 0x000000000a12b800 5174       1       org.apache.tomcat.util.modeler.FeatureInfo::setName (6 bytes)
Event: 14.920 Thread 0x000000000a12b800 nmethod 5174 0x000000000fff6f90 code [0x000000000fff70e0, 0x000000000fff7210]
Event: 14.920 Thread 0x000000000a12b800 5175       1       org.apache.tomcat.util.modeler.FeatureInfo::setDescription (6 bytes)
Event: 14.920 Thread 0x000000000a12b800 nmethod 5175 0x000000000fff7290 code [0x000000000fff73e0, 0x000000000fff7510]
Event: 14.920 Thread 0x000000000a12b800 5177       2       org.apache.tomcat.util.modeler.ManagedBean::createOperationKey (79 bytes)
Event: 14.921 Thread 0x000000000a12b800 nmethod 5177 0x000000000fff7590 code [0x000000000fff7760, 0x000000000fff7ce8]
Event: 14.921 Thread 0x000000000a12b800 5176       2       org.apache.tomcat.util.modeler.ManagedBean::addOperation (17 bytes)
Event: 14.921 Thread 0x000000000a12b800 nmethod 5176 0x000000000fff8510 code [0x000000000fff8680, 0x000000000fff8838]
Event: 14.924 Thread 0x000000000a12b800 5178       1       org.apache.tomcat.util.modeler.ManagedBean::getType (5 bytes)
Event: 14.924 Thread 0x000000000a12b800 nmethod 5178 0x000000000fff8910 code [0x000000000fff8a60, 0x000000000fff8b70]

GC Heap History (10 events):
Event: 4.944 GC heap before
{Heap before GC invocations=7 (full 1):
 PSYoungGen      total 267776K, used 6094K [0x00000000d6d00000, 0x00000000e8000000, 0x0000000100000000)
  eden space 253952K, 0% used [0x00000000d6d00000,0x00000000d6d00000,0x00000000e6500000)
  from space 13824K, 44% used [0x00000000e7280000,0x00000000e7873ad0,0x00000000e8000000)
  to   space 13824K, 0% used [0x00000000e6500000,0x00000000e6500000,0x00000000e7280000)
 ParOldGen       total 84992K, used 18129K [0x0000000084600000, 0x0000000089900000, 0x00000000d6d00000)
  object space 84992K, 21% used [0x0000000084600000,0x00000000857b44b8,0x0000000089900000)
 Metaspace       used 21027K, capacity 21188K, committed 21296K, reserved 1069056K
  class space    used 2558K, capacity 2587K, committed 2608K, reserved 1048576K
Event: 5.015 GC heap after
Heap after GC invocations=7 (full 1):
 PSYoungGen      total 267776K, used 0K [0x00000000d6d00000, 0x00000000e8000000, 0x0000000100000000)
  eden space 253952K, 0% used [0x00000000d6d00000,0x00000000d6d00000,0x00000000e6500000)
  from space 13824K, 0% used [0x00000000e7280000,0x00000000e7280000,0x00000000e8000000)
  to   space 13824K, 0% used [0x00000000e6500000,0x00000000e6500000,0x00000000e7280000)
 ParOldGen       total 58368K, used 12074K [0x0000000084600000, 0x0000000087f00000, 0x00000000d6d00000)
  object space 58368K, 20% used [0x0000000084600000,0x00000000851ca810,0x0000000087f00000)
 Metaspace       used 21027K, capacity 21188K, committed 21296K, reserved 1069056K
  class space    used 2558K, capacity 2587K, committed 2608K, reserved 1048576K
}
Event: 9.321 GC heap before
{Heap before GC invocations=8 (full 1):
 PSYoungGen      total 267776K, used 253952K [0x00000000d6d00000, 0x00000000e8000000, 0x0000000100000000)
  eden space 253952K, 100% used [0x00000000d6d00000,0x00000000e6500000,0x00000000e6500000)
  from space 13824K, 0% used [0x00000000e7280000,0x00000000e7280000,0x00000000e8000000)
  to   space 13824K, 0% used [0x00000000e6500000,0x00000000e6500000,0x00000000e7280000)
 ParOldGen       total 58368K, used 12074K [0x0000000084600000, 0x0000000087f00000, 0x00000000d6d00000)
  object space 58368K, 20% used [0x0000000084600000,0x00000000851ca810,0x0000000087f00000)
 Metaspace       used 30320K, capacity 30590K, committed 31024K, reserved 1077248K
  class space    used 3724K, capacity 3786K, committed 3888K, reserved 1048576K
Event: 9.458 GC heap after
Heap after GC invocations=8 (full 1):
 PSYoungGen      total 267776K, used 13806K [0x00000000d6d00000, 0x00000000e8000000, 0x0000000100000000)
  eden space 253952K, 0% used [0x00000000d6d00000,0x00000000d6d00000,0x00000000e6500000)
  from space 13824K, 99% used [0x00000000e6500000,0x00000000e727bb18,0x00000000e7280000)
  to   space 13824K, 0% used [0x00000000e7280000,0x00000000e7280000,0x00000000e8000000)
 ParOldGen       total 58368K, used 15164K [0x0000000084600000, 0x0000000087f00000, 0x00000000d6d00000)
  object space 58368K, 25% used [0x0000000084600000,0x00000000854cf2e8,0x0000000087f00000)
 Metaspace       used 30320K, capacity 30590K, committed 31024K, reserved 1077248K
  class space    used 3724K, capacity 3786K, committed 3888K, reserved 1048576K
}
Event: 10.685 GC heap before
{Heap before GC invocations=9 (full 1):
 PSYoungGen      total 267776K, used 68616K [0x00000000d6d00000, 0x00000000e8000000, 0x0000000100000000)
  eden space 253952K, 21% used [0x00000000d6d00000,0x00000000da286830,0x00000000e6500000)
  from space 13824K, 99% used [0x00000000e6500000,0x00000000e727bb18,0x00000000e7280000)
  to   space 13824K, 0% used [0x00000000e7280000,0x00000000e7280000,0x00000000e8000000)
 ParOldGen       total 58368K, used 15164K [0x0000000084600000, 0x0000000087f00000, 0x00000000d6d00000)
  object space 58368K, 25% used [0x0000000084600000,0x00000000854cf2e8,0x0000000087f00000)
 Metaspace       used 34951K, capacity 35166K, committed 35496K, reserved 1081344K
  class space    used 4444K, capacity 4520K, committed 4528K, reserved 1048576K
Event: 10.708 GC heap after
Heap after GC invocations=9 (full 1):
 PSYoungGen      total 267776K, used 13566K [0x00000000d6d00000, 0x00000000e8000000, 0x0000000100000000)
  eden space 253952K, 0% used [0x00000000d6d00000,0x00000000d6d00000,0x00000000e6500000)
  from space 13824K, 98% used [0x00000000e7280000,0x00000000e7fbfaa8,0x00000000e8000000)
  to   space 13824K, 0% used [0x00000000e6500000,0x00000000e6500000,0x00000000e7280000)
 ParOldGen       total 58368K, used 15172K [0x0000000084600000, 0x0000000087f00000, 0x00000000d6d00000)
  object space 58368K, 25% used [0x0000000084600000,0x00000000854d12e8,0x0000000087f00000)
 Metaspace       used 34951K, capacity 35166K, committed 35496K, reserved 1081344K
  class space    used 4444K, capacity 4520K, committed 4528K, reserved 1048576K
}
Event: 10.708 GC heap before
{Heap before GC invocations=10 (full 2):
 PSYoungGen      total 267776K, used 13566K [0x00000000d6d00000, 0x00000000e8000000, 0x0000000100000000)
  eden space 253952K, 0% used [0x00000000d6d00000,0x00000000d6d00000,0x00000000e6500000)
  from space 13824K, 98% used [0x00000000e7280000,0x00000000e7fbfaa8,0x00000000e8000000)
  to   space 13824K, 0% used [0x00000000e6500000,0x00000000e6500000,0x00000000e7280000)
 ParOldGen       total 58368K, used 15172K [0x0000000084600000, 0x0000000087f00000, 0x00000000d6d00000)
  object space 58368K, 25% used [0x0000000084600000,0x00000000854d12e8,0x0000000087f00000)
 Metaspace       used 34951K, capacity 35166K, committed 35496K, reserved 1081344K
  class space    used 4444K, capacity 4520K, committed 4528K, reserved 1048576K
Event: 10.886 GC heap after
Heap after GC invocations=10 (full 2):
 PSYoungGen      total 267776K, used 0K [0x00000000d6d00000, 0x00000000e8000000, 0x0000000100000000)
  eden space 253952K, 0% used [0x00000000d6d00000,0x00000000d6d00000,0x00000000e6500000)
  from space 13824K, 0% used [0x00000000e7280000,0x00000000e7280000,0x00000000e8000000)
  to   space 13824K, 0% used [0x00000000e6500000,0x00000000e6500000,0x00000000e7280000)
 ParOldGen       total 58368K, used 23292K [0x0000000084600000, 0x0000000087f00000, 0x00000000d6d00000)
  object space 58368K, 39% used [0x0000000084600000,0x0000000085cbf3d8,0x0000000087f00000)
 Metaspace       used 34951K, capacity 35166K, committed 35496K, reserved 1081344K
  class space    used 4444K, capacity 4520K, committed 4528K, reserved 1048576K
}
Event: 14.767 GC heap before
{Heap before GC invocations=11 (full 2):
 PSYoungGen      total 267776K, used 253952K [0x00000000d6d00000, 0x00000000e8000000, 0x0000000100000000)
  eden space 253952K, 100% used [0x00000000d6d00000,0x00000000e6500000,0x00000000e6500000)
  from space 13824K, 0% used [0x00000000e7280000,0x00000000e7280000,0x00000000e8000000)
  to   space 13824K, 0% used [0x00000000e6500000,0x00000000e6500000,0x00000000e7280000)
 ParOldGen       total 58368K, used 23292K [0x0000000084600000, 0x0000000087f00000, 0x00000000d6d00000)
  object space 58368K, 39% used [0x0000000084600000,0x0000000085cbf3d8,0x0000000087f00000)
 Metaspace       used 48864K, capacity 49306K, committed 49576K, reserved 1093632K
  class space    used 6194K, capacity 6312K, committed 6320K, reserved 1048576K
Event: 14.819 GC heap after
Heap after GC invocations=11 (full 2):
 PSYoungGen      total 267776K, used 13795K [0x00000000d6d00000, 0x00000000e8000000, 0x0000000100000000)
  eden space 253952K, 0% used [0x00000000d6d00000,0x00000000d6d00000,0x00000000e6500000)
  from space 13824K, 99% used [0x00000000e6500000,0x00000000e7278e08,0x00000000e7280000)
  to   space 13824K, 0% used [0x00000000e7280000,0x00000000e7280000,0x00000000e8000000)
 ParOldGen       total 58368K, used 31139K [0x0000000084600000, 0x0000000087f00000, 0x00000000d6d00000)
  object space 58368K, 53% used [0x0000000084600000,0x0000000086468e18,0x0000000087f00000)
 Metaspace       used 48864K, capacity 49306K, committed 49576K, reserved 1093632K
  class space    used 6194K, capacity 6312K, committed 6320K, reserved 1048576K
}

Deoptimization events (10 events):
Event: 13.309 Thread 0x00000000020cf800 Uncommon trap: reason=unstable_if action=reinterpret pc=0x000000000f24a9cc method=org.springframework.asm.Frame.merge(Lorg/springframework/asm/ClassWriter;I[II)Z @ 80
Event: 13.309 Thread 0x00000000020cf800 Uncommon trap: reason=unstable_if action=reinterpret pc=0x000000000fa71e88 method=org.springframework.asm.Frame.merge(Lorg/springframework/asm/ClassWriter;I[II)Z @ 80
Event: 13.312 Thread 0x00000000020cf800 Uncommon trap: reason=range_check action=make_not_entrant pc=0x000000000fbdf944 method=java.lang.String.charAt(I)C @ 27
Event: 13.324 Thread 0x00000000020cf800 Uncommon trap: reason=unstable_if action=reinterpret pc=0x000000000fb5f31c method=org.springframework.aop.framework.autoproxy.AbstractAutoProxyCreator.predictBeanType(Ljava/lang/Class;Ljava/lang/String;)Ljava/lang/Class; @ 9
Event: 13.455 Thread 0x00000000020cf800 Uncommon trap: reason=unstable_if action=reinterpret pc=0x000000000fb8dd2c method=org.springframework.core.annotation.AnnotationUtils.findAnnotation(Ljava/lang/Class;Ljava/lang/Class;Ljava/util/Set;)Ljava/lang/annotation/Annotation; @ 110
Event: 13.494 Thread 0x00000000020cf800 Uncommon trap: reason=unstable_if action=reinterpret pc=0x000000000f398438 method=org.springframework.asm.Item.isEqualTo(Lorg/springframework/asm/Item;)Z @ 345
Event: 13.905 Thread 0x00000000020cf800 Uncommon trap: reason=predicate action=maybe_recompile pc=0x000000000f25b9cc method=org.springframework.util.ReflectionUtils.doWithMethods(Ljava/lang/Class;Lorg/springframework/util/ReflectionUtils$MethodCallback;Lorg/springframework/util/ReflectionUtils$M[RñÙ«ﬂ+@
Event: 13.937 Thread 0x00000000020cf800 Uncommon trap: reason=unstable_if action=reinterpret pc=0x000000000f8c4274 method=java.util.regex.Pattern$LastNode.match(Ljava/util/regex/Matcher;ILjava/lang/CharSequence;)Z @ 13
Event: 14.390 Thread 0x00000000020cf800 Uncommon trap: reason=unstable_if action=reinterpret pc=0x000000000fd863b4 method=java.lang.ClassLoader.preDefineClass(Ljava/lang/String;Ljava/security/ProtectionDomain;)Ljava/security/ProtectionDomain; @ 86
Event: 14.861 Thread 0x00000000020cf800 Uncommon trap: reason=unstable_if action=reinterpret pc=0x000000000fbd7fdc method=java.lang.Class$MethodArray.addIfNotPresent(Ljava/lang/reflect/Method;)V @ 19

Internal exceptions (10 events):
Event: 14.744 Thread 0x00000000020cf800 Exception <a 'java/lang/ClassNotFoundException': org/springframework/boot/autoconfigure/thymeleaf/ThymeleafAutoConfigurationCustomizer> (0x00000000e6267170) thrown at [C:\re\workspace\8-2-build-windows-amd64-cygwin\jdk8u51\3951\hotspot\src\share\vm\classfiœ9@ˆ|-@
Event: 14.744 Thread 0x00000000020cf800 Exception <a 'java/lang/ClassNotFoundException': org/springframework/boot/autoconfigure/thymeleaf/ThymeleafAutoConfiguration$$EnhancerBySpringCGLIB$$918ad31bCustomizer> (0x00000000e6292040) thrown at [C:\re\workspace\8-2-build-windows-amd64-cygwin\jdk8u51\=2
Event: 14.747 Thread 0x00000000020cf800 Exception <a 'java/lang/ClassNotFoundException': java/lang/ObjectCustomizer> (0x00000000e62ca7b0) thrown at [C:\re\workspace\8-2-build-windows-amd64-cygwin\jdk8u51\3951\hotspot\src\share\vm\classfile\systemDictionary.cpp, line 210]
Event: 14.748 Thread 0x00000000020cf800 Exception <a 'java/lang/ClassNotFoundException': org/springframework/boot/autoconfigure/transaction/TransactionAutoConfigurationCustomizer> (0x00000000e62ef850) thrown at [C:\re\workspace\8-2-build-windows-amd64-cygwin\jdk8u51\3951\hotspot\src\share\vm\cla+{ÅX-@
Event: 14.749 Thread 0x00000000020cf800 Exception <a 'java/lang/ClassNotFoundException': org/springframework/boot/autoconfigure/transaction/TransactionAutoConfiguration$$EnhancerBySpringCGLIB$$61d0955Customizer> (0x00000000e631bd20) thrown at [C:\re\workspace\8-2-build-windows-amd64-cygwin\jdk8u†F<äÇ-@
Event: 14.755 Thread 0x00000000020cf800 Exception <a 'java/lang/ClassNotFoundException': java/lang/ObjectCustomizer> (0x00000000e63cf9f8) thrown at [C:\re\workspace\8-2-build-windows-amd64-cygwin\jdk8u51\3951\hotspot\src\share\vm\classfile\systemDictionary.cpp, line 210]
Event: 14.756 Thread 0x00000000020cf800 Exception <a 'java/lang/ClassNotFoundException': org/springframework/transaction/support/DefaultTransactionDefinitionCustomizer> (0x00000000e63f18f8) thrown at [C:\re\workspace\8-2-build-windows-amd64-cygwin\jdk8u51\3951\hotspot\src\share\vm\classfile\systÔwmUÉ-@
Event: 14.757 Thread 0x00000000020cf800 Exception <a 'java/lang/ClassNotFoundException': org/springframework/transaction/support/TransactionTemplateCustomizer> (0x00000000e6420b10) thrown at [C:\re\workspace\8-2-build-windows-amd64-cygwin\jdk8u51\3951\hotspot\src\share\vm\classfile\systemDiction!`±Ö-@
Event: 14.760 Thread 0x00000000020cf800 Exception <a 'java/lang/ClassNotFoundException': java/lang/ObjectCustomizer> (0x00000000e647a570) thrown at [C:\re\workspace\8-2-build-windows-amd64-cygwin\jdk8u51\3951\hotspot\src\share\vm\classfile\systemDictionary.cpp, line 210]
Event: 14.760 Thread 0x00000000020cf800 Exception <a 'java/lang/ClassNotFoundException': org/springframework/web/multipart/support/StandardServletMultipartResolverCustomizer> (0x00000000e649e258) thrown at [C:\re\workspace\8-2-build-windows-amd64-cygwin\jdk8u51\3951\hotspot\src\share\vm\classfil<yUP¨|-@

Events (10 events):
Event: 14.947 loading class org/apache/tomcat/util/threads/res/LocalStrings_pl
Event: 14.947 loading class org/apache/tomcat/util/threads/res/LocalStrings_pl done
Event: 14.948 loading class org/apache/tomcat/util/threads/res/LocalStrings_pl_PL
Event: 14.948 loading class org/apache/tomcat/util/threads/res/LocalStrings_pl_PL done
Event: 14.948 loading class org/apache/tomcat/util/threads/ThreadPoolExecutor$RejectHandler
Event: 14.948 loading class org/apache/tomcat/util/threads/ThreadPoolExecutor$RejectHandler done
Event: 14.948 loading class org/apache/tomcat/util/threads/LimitLatch
Event: 14.948 loading class org/apache/tomcat/util/threads/LimitLatch done
Event: 14.949 loading class org/apache/tomcat/util/threads/LimitLatch$Sync
Event: 14.949 loading class org/apache/tomcat/util/threads/LimitLatch$Sync done


Dynamic libraries:
0x000000013f9e0000 - 0x000000013fa17000 	C:\Program Files\Java\jdk1.8.0_51\bin\java.exe
0x0000000077a80000 - 0x0000000077c29000 	C:\Windows\SYSTEM32\ntdll.dll
0x0000000077860000 - 0x000000007797f000 	C:\Windows\system32\kernel32.dll
0x000007fefd880000 - 0x000007fefd8ec000 	C:\Windows\system32\KERNELBASE.dll
0x000007feff4a0000 - 0x000007feff57b000 	C:\Windows\system32\ADVAPI32.dll
0x000007feff400000 - 0x000007feff49f000 	C:\Windows\system32\msvcrt.dll
0x000007feff830000 - 0x000007feff84f000 	C:\Windows\SYSTEM32\sechost.dll
0x000007feffb00000 - 0x000007feffc2d000 	C:\Windows\system32\RPCRT4.dll
0x0000000077980000 - 0x0000000077a7a000 	C:\Windows\system32\USER32.dll
0x000007feffa70000 - 0x000007feffad7000 	C:\Windows\system32\GDI32.dll
0x000007fefeff0000 - 0x000007fefeffe000 	C:\Windows\system32\LPK.dll
0x000007feff760000 - 0x000007feff82a000 	C:\Windows\system32\USP10.dll
0x000007fefc1b0000 - 0x000007fefc3a4000 	C:\Windows\WinSxS\amd64_microsoft.windows.common-controls_6595b64144ccf1df_6.0.7601.18837_none_fa3b1e3d17594757\COMCTL32.dll
0x000007feff380000 - 0x000007feff3f1000 	C:\Windows\system32\SHLWAPI.dll
0x000007feffd60000 - 0x000007feffd8e000 	C:\Windows\system32\IMM32.DLL
0x000007feff000000 - 0x000007feff109000 	C:\Windows\system32\MSCTF.dll
0x000007fefd750000 - 0x000007fefd781000 	C:\Windows\system32\nvinitx.dll
0x000000000f000000 - 0x000000000f006000 	C:\Program Files\NVIDIA Corporation\CoProcManager\detoured.dll
0x000007fefa7d0000 - 0x000007fefa802000 	C:\Program Files\NVIDIA Corporation\CoProcManager\nvd3d9wrapx.dll
0x000007feff580000 - 0x000007feff757000 	C:\Windows\system32\SETUPAPI.dll
0x000007fefd840000 - 0x000007fefd876000 	C:\Windows\system32\CFGMGR32.dll
0x000007feff850000 - 0x000007feff927000 	C:\Windows\system32\OLEAUT32.dll
0x000007fefe050000 - 0x000007fefe253000 	C:\Windows\system32\ole32.dll
0x000007fefd900000 - 0x000007fefd91a000 	C:\Windows\system32\DEVOBJ.dll
0x000007fefa430000 - 0x000007fefa452000 	C:\Program Files\NVIDIA Corporation\CoProcManager\nvdxgiwrapx.dll
0x0000000078e00000 - 0x0000000078ed2000 	C:\Program Files\Java\jdk1.8.0_51\jre\bin\msvcr100.dll
0x0000000002280000 - 0x0000000002b03000 	C:\Program Files\Java\jdk1.8.0_51\jre\bin\server\jvm.dll
0x000007fef71c0000 - 0x000007fef71c9000 	C:\Windows\system32\WSOCK32.dll
0x000007feffd10000 - 0x000007feffd5d000 	C:\Windows\system32\WS2_32.dll
0x000007fefdbe0000 - 0x000007fefdbe8000 	C:\Windows\system32\NSI.dll
0x000007fefb570000 - 0x000007fefb5ab000 	C:\Windows\system32\WINMM.dll
0x000007fefc8a0000 - 0x000007fefc8ac000 	C:\Windows\system32\VERSION.dll
0x0000000077c50000 - 0x0000000077c57000 	C:\Windows\system32\PSAPI.DLL
0x0000000067d40000 - 0x0000000067d4f000 	C:\Program Files\Java\jdk1.8.0_51\jre\bin\verify.dll
0x0000000067c00000 - 0x0000000067c29000 	C:\Program Files\Java\jdk1.8.0_51\jre\bin\java.dll
0x0000000067be0000 - 0x0000000067bf6000 	C:\Program Files\Java\jdk1.8.0_51\jre\bin\zip.dll
0x000007fefe260000 - 0x000007fefefe9000 	C:\Windows\system32\SHELL32.dll
0x000007fefd820000 - 0x000007fefd82f000 	C:\Windows\system32\profapi.dll
0x000007fef7e80000 - 0x000007fef7e90000 	C:\Program Files (x86)\JetBrains\IntelliJ IDEA 15.0.2\bin\breakgen64.dll
0x0000000067bc0000 - 0x0000000067bda000 	C:\Program Files\Java\jdk1.8.0_51\jre\bin\net.dll
0x000007fefcf60000 - 0x000007fefcfb5000 	C:\Windows\system32\mswsock.dll
0x000007fefd1e0000 - 0x000007fefd1e7000 	C:\Windows\System32\wship6.dll
0x0000000067b90000 - 0x0000000067b9d000 	C:\Program Files\Java\jdk1.8.0_51\jre\bin\management.dll
0x000007fefb770000 - 0x000007fefb785000 	C:\Windows\system32\NLAapi.dll
0x000007fef7940000 - 0x000007fef7955000 	C:\Windows\system32\napinsp.dll
0x000007fef78e0000 - 0x000007fef78f9000 	C:\Windows\system32\pnrpnsp.dll
0x000007fefcdd0000 - 0x000007fefce2b000 	C:\Windows\system32\DNSAPI.dll
0x000007fef7960000 - 0x000007fef796b000 	C:\Windows\System32\winrnr.dll
0x000007fef7900000 - 0x000007fef7910000 	C:\Windows\system32\wshbth.dll
0x0000000072660000 - 0x0000000072686000 	C:\Program Files\Bonjour\mdnsNSP.dll
0x000007fef9a10000 - 0x000007fef9a37000 	C:\Windows\system32\Iphlpapi.DLL
0x000007fef99f0000 - 0x000007fef99fb000 	C:\Windows\system32\WINNSI.DLL
0x000007fefcae0000 - 0x000007fefcae7000 	C:\Windows\System32\wshtcpip.dll
0x000007fef7970000 - 0x000007fef7978000 	C:\Windows\system32\rasadhlp.dll
0x000007fef98a0000 - 0x000007fef98f3000 	C:\Windows\System32\fwpuclnt.dll
0x0000000067ba0000 - 0x0000000067bb1000 	C:\Program Files\Java\jdk1.8.0_51\jre\bin\nio.dll
0x000007fefcfc0000 - 0x000007fefcfd8000 	C:\Windows\system32\CRYPTSP.dll
0x000007fefcd50000 - 0x000007fefcd97000 	C:\Windows\system32\rsaenh.dll
0x000007fefd930000 - 0x000007fefd94e000 	C:\Windows\system32\USERENV.dll
0x000007fefd680000 - 0x000007fefd68f000 	C:\Windows\system32\CRYPTBASE.dll
0x000007fef9870000 - 0x000007fef9881000 	C:\Windows\system32\dhcpcsvc6.DLL
0x000007fef9850000 - 0x000007fef9868000 	C:\Windows\system32\dhcpcsvc.DLL
0x000007fee35d0000 - 0x000007fee36f5000 	C:\Windows\system32\dbghelp.dll

VM Arguments:
jvm_args: -Didea.launcher.port=7533 -Didea.launcher.bin.path=C:\Program Files (x86)\JetBrains\IntelliJ IDEA 15.0.2\bin -Dfile.encoding=UTF-8 
java_command: com.intellij.rt.execution.application.AppMain com.ai.AiProjectApplication --spring.output.ansi.enabled=always
java_class_path (initial): C:\Program Files\Java\jdk1.8.0_51\jre\lib\charsets.jar;C:\Program Files\Java\jdk1.8.0_51\jre\lib\deploy.jar;C:\Program Files\Java\jdk1.8.0_51\jre\lib\ext\access-bridge-64.jar;C:\Program Files\Java\jdk1.8.0_51\jre\lib\ext\cldrdata.jar;C:\Program Files\Java\jdk1.8.0_51\jre\lib\ext\dnsns.jar;C:\Program Files\Java\jdk1.8.0_51\jre\lib\ext\jaccess.jar;C:\Program Files\Java\jdk1.8.0_51\jre\lib\ext\jfxrt.jar;C:\Program Files\Java\jdk1.8.0_51\jre\lib\ext\localedata.jar;C:\Program Files\Java\jdk1.8.0_51\jre\lib\ext\nashorn.jar;C:\Program Files\Java\jdk1.8.0_51\jre\lib\ext\sunec.jar;C:\Program Files\Java\jdk1.8.0_51\jre\lib\ext\sunjce_provider.jar;C:\Program Files\Java\jdk1.8.0_51\jre\lib\ext\sunmscapi.jar;C:\Program Files\Java\jdk1.8.0_51\jre\lib\ext\sunpkcs11.jar;C:\Program Files\Java\jdk1.8.0_51\jre\lib\ext\zipfs.jar;C:\Program Files\Java\jdk1.8.0_51\jre\lib\javaws.jar;C:\Program Files\Java\jdk1.8.0_51\jre\lib\jce.jar;C:\Program Files\Java\jdk1.8.0_51\jre\lib\jfr.jar;C:\Program Files\Java\jdk1.8.0_51\jre\lib\jfxswt.jar;C:\Program Files\Java\jdk1.8.0_51\jre\lib\jsse.jar;C:\Program Files\Java\jdk1.8.0_51\jre\lib\management-agent.jar;C:\Program Files\Java\jdk1.8.0_51\jre\lib\plugin.jar;C:\Program Files\Java\jdk1.8.0_51\jre\lib\resources.jar;C:\Program Files\Java\jdk1.8.0_51\jre\lib\rt.jar;C:\Users\fdarmoch\IdeaProjects\Betting\build\classes\main;C:\Users\fdarmoch\IdeaProjects\Betting\build\resources\main;C:\Users\fdarmoch\.gradle\caches\modules-2\files-2.1\org.springframework.boot\spring-boot-starter-data-jpa\1.3.1.RELEASE\2ab6101dff6b2a35dd7ee5ed1b904af96504d3f1\spring-boot-starter-data-jpa-1.3.1.RELEASE.jar;C:\Users\fdarmoch\.gradle\caches\modules-2\files-2.1\org.springframework.boot\spring-boot-starter-jdbc\1.3.1.RELEASE\6fdd3124a3aa9eaa4d4ac0adde03c734676e40bd\spring-boot-starter-jdbc-1.3.1.RELEASE.jar;C:\Users\fdarmoch\.gradle\caches\modules-2\files-2.1\org.springframework.boot\spring-boot-starter-security\1.3.1.RELEASE\8a71c21b3d9ef6bdd80623b
Launcher Type: SUN_STANDARD

Environment Variables:
JAVA_HOME=C:\Program Files\Java\jdk1.8.0_40
PATH=C:\Program Files (x86)\Cuminas\Document Express DjVu Plug-in\;C:\Perl64\site\bin;C:\Perl64\bin;C:\ProgramData\Oracle\Java\javapath;C:\Program Files (x86)\PC Connectivity Solution\;C:\Windows\system32;C:\Windows;C:\Windows\System32\Wbem;C:\Windows\System32\WindowsPowerShell\v1.0\;C:\Program Files (x86)\Intel\OpenCL SDK\3.0\bin\x86;C:\Program Files (x86)\Intel\OpenCL SDK\3.0\bin\x64;C:\Program Files\Intel\WiFi\bin\;C:\Program Files\Common Files\Intel\WirelessCommon\;C:\Program Files\Microsoft SQL Server\110\Tools\Binn\;C:\Program Files\TortoiseSVN\bin;C:\Program Files\SlikSvn\bin;C:\Program Files\Microsoft SQL Server\Client SDK\ODBC\110\Tools\Binn\;C:\Program Files (x86)\Microsoft SQL Server\120\Tools\Binn\ManagementStudio\;C:\Program Files (x86)\Microsoft SQL Server\120\Tools\Binn\;C:\Program Files\Microsoft SQL Server\120\Tools\Binn\;C:\Program Files (x86)\Microsoft SQL Server\120\DTS\Binn\;C:\Program Files\Microsoft SQL Server\120\DTS\Binn\;C:\Program Files (x86)\Windows Kits\8.1\Windows Performance Toolkit\;C:\Program Files (x86)\Microsoft Visual Studio 12.0\Common7\IDE\PrivateAssemblies\;C:\Program Files\Microsoft\Web Platform Installer\;C:\Program Files (x86)\Microsoft ASP.NET\ASP.NET Web Pages\v1.0\;C:\Program Files (x86)\Microsoft SDKs\TypeScript\1.0\;C:\Program Files (x86)\Google\Google Apps Migration\;C:\Program Files (x86)\Skype\Phone\;C:\Users\fdarmoch\android-sdks;C:\Program Files\apache-maven-3.3.9-bin\apache-maven-3.3.9\bin;C:\Program Files\apache-ant-1.9.6\bin;C:\Program Files (x86)\Android\android-sdk\tools;C:\Program Files (x86)\Android\android-sdk\platform-tools; C:\Program Files\Git\bin
USERNAME=fdarmoch
OS=Windows_NT
PROCESSOR_IDENTIFIER=Intel64 Family 6 Model 60 Stepping 3, GenuineIntel



---------------  S Y S T E M  ---------------

OS: Windows 7 , 64 bit Build 7601 (6.1.7601.19110)

CPU:total 4 (2 cores per cpu, 2 threads per core) family 6 model 60 stepping 3, cmov, cx8, fxsr, mmx, sse, sse2, sse3, ssse3, sse4.1, sse4.2, popcnt, avx, avx2, aes, clmul, erms, lzcnt, ht, tsc, tscinvbit, bmi1, bmi2

Memory: 4k page, physical 8096200k(463424k free), swap 9219576k(4548k free)

vm_info: Java HotSpot(TM) 64-Bit Server VM (25.51-b03) for windows-amd64 JRE (1.8.0_51-b16), built on Jun  8 2015 18:03:07 by "java_re" with MS VC++ 10.0 (VS2010)

time: Mon Feb 01 15:22:03 2016
elapsed time: 15 seconds (0d 0h 0m 15s)

