#
# There is insufficient memory for the Java Runtime Environment to continue.
# Native memory allocation (malloc) failed to allocate 828576 bytes for Chunk::new
# Possible reasons:
#   The system is out of physical RAM or swap space
#   In 32 bit mode, the process size limit was hit
# Possible solutions:
#   Reduce memory load on the system
#   Increase physical memory or swap space
#   Check if swap backing store is full
#   Use 64 bit Java on a 64 bit OS
#   Decrease Java heap size (-Xmx/-Xms)
#   Decrease number of Java threads
#   Decrease Java thread stack sizes (-Xss)
#   Set larger code cache with -XX:ReservedCodeCacheSize=
# This output file may be truncated or incomplete.
#
#  Out of Memory Error (allocation.cpp:390), pid=13404, tid=15324
#
# JRE version: Java(TM) SE Runtime Environment (8.0_51-b16) (build 1.8.0_51-b16)
# Java VM: Java HotSpot(TM) 64-Bit Server VM (25.51-b03 mixed mode windows-amd64 compressed oops)
# Failed to write core dump. Minidumps are not enabled by default on client versions of Windows
#

---------------  T H R E A D  ---------------

Current thread (0x000000000984c800):  JavaThread "C2 CompilerThread1" daemon [_thread_in_native, id=15324, stack(0x0000000009ca0000,0x0000000009da0000)]

Stack: [0x0000000009ca0000,0x0000000009da0000]
[error occurred during error reporting (printing stack bounds), id 0xc0000005]

Native frames: (J=compiled Java code, j=interpreted, Vv=VM code, C=native code)
V  [jvm.dll+0x32b4ca]
V  [jvm.dll+0x2797e3]
V  [jvm.dll+0x27a479]
V  [jvm.dll+0x293446]
V  [jvm.dll+0x297d3c]
V  [jvm.dll+0x5ca9cf]
C  [msvcr100.dll+0x712e3]
V  [jvm.dll+0x5ca0cd]
C  [ntdll.dll+0x2905d]
C  [ntdll.dll+0x18c0f]
C  [ntdll.dll+0x4d948]
V  [jvm.dll+0x21bbc1]


Current CompileTask:
C2:   4420 1954       4       org.springframework.util.AntPathMatcher::doMatch (606 bytes)


---------------  P R O C E S S  ---------------

Java Threads: ( => current thread )
  0x000000000a671000 JavaThread "Monitor Ctrl-Break" daemon [_thread_in_native, id=14032, stack(0x000000000aed0000,0x000000000afd0000)]
  0x00000000098bc800 JavaThread "Service Thread" daemon [_thread_blocked, id=2428, stack(0x000000000a260000,0x000000000a360000)]
  0x000000000839c000 JavaThread "C1 CompilerThread2" daemon [_thread_blocked, id=10332, stack(0x000000000a090000,0x000000000a190000)]
=>0x000000000984c800 JavaThread "C2 CompilerThread1" daemon [_thread_in_native, id=15324, stack(0x0000000009ca0000,0x0000000009da0000)]
  0x0000000009845000 JavaThread "C2 CompilerThread0" daemon [_thread_in_native, id=16184, stack(0x0000000009f90000,0x000000000a090000)]
  0x0000000009843800 JavaThread "Attach Listener" daemon [_thread_blocked, id=13116, stack(0x0000000009dc0000,0x0000000009ec0000)]
  0x0000000009840800 JavaThread "Signal Dispatcher" daemon [_thread_blocked, id=16092, stack(0x00000000092d0000,0x00000000093d0000)]
  0x000000000833f800 JavaThread "Finalizer" daemon [_thread_blocked, id=14176, stack(0x0000000009740000,0x0000000009840000)]
  0x0000000008338800 JavaThread "Reference Handler" daemon [_thread_blocked, id=16196, stack(0x0000000009600000,0x0000000009700000)]
  0x000000000221f800 JavaThread "main" [_thread_in_Java, id=14832, stack(0x0000000002440000,0x0000000002540000)]

Other Threads:
  0x0000000008333000 VMThread [stack: 0x00000000093f0000,0x00000000094f0000] [id=15704]
  0x00000000098e1800 WatcherThread [stack: 0x000000000a460000,0x000000000a560000] [id=14568]

VM state:not at safepoint (normal execution)

VM Mutex/Monitor currently owned by a thread: None

Heap:
 PSYoungGen      total 68608K, used 37844K [0x00000000d6d00000, 0x00000000db500000, 0x0000000100000000)
  eden space 63488K, 51% used [0x00000000d6d00000,0x00000000d8cf8af8,0x00000000dab00000)
  from space 5120K, 99% used [0x00000000db000000,0x00000000db4fc7c8,0x00000000db500000)
  to   space 5120K, 0% used [0x00000000dab00000,0x00000000dab00000,0x00000000db000000)
 ParOldGen       total 84992K, used 13114K [0x0000000084600000, 0x0000000089900000, 0x00000000d6d00000)
  object space 84992K, 15% used [0x0000000084600000,0x00000000852ce8c8,0x0000000089900000)
 Metaspace       used 19673K, capacity 19892K, committed 20096K, reserved 1067008K
  class space    used 2358K, capacity 2419K, committed 2432K, reserved 1048576K

Card table byte_map: [0x0000000002bd0000,0x0000000002fb0000] byte_map_base: 0x00000000027ad000

Marking Bits: (ParMarkBitMap*) 0x0000000070b84040
 Begin Bits: [0x00000000037f0000, 0x00000000056d8000)
 End Bits:   [0x00000000056d8000, 0x00000000075c0000)

Polling page: 0x0000000000140000

CodeCache: size=245760Kb used=7471Kb max_used=7471Kb free=238288Kb
 bounds [0x000000000f010000, 0x000000000f770000, 0x000000001e010000]
 total_blobs=2296 nmethods=1936 adapters=272
 compilation: enabled

Compilation events (10 events):
Event: 4.388 Thread 0x000000000839c000 1963       2       java.util.jar.JarFile::<init> (12 bytes)
Event: 4.388 Thread 0x000000000839c000 nmethod 1963 0x000000000f74c250 code [0x000000000f74c3c0, 0x000000000f74c548]
Event: 4.388 Thread 0x000000000839c000 1964       2       java.util.zip.ZipFile::<init> (10 bytes)
Event: 4.388 Thread 0x000000000839c000 nmethod 1964 0x000000000f7543d0 code [0x000000000f754540, 0x000000000f7546c8]
Event: 4.400 Thread 0x000000000839c000 1965       2       java.util.Date::getCalendarSystem (31 bytes)
Event: 4.400 Thread 0x000000000839c000 nmethod 1965 0x000000000f750690 code [0x000000000f750820, 0x000000000f750c28]
Event: 4.401 Thread 0x000000000839c000 1966       2       java.util.Date::normalize (269 bytes)
Event: 4.403 Thread 0x000000000839c000 nmethod 1966 0x000000000f75c190 code [0x000000000f75c480, 0x000000000f75d698]
Event: 4.403 Thread 0x000000000839c000 1967       2       java.util.Date::getCalendarSystem (25 bytes)
Event: 4.403 Thread 0x000000000839c000 nmethod 1967 0x000000000f754050 code [0x000000000f7541a0, 0x000000000f754330]

GC Heap History (8 events):
Event: 1.121 GC heap before
{Heap before GC invocations=1 (full 0):
 PSYoungGen      total 36864K, used 31744K [0x00000000d6d00000, 0x00000000d9600000, 0x0000000100000000)
  eden space 31744K, 100% used [0x00000000d6d00000,0x00000000d8c00000,0x00000000d8c00000)
  from space 5120K, 0% used [0x00000000d9100000,0x00000000d9100000,0x00000000d9600000)
  to   space 5120K, 0% used [0x00000000d8c00000,0x00000000d8c00000,0x00000000d9100000)
 ParOldGen       total 84992K, used 0K [0x0000000084600000, 0x0000000089900000, 0x00000000d6d00000)
  object space 84992K, 0% used [0x0000000084600000,0x0000000084600000,0x0000000089900000)
 Metaspace       used 8026K, capacity 8174K, committed 8192K, reserved 1056768K
  class space    used 990K, capacity 1015K, committed 1024K, reserved 1048576K
Event: 1.147 GC heap after
Heap after GC invocations=1 (full 0):
 PSYoungGen      total 36864K, used 5106K [0x00000000d6d00000, 0x00000000db500000, 0x0000000100000000)
  eden space 31744K, 0% used [0x00000000d6d00000,0x00000000d6d00000,0x00000000d8c00000)
  from space 5120K, 99% used [0x00000000d8c00000,0x00000000d90fc860,0x00000000d9100000)
  to   space 5120K, 0% used [0x00000000db000000,0x00000000db000000,0x00000000db500000)
 ParOldGen       total 84992K, used 149K [0x0000000084600000, 0x0000000089900000, 0x00000000d6d00000)
  object space 84992K, 0% used [0x0000000084600000,0x0000000084625638,0x0000000089900000)
 Metaspace       used 8026K, capacity 8174K, committed 8192K, reserved 1056768K
  class space    used 990K, capacity 1015K, committed 1024K, reserved 1048576K
}
Event: 1.669 GC heap before
{Heap before GC invocations=2 (full 0):
 PSYoungGen      total 36864K, used 36850K [0x00000000d6d00000, 0x00000000db500000, 0x0000000100000000)
  eden space 31744K, 100% used [0x00000000d6d00000,0x00000000d8c00000,0x00000000d8c00000)
  from space 5120K, 99% used [0x00000000d8c00000,0x00000000d90fc860,0x00000000d9100000)
  to   space 5120K, 0% used [0x00000000db000000,0x00000000db000000,0x00000000db500000)
 ParOldGen       total 84992K, used 149K [0x0000000084600000, 0x0000000089900000, 0x00000000d6d00000)
  object space 84992K, 0% used [0x0000000084600000,0x0000000084625638,0x0000000089900000)
 Metaspace       used 11784K, capacity 11886K, committed 12032K, reserved 1060864K
  class space    used 1434K, capacity 1463K, committed 1536K, reserved 1048576K
Event: 1.747 GC heap after
Heap after GC invocations=2 (full 0):
 PSYoungGen      total 68608K, used 5103K [0x00000000d6d00000, 0x00000000db500000, 0x0000000100000000)
  eden space 63488K, 0% used [0x00000000d6d00000,0x00000000d6d00000,0x00000000dab00000)
  from space 5120K, 99% used [0x00000000db000000,0x00000000db4fbe40,0x00000000db500000)
  to   space 5120K, 0% used [0x00000000dab00000,0x00000000dab00000,0x00000000db000000)
 ParOldGen       total 84992K, used 3695K [0x0000000084600000, 0x0000000089900000, 0x00000000d6d00000)
  object space 84992K, 4% used [0x0000000084600000,0x000000008499bdf0,0x0000000089900000)
 Metaspace       used 11784K, capacity 11886K, committed 12032K, reserved 1060864K
  class space    used 1434K, capacity 1463K, committed 1536K, reserved 1048576K
}
Event: 3.614 GC heap before
{Heap before GC invocations=3 (full 0):
 PSYoungGen      total 68608K, used 68591K [0x00000000d6d00000, 0x00000000db500000, 0x0000000100000000)
  eden space 63488K, 100% used [0x00000000d6d00000,0x00000000dab00000,0x00000000dab00000)
  from space 5120K, 99% used [0x00000000db000000,0x00000000db4fbe40,0x00000000db500000)
  to   space 5120K, 0% used [0x00000000dab00000,0x00000000dab00000,0x00000000db000000)
 ParOldGen       total 84992K, used 3695K [0x0000000084600000, 0x0000000089900000, 0x00000000d6d00000)
  object space 84992K, 4% used [0x0000000084600000,0x000000008499bdf0,0x0000000089900000)
 Metaspace       used 19124K, capacity 19336K, committed 19584K, reserved 1067008K
  class space    used 2315K, capacity 2385K, committed 2432K, reserved 1048576K
Event: 3.662 GC heap after
Heap after GC invocations=3 (full 0):
 PSYoungGen      total 68608K, used 5118K [0x00000000d6d00000, 0x00000000db500000, 0x0000000100000000)
  eden space 63488K, 0% used [0x00000000d6d00000,0x00000000d6d00000,0x00000000dab00000)
  from space 5120K, 99% used [0x00000000dab00000,0x00000000dafffa68,0x00000000db000000)
  to   space 5120K, 0% used [0x00000000db000000,0x00000000db000000,0x00000000db500000)
 ParOldGen       total 84992K, used 10948K [0x0000000084600000, 0x0000000089900000, 0x00000000d6d00000)
  object space 84992K, 12% used [0x0000000084600000,0x00000000850b1378,0x0000000089900000)
 Metaspace       used 19124K, capacity 19336K, committed 19584K, reserved 1067008K
  class space    used 2315K, capacity 2385K, committed 2432K, reserved 1048576K
}
Event: 4.258 GC heap before
{Heap before GC invocations=4 (full 0):
 PSYoungGen      total 68608K, used 68606K [0x00000000d6d00000, 0x00000000db500000, 0x0000000100000000)
  eden space 63488K, 100% used [0x00000000d6d00000,0x00000000dab00000,0x00000000dab00000)
  from space 5120K, 99% used [0x00000000dab00000,0x00000000dafffa68,0x00000000db000000)
  to   space 5120K, 0% used [0x00000000db000000,0x00000000db000000,0x00000000db500000)
 ParOldGen       total 84992K, used 10948K [0x0000000084600000, 0x0000000089900000, 0x00000000d6d00000)
  object space 84992K, 12% used [0x0000000084600000,0x00000000850b1378,0x0000000089900000)
 Metaspace       used 19669K, capacity 19892K, committed 20096K, reserved 1067008K
  class space    used 2358K, capacity 2419K, committed 2432K, reserved 1048576K
Event: 4.296 GC heap after
Heap after GC invocations=4 (full 0):
 PSYoungGen      total 68608K, used 5105K [0x00000000d6d00000, 0x00000000db500000, 0x0000000100000000)
  eden space 63488K, 0% used [0x00000000d6d00000,0x00000000d6d00000,0x00000000dab00000)
  from space 5120K, 99% used [0x00000000db000000,0x00000000db4fc7c8,0x00000000db500000)
  to   space 5120K, 0% used [0x00000000dab00000,0x00000000dab00000,0x00000000db000000)
 ParOldGen       total 84992K, used 13114K [0x0000000084600000, 0x0000000089900000, 0x00000000d6d00000)
  object space 84992K, 15% used [0x0000000084600000,0x00000000852ce8c8,0x0000000089900000)
 Metaspace       used 19669K, capacity 19892K, committed 20096K, reserved 1067008K
  class space    used 2358K, capacity 2419K, committed 2432K, reserved 1048576K
}

Deoptimization events (10 events):
Event: 3.236 Thread 0x000000000221f800 Uncommon trap: reason=bimorphic action=maybe_recompile pc=0x000000000f351368 method=java.util.HashMap.putVal(ILjava/lang/Object;Ljava/lang/Object;ZZ)Ljava/lang/Object; @ 253
Event: 3.360 Thread 0x000000000221f800 Uncommon trap: reason=unstable_if action=reinterpret pc=0x000000000f2398c0 method=java.io.WinNTFileSystem.normalize(Ljava/lang/String;)Ljava/lang/String; @ 128
Event: 3.365 Thread 0x000000000221f800 Uncommon trap: reason=bimorphic action=maybe_recompile pc=0x000000000f38a1a0 method=java.util.regex.Pattern$BmpCharProperty.match(Ljava/util/regex/Matcher;ILjava/lang/CharSequence;)Z @ 31
Event: 4.021 Thread 0x000000000221f800 Uncommon trap: reason=unstable_if action=reinterpret pc=0x000000000f1eb718 method=java.util.zip.ZipCoder.getBytes(Ljava/lang/String;)[B @ 32
Event: 4.021 Thread 0x000000000221f800 Uncommon trap: reason=unstable_if action=reinterpret pc=0x000000000f2243d8 method=java.util.zip.ZipCoder.getBytes(Ljava/lang/String;)[B @ 32
Event: 4.021 Thread 0x000000000221f800 Uncommon trap: reason=unstable_if action=reinterpret pc=0x000000000f4b8020 method=java.net.URLStreamHandler.parseURL(Ljava/net/URL;Ljava/lang/String;II)V @ 57
Event: 4.027 Thread 0x000000000221f800 Uncommon trap: reason=unstable_if action=reinterpret pc=0x000000000f26a69c method=java.lang.AbstractStringBuilder.append(Ljava/lang/String;)Ljava/lang/AbstractStringBuilder; @ 1
Event: 4.027 Thread 0x000000000221f800 Uncommon trap: reason=unstable_if action=reinterpret pc=0x000000000f206508 method=java.lang.AbstractStringBuilder.append(Ljava/lang/String;)Ljava/lang/AbstractStringBuilder; @ 1
Event: 4.140 Thread 0x000000000221f800 Uncommon trap: reason=bimorphic action=maybe_recompile pc=0x000000000f38a1a0 method=java.util.regex.Pattern$BmpCharProperty.match(Ljava/util/regex/Matcher;ILjava/lang/CharSequence;)Z @ 31
Event: 4.399 Thread 0x000000000221f800 Uncommon trap: reason=unstable_if action=reinterpret pc=0x000000000f7604cc method=sun.util.calendar.BaseCalendar.getFixedDate(IIILsun/util/calendar/BaseCalendar$Date;)J @ 7

Internal exceptions (10 events):
Event: 2.994 Thread 0x000000000221f800 Exception <a 'java/lang/ClassNotFoundException': java/lang/ObjectBeanInfo> (0x00000000d9955450) thrown at [C:\re\workspace\8-2-build-windows-amd64-cygwin\jdk8u51\3951\hotspot\src\share\vm\classfile\systemDictionary.cpp, line 210]
Event: 2.994 Thread 0x000000000221f800 Exception <a 'java/lang/ClassNotFoundException': java/lang/ObjectCustomizer> (0x00000000d995cd68) thrown at [C:\re\workspace\8-2-build-windows-amd64-cygwin\jdk8u51\3951\hotspot\src\share\vm\classfile\systemDictionary.cpp, line 210]
Event: 2.995 Thread 0x000000000221f800 Exception <a 'java/lang/ClassNotFoundException': groovy/lang/MetaClassImplCustomizer> (0x00000000d9972ff8) thrown at [C:\re\workspace\8-2-build-windows-amd64-cygwin\jdk8u51\3951\hotspot\src\share\vm\classfile\systemDictionary.cpp, line 210]
Event: 3.004 Thread 0x000000000221f800 Exception <a 'java/lang/ClassNotFoundException': groovy/lang/ExpandoMetaClassCustomizer> (0x00000000d99aca78) thrown at [C:\re\workspace\8-2-build-windows-amd64-cygwin\jdk8u51\3951\hotspot\src\share\vm\classfile\systemDictionary.cpp, line 210]
Event: 3.158 Thread 0x000000000221f800 Exception <a 'java/lang/ClassNotFoundException': org/springframework/beans/factory/groovy/GroovyBeanDefinitionReaderBeanInfo> (0x00000000d9a96ac8) thrown at [C:\re\workspace\8-2-build-windows-amd64-cygwin\jdk8u51\3951\hotspot\src\share\vm\classfile\systemDG:ÄÁ&E	@
Event: 3.159 Thread 0x000000000221f800 Exception <a 'java/lang/ClassNotFoundException': org/springframework/beans/factory/support/AbstractBeanDefinitionReaderBeanInfo> (0x00000000d9ab4f58) thrown at [C:\re\workspace\8-2-build-windows-amd64-cygwin\jdk8u51\3951\hotspot\src\share\vm\classfile\systÎ•F'2F	@
Event: 3.159 Thread 0x000000000221f800 Exception <a 'java/lang/ClassNotFoundException': org/springframework/beans/factory/support/AbstractBeanDefinitionReaderCustomizer> (0x00000000d9ad4108) thrown at [C:\re\workspace\8-2-build-windows-amd64-cygwin\jdk8u51\3951\hotspot\src\share\vm\classfile\syOŸÖí¾I	@
Event: 3.161 Thread 0x000000000221f800 Exception <a 'java/lang/ClassNotFoundException': org/springframework/beans/factory/groovy/GroovyBeanDefinitionReaderCustomizer> (0x00000000d9b06b08) thrown at [C:\re\workspace\8-2-build-windows-amd64-cygwin\jdk8u51\3951\hotspot\src\share\vm\classfile\syste¶BFå’@
Event: 4.027 Thread 0x000000000221f800 Implicit null exception at 0x000000000f26a346 to 0x000000000f26a685
Event: 4.027 Thread 0x000000000221f800 Implicit null exception at 0x000000000f2061c6 to 0x000000000f2064f1

Events (10 events):
Event: 4.176 Thread 0x000000000221f800 DEOPT UNPACKING pc=0x000000000f05787f sp=0x000000000253d7e0 mode 0
Event: 4.177 Thread 0x000000000221f800 DEOPT PACKING pc=0x000000000f1fd06a sp=0x000000000253d960
Event: 4.177 Thread 0x000000000221f800 DEOPT UNPACKING pc=0x000000000f05787f sp=0x000000000253d7e0 mode 0
Event: 4.256 Executing VM operation: EnableBiasedLocking
Event: 4.256 Executing VM operation: EnableBiasedLocking done
Event: 4.258 Executing VM operation: ParallelGCFailedAllocation
Event: 4.296 Executing VM operation: ParallelGCFailedAllocation done
Event: 4.399 Thread 0x000000000221f800 Uncommon trap: trap_request=0xffffff65 fr.pc=0x000000000f7604cc
Event: 4.399 Thread 0x000000000221f800 DEOPT PACKING pc=0x000000000f7604cc sp=0x000000000253d9f0
Event: 4.399 Thread 0x000000000221f800 DEOPT UNPACKING pc=0x000000000f05582a sp=0x000000000253d7f8 mode 2


Dynamic libraries:
0x000000013f9c0000 - 0x000000013f9f7000 	C:\Program Files\Java\jdk1.8.0_51\bin\java.exe
0x0000000076d70000 - 0x0000000076f19000 	C:\Windows\SYSTEM32\ntdll.dll
0x0000000076b50000 - 0x0000000076c6f000 	C:\Windows\system32\kernel32.dll
0x000007fefcc40000 - 0x000007fefccac000 	C:\Windows\system32\KERNELBASE.dll
0x000007fefefa0000 - 0x000007feff07b000 	C:\Windows\system32\ADVAPI32.dll
0x000007fefea20000 - 0x000007fefeabf000 	C:\Windows\system32\msvcrt.dll
0x000007fefeac0000 - 0x000007fefeadf000 	C:\Windows\SYSTEM32\sechost.dll
0x000007fefe8c0000 - 0x000007fefe9ed000 	C:\Windows\system32\RPCRT4.dll
0x0000000076c70000 - 0x0000000076d6a000 	C:\Windows\system32\USER32.dll
0x000007fefe560000 - 0x000007fefe5c7000 	C:\Windows\system32\GDI32.dll
0x000007fefe5d0000 - 0x000007fefe5de000 	C:\Windows\system32\LPK.dll
0x000007fefd060000 - 0x000007fefd12a000 	C:\Windows\system32\USP10.dll
0x000007fefb020000 - 0x000007fefb214000 	C:\Windows\WinSxS\amd64_microsoft.windows.common-controls_6595b64144ccf1df_6.0.7601.18837_none_fa3b1e3d17594757\COMCTL32.dll
0x000007fefcfe0000 - 0x000007fefd051000 	C:\Windows\system32\SHLWAPI.dll
0x000007fefe9f0000 - 0x000007fefea1e000 	C:\Windows\system32\IMM32.DLL
0x000007fefced0000 - 0x000007fefcfd9000 	C:\Windows\system32\MSCTF.dll
0x000007fefca40000 - 0x000007fefca71000 	C:\Windows\system32\nvinitx.dll
0x000000000f000000 - 0x000000000f006000 	C:\Program Files\NVIDIA Corporation\CoProcManager\detoured.dll
0x000007fef9a10000 - 0x000007fef9a42000 	C:\Program Files\NVIDIA Corporation\CoProcManager\nvd3d9wrapx.dll
0x000007fefeb00000 - 0x000007fefecd7000 	C:\Windows\system32\SETUPAPI.dll
0x000007fefcb50000 - 0x000007fefcb86000 	C:\Windows\system32\CFGMGR32.dll
0x000007fefd400000 - 0x000007fefd4d7000 	C:\Windows\system32\OLEAUT32.dll
0x000007fefd4e0000 - 0x000007fefd6e3000 	C:\Windows\system32\ole32.dll
0x000007fefccc0000 - 0x000007fefccda000 	C:\Windows\system32\DEVOBJ.dll
0x000007fef99b0000 - 0x000007fef99d2000 	C:\Program Files\NVIDIA Corporation\CoProcManager\nvdxgiwrapx.dll
0x0000000079710000 - 0x00000000797e2000 	C:\Program Files\Java\jdk1.8.0_51\jre\bin\msvcr100.dll
0x0000000070380000 - 0x0000000070c03000 	C:\Program Files\Java\jdk1.8.0_51\jre\bin\server\jvm.dll
0x000007fef6600000 - 0x000007fef6609000 	C:\Windows\system32\WSOCK32.dll
0x000007fefef50000 - 0x000007fefef9d000 	C:\Windows\system32\WS2_32.dll
0x000007fefe5e0000 - 0x000007fefe5e8000 	C:\Windows\system32\NSI.dll
0x000007fefa8a0000 - 0x000007fefa8db000 	C:\Windows\system32\WINMM.dll
0x000007fefbb90000 - 0x000007fefbb9c000 	C:\Windows\system32\VERSION.dll
0x0000000076f30000 - 0x0000000076f37000 	C:\Windows\system32\PSAPI.DLL
0x0000000000130000 - 0x000000000013f000 	C:\Program Files\Java\jdk1.8.0_51\jre\bin\verify.dll
0x000000006d690000 - 0x000000006d6b9000 	C:\Program Files\Java\jdk1.8.0_51\jre\bin\java.dll
0x0000000000390000 - 0x00000000003a6000 	C:\Program Files\Java\jdk1.8.0_51\jre\bin\zip.dll
0x000007fefd750000 - 0x000007fefe4d9000 	C:\Windows\system32\SHELL32.dll
0x000007fefcb20000 - 0x000007fefcb2f000 	C:\Windows\system32\profapi.dll
0x000007fefb610000 - 0x000007fefb620000 	C:\Program Files (x86)\JetBrains\IntelliJ IDEA 15.0.2\bin\breakgen64.dll
0x000000006fcf0000 - 0x000000006fd0a000 	C:\Program Files\Java\jdk1.8.0_51\jre\bin\net.dll
0x000007fefc290000 - 0x000007fefc2e5000 	C:\Windows\system32\mswsock.dll
0x000007fefc280000 - 0x000007fefc287000 	C:\Windows\System32\wship6.dll
0x000000006f250000 - 0x000000006f25d000 	C:\Program Files\Java\jdk1.8.0_51\jre\bin\management.dll
0x000007fefa8e0000 - 0x000007fefa8f5000 	C:\Windows\system32\NLAapi.dll
0x000007fef4be0000 - 0x000007fef4bf5000 	C:\Windows\system32\napinsp.dll
0x000007fef4c00000 - 0x000007fef4c19000 	C:\Windows\system32\pnrpnsp.dll
0x000007fefc110000 - 0x000007fefc16b000 	C:\Windows\system32\DNSAPI.dll
0x000007fef4ad0000 - 0x000007fef4adb000 	C:\Windows\System32\winrnr.dll
0x000007fef4ab0000 - 0x000007fef4ac0000 	C:\Windows\system32\wshbth.dll
0x000000006e620000 - 0x000000006e646000 	C:\Program Files\Bonjour\mdnsNSP.dll
0x000007fef8d30000 - 0x000007fef8d57000 	C:\Windows\system32\Iphlpapi.DLL
0x000007fef8d10000 - 0x000007fef8d1b000 	C:\Windows\system32\WINNSI.DLL
0x000007fefbc60000 - 0x000007fefbc67000 	C:\Windows\System32\wshtcpip.dll
0x000007fef4b70000 - 0x000007fef4b78000 	C:\Windows\system32\rasadhlp.dll
0x000007fef8bc0000 - 0x000007fef8c13000 	C:\Windows\System32\fwpuclnt.dll
0x0000000000410000 - 0x0000000000421000 	C:\Program Files\Java\jdk1.8.0_51\jre\bin\nio.dll
0x000007fee4b00000 - 0x000007fee4c25000 	C:\Windows\system32\dbghelp.dll

VM Arguments:
jvm_args: -Didea.launcher.port=7535 -Didea.launcher.bin.path=C:\Program Files (x86)\JetBrains\IntelliJ IDEA 15.0.2\bin -Dfile.encoding=UTF-8 
java_command: com.intellij.rt.execution.application.AppMain com.ai.AiProjectApplication --spring.output.ansi.enabled=always
java_class_path (initial): C:\Program Files\Java\jdk1.8.0_51\jre\lib\charsets.jar;C:\Program Files\Java\jdk1.8.0_51\jre\lib\deploy.jar;C:\Program Files\Java\jdk1.8.0_51\jre\lib\ext\access-bridge-64.jar;C:\Program Files\Java\jdk1.8.0_51\jre\lib\ext\cldrdata.jar;C:\Program Files\Java\jdk1.8.0_51\jre\lib\ext\dnsns.jar;C:\Program Files\Java\jdk1.8.0_51\jre\lib\ext\jaccess.jar;C:\Program Files\Java\jdk1.8.0_51\jre\lib\ext\jfxrt.jar;C:\Program Files\Java\jdk1.8.0_51\jre\lib\ext\localedata.jar;C:\Program Files\Java\jdk1.8.0_51\jre\lib\ext\nashorn.jar;C:\Program Files\Java\jdk1.8.0_51\jre\lib\ext\sunec.jar;C:\Program Files\Java\jdk1.8.0_51\jre\lib\ext\sunjce_provider.jar;C:\Program Files\Java\jdk1.8.0_51\jre\lib\ext\sunmscapi.jar;C:\Program Files\Java\jdk1.8.0_51\jre\lib\ext\sunpkcs11.jar;C:\Program Files\Java\jdk1.8.0_51\jre\lib\ext\zipfs.jar;C:\Program Files\Java\jdk1.8.0_51\jre\lib\javaws.jar;C:\Program Files\Java\jdk1.8.0_51\jre\lib\jce.jar;C:\Program Files\Java\jdk1.8.0_51\jre\lib\jfr.jar;C:\Program Files\Java\jdk1.8.0_51\jre\lib\jfxswt.jar;C:\Program Files\Java\jdk1.8.0_51\jre\lib\jsse.jar;C:\Program Files\Java\jdk1.8.0_51\jre\lib\management-agent.jar;C:\Program Files\Java\jdk1.8.0_51\jre\lib\plugin.jar;C:\Program Files\Java\jdk1.8.0_51\jre\lib\resources.jar;C:\Program Files\Java\jdk1.8.0_51\jre\lib\rt.jar;C:\Users\fdarmoch\IdeaProjects\Betting\build\classes\main;C:\Users\fdarmoch\IdeaProjects\Betting\build\resources\main;C:\Users\fdarmoch\.gradle\caches\modules-2\files-2.1\org.springframework.boot\spring-boot-starter-data-jpa\1.3.1.RELEASE\2ab6101dff6b2a35dd7ee5ed1b904af96504d3f1\spring-boot-starter-data-jpa-1.3.1.RELEASE.jar;C:\Users\fdarmoch\.gradle\caches\modules-2\files-2.1\org.springframework.boot\spring-boot-starter-jdbc\1.3.1.RELEASE\6fdd3124a3aa9eaa4d4ac0adde03c734676e40bd\spring-boot-starter-jdbc-1.3.1.RELEASE.jar;C:\Users\fdarmoch\.gradle\caches\modules-2\files-2.1\org.springframework.boot\spring-boot-starter-security\1.3.1.RELEASE\8a71c21b3d9ef6bdd80623b
Launcher Type: SUN_STANDARD

Environment Variables:
JAVA_HOME=C:\Program Files\Java\jdk1.8.0_40
PATH=C:\Program Files (x86)\Cuminas\Document Express DjVu Plug-in\;C:\Perl64\site\bin;C:\Perl64\bin;C:\ProgramData\Oracle\Java\javapath;C:\Program Files (x86)\PC Connectivity Solution\;C:\Windows\system32;C:\Windows;C:\Windows\System32\Wbem;C:\Windows\System32\WindowsPowerShell\v1.0\;C:\Program Files (x86)\Intel\OpenCL SDK\3.0\bin\x86;C:\Program Files (x86)\Intel\OpenCL SDK\3.0\bin\x64;C:\Program Files\Intel\WiFi\bin\;C:\Program Files\Common Files\Intel\WirelessCommon\;C:\Program Files\Microsoft SQL Server\110\Tools\Binn\;C:\Program Files\TortoiseSVN\bin;C:\Program Files\SlikSvn\bin;C:\Program Files\Microsoft SQL Server\Client SDK\ODBC\110\Tools\Binn\;C:\Program Files (x86)\Microsoft SQL Server\120\Tools\Binn\ManagementStudio\;C:\Program Files (x86)\Microsoft SQL Server\120\Tools\Binn\;C:\Program Files\Microsoft SQL Server\120\Tools\Binn\;C:\Program Files (x86)\Microsoft SQL Server\120\DTS\Binn\;C:\Program Files\Microsoft SQL Server\120\DTS\Binn\;C:\Program Files (x86)\Windows Kits\8.1\Windows Performance Toolkit\;C:\Program Files (x86)\Microsoft Visual Studio 12.0\Common7\IDE\PrivateAssemblies\;C:\Program Files\Microsoft\Web Platform Installer\;C:\Program Files (x86)\Microsoft ASP.NET\ASP.NET Web Pages\v1.0\;C:\Program Files (x86)\Microsoft SDKs\TypeScript\1.0\;C:\Program Files (x86)\Google\Google Apps Migration\;C:\Program Files (x86)\Skype\Phone\;C:\Users\fdarmoch\android-sdks;C:\Program Files\apache-maven-3.3.9-bin\apache-maven-3.3.9\bin;C:\Program Files\apache-ant-1.9.6\bin;C:\Program Files (x86)\Android\android-sdk\tools;C:\Program Files (x86)\Android\android-sdk\platform-tools; C:\Program Files\Git\bin
USERNAME=fdarmoch
OS=Windows_NT
PROCESSOR_IDENTIFIER=Intel64 Family 6 Model 60 Stepping 3, GenuineIntel



---------------  S Y S T E M  ---------------

OS: Windows 7 , 64 bit Build 7601 (6.1.7601.19110)

CPU:total 4 (2 cores per cpu, 2 threads per core) family 6 model 60 stepping 3, cmov, cx8, fxsr, mmx, sse, sse2, sse3, ssse3, sse4.1, sse4.2, popcnt, avx, avx2, aes, clmul, erms, lzcnt, ht, tsc, tscinvbit, bmi1, bmi2

Memory: 4k page, physical 8096200k(341536k free), swap 11572260k(12292k free)

vm_info: Java HotSpot(TM) 64-Bit Server VM (25.51-b03) for windows-amd64 JRE (1.8.0_51-b16), built on Jun  8 2015 18:03:07 by "java_re" with MS VC++ 10.0 (VS2010)

time: Thu Feb 04 12:37:03 2016
elapsed time: 4 seconds (0d 0h 0m 4s)

