#
# There is insufficient memory for the Java Runtime Environment to continue.
# Native memory allocation (malloc) failed to allocate 1930656 bytes for Chunk::new
# Possible reasons:
#   The system is out of physical RAM or swap space
#   In 32 bit mode, the process size limit was hit
# Possible solutions:
#   Reduce memory load on the system
#   Increase physical memory or swap space
#   Check if swap backing store is full
#   Use 64 bit Java on a 64 bit OS
#   Decrease Java heap size (-Xmx/-Xms)
#   Decrease number of Java threads
#   Decrease Java thread stack sizes (-Xss)
#   Set larger code cache with -XX:ReservedCodeCacheSize=
# This output file may be truncated or incomplete.
#
#  Out of Memory Error (allocation.cpp:390), pid=12964, tid=7140
#
# JRE version: Java(TM) SE Runtime Environment (8.0_51-b16) (build 1.8.0_51-b16)
# Java VM: Java HotSpot(TM) 64-Bit Server VM (25.51-b03 mixed mode windows-amd64 compressed oops)
# Failed to write core dump. Minidumps are not enabled by default on client versions of Windows
#

---------------  T H R E A D  ---------------

Current thread (0x00000000095b2000):  JavaThread "C2 CompilerThread1" daemon [_thread_in_native, id=7140, stack(0x0000000009b90000,0x0000000009c90000)]

Stack: [0x0000000009b90000,0x0000000009c90000]
Native frames: (J=compiled Java code, j=interpreted, Vv=VM code, C=native code)
V  [jvm.dll+0x32b4ca]
V  [jvm.dll+0x2797e3]
V  [jvm.dll+0x27a479]
V  [jvm.dll+0x271765]
V  [jvm.dll+0xcba02]
V  [jvm.dll+0xcbecc]
V  [jvm.dll+0x476f72]
V  [jvm.dll+0x4b95ff]
V  [jvm.dll+0x46c011]
V  [jvm.dll+0x46cd4e]
V  [jvm.dll+0x4501a2]
V  [jvm.dll+0xa43a2]
V  [jvm.dll+0xa4cdf]
V  [jvm.dll+0x2418a4]
V  [jvm.dll+0x29846a]
C  [msvcr100.dll+0x21d9f]
C  [msvcr100.dll+0x21e3b]
C  [kernel32.dll+0x159ed]
C  [ntdll.dll+0x2b371]


Current CompileTask:
C2:  12649 4403   !   4       org.springframework.util.ClassUtils::getMostSpecificMethod (76 bytes)


---------------  P R O C E S S  ---------------

Java Threads: ( => current thread )
  0x000000000d864800 JavaThread "container-0" [_thread_blocked, id=5032, stack(0x0000000061310000,0x0000000061410000)]
  0x000000000d6fa000 JavaThread "ContainerBackgroundProcessor[StandardEngine[Tomcat].StandardHost[localhost].StandardContext[]]" daemon [_thread_blocked, id=3892, stack(0x0000000061c20000,0x0000000061d20000)]
  0x000000000db2d000 JavaThread "Abandoned connection cleanup thread" daemon [_thread_blocked, id=12156, stack(0x000000000be80000,0x000000000bf80000)]
  0x000000000e00f000 JavaThread "Tomcat JDBC Pool Cleaner[793589513:1455927558745]" daemon [_thread_blocked, id=5468, stack(0x000000005f910000,0x000000005fa10000)]
  0x000000000dd49800 JavaThread "localhost-startStop-1" daemon [_thread_blocked, id=13236, stack(0x000000000c680000,0x000000000c780000)]
  0x000000000e8fe000 JavaThread "Tomcat-startStop-1" daemon [_thread_blocked, id=10552, stack(0x000000000c230000,0x000000000c330000)]
  0x000000000a432800 JavaThread "Monitor Ctrl-Break" daemon [_thread_in_native, id=13140, stack(0x000000000ada0000,0x000000000aea0000)]
  0x0000000009624800 JavaThread "Service Thread" daemon [_thread_blocked, id=10356, stack(0x0000000009e60000,0x0000000009f60000)]
  0x00000000095c8000 JavaThread "C1 CompilerThread2" daemon [_thread_blocked, id=13048, stack(0x0000000009fa0000,0x000000000a0a0000)]
=>0x00000000095b2000 JavaThread "C2 CompilerThread1" daemon [_thread_in_native, id=7140, stack(0x0000000009b90000,0x0000000009c90000)]
  0x00000000095a2800 JavaThread "C2 CompilerThread0" daemon [_thread_in_native, id=10964, stack(0x0000000009d40000,0x0000000009e40000)]
  0x0000000007fbf000 JavaThread "Attach Listener" daemon [_thread_blocked, id=1624, stack(0x0000000009170000,0x0000000009270000)]
  0x0000000007fbe000 JavaThread "Signal Dispatcher" daemon [_thread_blocked, id=10884, stack(0x0000000009a60000,0x0000000009b60000)]
  0x0000000007f62800 JavaThread "Finalizer" daemon [_thread_blocked, id=6408, stack(0x00000000094a0000,0x00000000095a0000)]
  0x0000000007f5c000 JavaThread "Reference Handler" daemon [_thread_blocked, id=12980, stack(0x00000000092e0000,0x00000000093e0000)]
  0x0000000001dff800 JavaThread "main" [_thread_in_native, id=13000, stack(0x00000000021f0000,0x00000000022f0000)]

Other Threads:
  0x0000000007f56800 VMThread [stack: 0x0000000009070000,0x0000000009170000] [id=13024]
  0x0000000009651800 WatcherThread [stack: 0x000000000a1d0000,0x000000000a2d0000] [id=12028]

VM state:not at safepoint (normal execution)

VM Mutex/Monitor currently owned by a thread: None

Heap:
 PSYoungGen      total 162304K, used 125269K [0x00000000d6d00000, 0x00000000e1b00000, 0x0000000100000000)
  eden space 150016K, 83% used [0x00000000d6d00000,0x00000000de7554e8,0x00000000dff80000)
  from space 12288K, 0% used [0x00000000e0d00000,0x00000000e0d00000,0x00000000e1900000)
  to   space 13824K, 0% used [0x00000000dff80000,0x00000000dff80000,0x00000000e0d00000)
 ParOldGen       total 116736K, used 23641K [0x0000000084600000, 0x000000008b800000, 0x00000000d6d00000)
  object space 116736K, 20% used [0x0000000084600000,0x0000000085d16768,0x000000008b800000)
 Metaspace       used 44539K, capacity 44896K, committed 45312K, reserved 1089536K
  class space    used 5718K, capacity 5811K, committed 5888K, reserved 1048576K

Card table byte_map: [0x0000000002980000,0x0000000002d60000] byte_map_base: 0x000000000255d000

Marking Bits: (ParMarkBitMap*) 0x000000006ff24040
 Begin Bits: [0x0000000003410000, 0x00000000052f8000)
 End Bits:   [0x00000000052f8000, 0x00000000071e0000)

Polling page: 0x0000000000230000

CodeCache: size=245760Kb used=13481Kb max_used=13563Kb free=232278Kb
 bounds [0x000000000f010000, 0x000000000fd60000, 0x000000001e010000]
 total_blobs=4377 nmethods=3867 adapters=421
 compilation: enabled

Compilation events (10 events):
Event: 12.559 Thread 0x00000000095c8000 nmethod 4543 0x000000000fd39990 code [0x000000000fd39b20, 0x000000000fd39f38]
Event: 12.560 Thread 0x00000000095c8000 4544       3       java.util.Arrays$ArrayList::indexOf (62 bytes)
Event: 12.561 Thread 0x00000000095c8000 nmethod 4544 0x000000000fd3e790 code [0x000000000fd3e920, 0x000000000fd3eda8]
Event: 12.562 Thread 0x00000000095c8000 4546   !   3       com.sun.proxy.$Proxy11::equals (39 bytes)
Event: 12.562 Thread 0x00000000095c8000 nmethod 4546 0x000000000fd3dc90 code [0x000000000fd3de40, 0x000000000fd3e498]
Event: 12.584 Thread 0x00000000095c8000 4549       3       org.springframework.beans.factory.support.AbstractAutowireCapableBeanFactory::applyBeanPostProcessorsBeforeInitialization (56 bytes)
Event: 12.585 Thread 0x00000000095c8000 nmethod 4549 0x000000000fd3d1d0 code [0x000000000fd3d380, 0x000000000fd3da78]
Event: 12.606 Thread 0x00000000095c8000 4550       3       org.springframework.asm.Frame::execute (2252 bytes)
Event: 12.611 Thread 0x00000000095c8000 nmethod 4550 0x000000000fd4b910 code [0x000000000fd4c660, 0x000000000fd51b28]
Event: 12.612 Thread 0x00000000095c8000 4551       3       org.springframework.asm.Frame::merge (306 bytes)

GC Heap History (10 events):
Event: 5.129 GC heap before
{Heap before GC invocations=8 (full 1):
 PSYoungGen      total 137216K, used 8460K [0x00000000d6d00000, 0x00000000dfd00000, 0x0000000100000000)
  eden space 126976K, 0% used [0x00000000d6d00000,0x00000000d6d00000,0x00000000de900000)
  from space 10240K, 82% used [0x00000000de900000,0x00000000df1433c0,0x00000000df300000)
  to   space 9728K, 0% used [0x00000000df380000,0x00000000df380000,0x00000000dfd00000)
 ParOldGen       total 84992K, used 15151K [0x0000000084600000, 0x0000000089900000, 0x00000000d6d00000)
  object space 84992K, 17% used [0x0000000084600000,0x00000000854cbda0,0x0000000089900000)
 Metaspace       used 20953K, capacity 21124K, committed 21296K, reserved 1069056K
  class space    used 2550K, capacity 2587K, committed 2688K, reserved 1048576K
Event: 5.387 GC heap after
Heap after GC invocations=8 (full 1):
 PSYoungGen      total 137216K, used 0K [0x00000000d6d00000, 0x00000000dfd00000, 0x0000000100000000)
  eden space 126976K, 0% used [0x00000000d6d00000,0x00000000d6d00000,0x00000000de900000)
  from space 10240K, 0% used [0x00000000de900000,0x00000000de900000,0x00000000df300000)
  to   space 9728K, 0% used [0x00000000df380000,0x00000000df380000,0x00000000dfd00000)
 ParOldGen       total 71680K, used 15188K [0x0000000084600000, 0x0000000088c00000, 0x00000000d6d00000)
  object space 71680K, 21% used [0x0000000084600000,0x00000000854d5160,0x0000000088c00000)
 Metaspace       used 20953K, capacity 21124K, committed 21296K, reserved 1069056K
  class space    used 2550K, capacity 2587K, committed 2688K, reserved 1048576K
}
Event: 7.431 GC heap before
{Heap before GC invocations=9 (full 1):
 PSYoungGen      total 137216K, used 126976K [0x00000000d6d00000, 0x00000000dfd00000, 0x0000000100000000)
  eden space 126976K, 100% used [0x00000000d6d00000,0x00000000de900000,0x00000000de900000)
  from space 10240K, 0% used [0x00000000de900000,0x00000000de900000,0x00000000df300000)
  to   space 9728K, 0% used [0x00000000df380000,0x00000000df380000,0x00000000dfd00000)
 ParOldGen       total 71680K, used 15188K [0x0000000084600000, 0x0000000088c00000, 0x00000000d6d00000)
  object space 71680K, 21% used [0x0000000084600000,0x00000000854d5160,0x0000000088c00000)
 Metaspace       used 27892K, capacity 28058K, committed 28416K, reserved 1075200K
  class space    used 3424K, capacity 3460K, committed 3584K, reserved 1048576K
Event: 7.467 GC heap after
Heap after GC invocations=9 (full 1):
 PSYoungGen      total 136704K, used 9490K [0x00000000d6d00000, 0x00000000e2980000, 0x0000000100000000)
  eden space 126976K, 0% used [0x00000000d6d00000,0x00000000d6d00000,0x00000000de900000)
  from space 9728K, 97% used [0x00000000df380000,0x00000000dfcc4860,0x00000000dfd00000)
  to   space 10752K, 0% used [0x00000000de900000,0x00000000de900000,0x00000000df380000)
 ParOldGen       total 71680K, used 15196K [0x0000000084600000, 0x0000000088c00000, 0x00000000d6d00000)
  object space 71680K, 21% used [0x0000000084600000,0x00000000854d7160,0x0000000088c00000)
 Metaspace       used 27892K, capacity 28058K, committed 28416K, reserved 1075200K
  class space    used 3424K, capacity 3460K, committed 3584K, reserved 1048576K
}
Event: 8.897 GC heap before
{Heap before GC invocations=10 (full 1):
 PSYoungGen      total 136704K, used 136466K [0x00000000d6d00000, 0x00000000e2980000, 0x0000000100000000)
  eden space 126976K, 100% used [0x00000000d6d00000,0x00000000de900000,0x00000000de900000)
  from space 9728K, 97% used [0x00000000df380000,0x00000000dfcc4860,0x00000000dfd00000)
  to   space 10752K, 0% used [0x00000000de900000,0x00000000de900000,0x00000000df380000)
 ParOldGen       total 71680K, used 15196K [0x0000000084600000, 0x0000000088c00000, 0x00000000d6d00000)
  object space 71680K, 21% used [0x0000000084600000,0x00000000854d7160,0x0000000088c00000)
 Metaspace       used 30316K, capacity 30526K, committed 30720K, reserved 1077248K
  class space    used 3726K, capacity 3786K, committed 3840K, reserved 1048576K
Event: 8.914 GC heap after
Heap after GC invocations=10 (full 1):
 PSYoungGen      total 137728K, used 10737K [0x00000000d6d00000, 0x00000000e1900000, 0x0000000100000000)
  eden space 126976K, 0% used [0x00000000d6d00000,0x00000000d6d00000,0x00000000de900000)
  from space 10752K, 99% used [0x00000000de900000,0x00000000df37c7a8,0x00000000df380000)
  to   space 12288K, 0% used [0x00000000e0d00000,0x00000000e0d00000,0x00000000e1900000)
 ParOldGen       total 71680K, used 16385K [0x0000000084600000, 0x0000000088c00000, 0x00000000d6d00000)
  object space 71680K, 22% used [0x0000000084600000,0x00000000856004f8,0x0000000088c00000)
 Metaspace       used 30316K, capacity 30526K, committed 30720K, reserved 1077248K
  class space    used 3726K, capacity 3786K, committed 3840K, reserved 1048576K
}
Event: 10.033 GC heap before
{Heap before GC invocations=11 (full 1):
 PSYoungGen      total 137728K, used 64268K [0x00000000d6d00000, 0x00000000e1900000, 0x0000000100000000)
  eden space 126976K, 42% used [0x00000000d6d00000,0x00000000da146a70,0x00000000de900000)
  from space 10752K, 99% used [0x00000000de900000,0x00000000df37c7a8,0x00000000df380000)
  to   space 12288K, 0% used [0x00000000e0d00000,0x00000000e0d00000,0x00000000e1900000)
 ParOldGen       total 71680K, used 16385K [0x0000000084600000, 0x0000000088c00000, 0x00000000d6d00000)
  object space 71680K, 22% used [0x0000000084600000,0x00000000856004f8,0x0000000088c00000)
 Metaspace       used 34926K, capacity 35198K, committed 35496K, reserved 1081344K
  class space    used 4447K, capacity 4552K, committed 4608K, reserved 1048576K
Event: 10.053 GC heap after
Heap after GC invocations=11 (full 1):
 PSYoungGen      total 162304K, used 12265K [0x00000000d6d00000, 0x00000000e1b00000, 0x0000000100000000)
  eden space 150016K, 0% used [0x00000000d6d00000,0x00000000d6d00000,0x00000000dff80000)
  from space 12288K, 99% used [0x00000000e0d00000,0x00000000e18fa5e8,0x00000000e1900000)
  to   space 13824K, 0% used [0x00000000dff80000,0x00000000dff80000,0x00000000e0d00000)
 ParOldGen       total 71680K, used 17814K [0x0000000084600000, 0x0000000088c00000, 0x00000000d6d00000)
  object space 71680K, 24% used [0x0000000084600000,0x0000000085765b58,0x0000000088c00000)
 Metaspace       used 34926K, capacity 35198K, committed 35496K, reserved 1081344K
  class space    used 4447K, capacity 4552K, committed 4608K, reserved 1048576K
}
Event: 10.053 GC heap before
{Heap before GC invocations=12 (full 2):
 PSYoungGen      total 162304K, used 12265K [0x00000000d6d00000, 0x00000000e1b00000, 0x0000000100000000)
  eden space 150016K, 0% used [0x00000000d6d00000,0x00000000d6d00000,0x00000000dff80000)
  from space 12288K, 99% used [0x00000000e0d00000,0x00000000e18fa5e8,0x00000000e1900000)
  to   space 13824K, 0% used [0x00000000dff80000,0x00000000dff80000,0x00000000e0d00000)
 ParOldGen       total 71680K, used 17814K [0x0000000084600000, 0x0000000088c00000, 0x00000000d6d00000)
  object space 71680K, 24% used [0x0000000084600000,0x0000000085765b58,0x0000000088c00000)
 Metaspace       used 34926K, capacity 35198K, committed 35496K, reserved 1081344K
  class space    used 4447K, capacity 4552K, committed 4608K, reserved 1048576K
Event: 10.331 GC heap after
Heap after GC invocations=12 (full 2):
 PSYoungGen      total 162304K, used 0K [0x00000000d6d00000, 0x00000000e1b00000, 0x0000000100000000)
  eden space 150016K, 0% used [0x00000000d6d00000,0x00000000d6d00000,0x00000000dff80000)
  from space 12288K, 0% used [0x00000000e0d00000,0x00000000e0d00000,0x00000000e1900000)
  to   space 13824K, 0% used [0x00000000dff80000,0x00000000dff80000,0x00000000e0d00000)
 ParOldGen       total 116736K, used 23641K [0x0000000084600000, 0x000000008b800000, 0x00000000d6d00000)
  object space 116736K, 20% used [0x0000000084600000,0x0000000085d16768,0x000000008b800000)
 Metaspace       used 34926K, capacity 35198K, committed 35496K, reserved 1081344K
  class space    used 4447K, capacity 4552K, committed 4608K, reserved 1048576K
}

Deoptimization events (10 events):
Event: 11.585 Thread 0x000000000dd49800 Uncommon trap: reason=unstable_if action=reinterpret pc=0x000000000f376b6c method=java.lang.CharacterDataLatin1.isWhitespace(I)Z @ 14
Event: 11.761 Thread 0x000000000dd49800 Uncommon trap: reason=unstable_if action=reinterpret pc=0x000000000f2b4a84 method=sun.reflect.misc.ReflectUtil.isNonPublicProxyClass(Ljava/lang/Class;)Z @ 33
Event: 11.953 Thread 0x000000000dd49800 Uncommon trap: reason=null_check action=make_not_entrant pc=0x000000000f382ad8 method=org.springframework.core.annotation.AnnotationUtils.isSynthesizable(Ljava/lang/Class;)Z @ 84
Event: 11.979 Thread 0x000000000dd49800 Uncommon trap: reason=null_check action=make_not_entrant pc=0x000000000fcbeaa0 method=org.springframework.util.ClassUtils.isAssignable(Ljava/lang/Class;Ljava/lang/Class;)Z @ 14
Event: 12.171 Thread 0x000000000dd49800 Uncommon trap: reason=class_check action=maybe_recompile pc=0x000000000fa4a03c method=java.util.regex.Matcher.search(I)Z @ 86
Event: 12.172 Thread 0x000000000dd49800 Uncommon trap: reason=class_check action=maybe_recompile pc=0x000000000f34a1cc method=java.util.regex.Matcher.search(I)Z @ 86
Event: 12.334 Thread 0x000000000dd49800 Uncommon trap: reason=unstable_if action=reinterpret pc=0x000000000fbb0c6c method=java.util.Arrays$ArrayList.indexOf(Ljava/lang/Object;)I @ 6
Event: 12.605 Thread 0x0000000001dff800 Uncommon trap: reason=unstable_if action=reinterpret pc=0x000000000fd42bc8 method=org.springframework.asm.Frame.execute(IILorg/springframework/asm/ClassWriter;Lorg/springframework/asm/Item;)V @ 1936
Event: 12.605 Thread 0x0000000001dff800 Uncommon trap: reason=unstable_if action=reinterpret pc=0x000000000fd2b7e0 method=org.springframework.asm.Frame.merge(Lorg/springframework/asm/ClassWriter;I[II)Z @ 36
Event: 12.605 Thread 0x0000000001dff800 Uncommon trap: reason=unstable_if action=reinterpret pc=0x000000000faa148c method=org.springframework.asm.Frame.merge(Lorg/springframework/asm/ClassWriter;I[II)Z @ 36

Internal exceptions (10 events):
Event: 12.549 Thread 0x0000000001dff800 Exception <a 'java/lang/ClassNotFoundException': java/lang/ObjectCustomizer> (0x00000000de1b7f20) thrown at [C:\re\workspace\8-2-build-windows-amd64-cygwin\jdk8u51\3951\hotspot\src\share\vm\classfile\systemDictionary.cpp, line 210]
Event: 12.553 Thread 0x0000000001dff800 Exception <a 'java/lang/ClassNotFoundException': org/springframework/context/event/DefaultEventListenerFactoryCustomizer> (0x00000000de1d82d8) thrown at [C:\re\workspace\8-2-build-windows-amd64-cygwin\jdk8u51\3951\hotspot\src\share\vm\classfile\systemDictiî[ÑÄŒ)@
Event: 12.556 Thread 0x0000000001dff800 Exception <a 'java/lang/ClassNotFoundException': java/lang/ObjectCustomizer> (0x00000000de1f5620) thrown at [C:\re\workspace\8-2-build-windows-amd64-cygwin\jdk8u51\3951\hotspot\src\share\vm\classfile\systemDictionary.cpp, line 210]
Event: 12.556 Thread 0x0000000001dff800 Exception <a 'java/lang/ClassNotFoundException': org/springframework/boot/context/web/SpringBootServletInitializerCustomizer> (0x00000000de2171e0) thrown at [C:\re\workspace\8-2-build-windows-amd64-cygwin\jdk8u51\3951\hotspot\src\share\vm\classfile\systemD
Event: 12.557 Thread 0x0000000001dff800 Exception <a 'java/lang/ClassNotFoundException': com/ai/AiProjectApplicationCustomizer> (0x00000000de22b8f0) thrown at [C:\re\workspace\8-2-build-windows-amd64-cygwin\jdk8u51\3951\hotspot\src\share\vm\classfile\systemDictionary.cpp, line 210]
Event: 12.557 Thread 0x0000000001dff800 Exception <a 'java/lang/ClassNotFoundException': com/ai/AiProjectApplication$$EnhancerBySpringCGLIB$$c956762cCustomizer> (0x00000000de249180) thrown at [C:\re\workspace\8-2-build-windows-amd64-cygwin\jdk8u51\3951\hotspot\src\share\vm\classfile\systemDictio?xª'$)@
Event: 12.571 Thread 0x0000000001dff800 Exception <a 'java/lang/ClassNotFoundException': java/lang/ObjectCustomizer> (0x00000000de3e28c0) thrown at [C:\re\workspace\8-2-build-windows-amd64-cygwin\jdk8u51\3951\hotspot\src\share\vm\classfile\systemDictionary.cpp, line 210]
Event: 12.572 Thread 0x0000000001dff800 Exception <a 'java/lang/ClassNotFoundException': com/ai/controllers/AdminControllerCustomizer> (0x00000000de3fafb8) thrown at [C:\re\workspace\8-2-build-windows-amd64-cygwin\jdk8u51\3951\hotspot\src\share\vm\classfile\systemDictionary.cpp, line 210]
Event: 12.574 Thread 0x0000000001dff800 Exception <a 'java/lang/ClassNotFoundException': java/lang/ObjectCustomizer> (0x00000000de40e360) thrown at [C:\re\workspace\8-2-build-windows-amd64-cygwin\jdk8u51\3951\hotspot\src\share\vm\classfile\systemDictionary.cpp, line 210]
Event: 12.577 Thread 0x0000000001dff800 Exception <a 'java/lang/ClassNotFoundException': com/ai/services/UserServiceCustomizer> (0x00000000de424bb8) thrown at [C:\re\workspace\8-2-build-windows-amd64-cygwin\jdk8u51\3951\hotspot\src\share\vm\classfile\systemDictionary.cpp, line 210]

Events (10 events):
Event: 12.605 Thread 0x0000000001dff800 DEOPT UNPACKING pc=0x000000000f05582a sp=0x00000000022eca40 mode 2
Event: 12.605 Thread 0x0000000001dff800 Uncommon trap: trap_request=0xffffff65 fr.pc=0x000000000fd2b7e0
Event: 12.605 Thread 0x0000000001dff800 DEOPT PACKING pc=0x000000000fd2b7e0 sp=0x00000000022ecb30
Event: 12.605 Thread 0x0000000001dff800 DEOPT UNPACKING pc=0x000000000f05582a sp=0x00000000022eca18 mode 2
Event: 12.605 Thread 0x0000000001dff800 Uncommon trap: trap_request=0xffffff65 fr.pc=0x000000000faa148c
Event: 12.605 Thread 0x0000000001dff800 DEOPT PACKING pc=0x000000000faa148c sp=0x00000000022eca70
Event: 12.605 Thread 0x0000000001dff800 DEOPT UNPACKING pc=0x000000000f05582a sp=0x00000000022eca08 mode 2
Event: 12.611 Thread 0x00000000095c8000 flushing nmethod 0x000000000f50b0d0
Event: 12.612 Thread 0x00000000095c8000 flushing nmethod 0x000000000f535f10
Event: 12.612 Thread 0x00000000095c8000 flushing nmethod 0x000000000f555590


Dynamic libraries:
0x000000013fcb0000 - 0x000000013fce7000 	C:\Program Files\Java\jdk1.8.0_51\bin\java.exe
0x0000000077710000 - 0x00000000778ba000 	C:\Windows\SYSTEM32\ntdll.dll
0x00000000774f0000 - 0x000000007760f000 	C:\Windows\system32\kernel32.dll
0x000007fefd7c0000 - 0x000007fefd82b000 	C:\Windows\system32\KERNELBASE.dll
0x000007fefe600000 - 0x000007fefe6db000 	C:\Windows\system32\ADVAPI32.dll
0x000007fefde10000 - 0x000007fefdeaf000 	C:\Windows\system32\msvcrt.dll
0x000007fefeac0000 - 0x000007fefeadf000 	C:\Windows\SYSTEM32\sechost.dll
0x000007fefe490000 - 0x000007fefe5bd000 	C:\Windows\system32\RPCRT4.dll
0x0000000077610000 - 0x000000007770a000 	C:\Windows\system32\USER32.dll
0x000007fefe990000 - 0x000007fefe9f7000 	C:\Windows\system32\GDI32.dll
0x000007fefeab0000 - 0x000007fefeabe000 	C:\Windows\system32\LPK.dll
0x000007fefebc0000 - 0x000007fefec8a000 	C:\Windows\system32\USP10.dll
0x000007fefbe20000 - 0x000007fefc014000 	C:\Windows\WinSxS\amd64_microsoft.windows.common-controls_6595b64144ccf1df_6.0.7601.18837_none_fa3b1e3d17594757\COMCTL32.dll
0x000007fefdd90000 - 0x000007fefde01000 	C:\Windows\system32\SHLWAPI.dll
0x000007fefe5d0000 - 0x000007fefe5fe000 	C:\Windows\system32\IMM32.DLL
0x000007fefe380000 - 0x000007fefe489000 	C:\Windows\system32\MSCTF.dll
0x000007fefd3c0000 - 0x000007fefd3f1000 	C:\Windows\system32\nvinitx.dll
0x000000000f000000 - 0x000000000f006000 	C:\Program Files\NVIDIA Corporation\CoProcManager\detoured.dll
0x000007fef9f60000 - 0x000007fef9f92000 	C:\Program Files\NVIDIA Corporation\CoProcManager\nvd3d9wrapx.dll
0x000007fefdeb0000 - 0x000007fefe087000 	C:\Windows\system32\SETUPAPI.dll
0x000007fefd6c0000 - 0x000007fefd6f6000 	C:\Windows\system32\CFGMGR32.dll
0x000007fefeae0000 - 0x000007fefebb7000 	C:\Windows\system32\OLEAUT32.dll
0x000007fefe6e0000 - 0x000007fefe8e3000 	C:\Windows\system32\ole32.dll
0x000007fefd4b0000 - 0x000007fefd4ca000 	C:\Windows\system32\DEVOBJ.dll
0x000007fef9f20000 - 0x000007fef9f42000 	C:\Program Files\NVIDIA Corporation\CoProcManager\nvdxgiwrapx.dll
0x00000000790c0000 - 0x0000000079192000 	C:\Program Files\Java\jdk1.8.0_51\jre\bin\msvcr100.dll
0x000000006f720000 - 0x000000006ffa3000 	C:\Program Files\Java\jdk1.8.0_51\jre\bin\server\jvm.dll
0x000007fef6f80000 - 0x000007fef6f89000 	C:\Windows\system32\WSOCK32.dll
0x000007fefea00000 - 0x000007fefea4d000 	C:\Windows\system32\WS2_32.dll
0x000007fefe5c0000 - 0x000007fefe5c8000 	C:\Windows\system32\NSI.dll
0x000007fefb060000 - 0x000007fefb09b000 	C:\Windows\system32\WINMM.dll
0x000007fefc4e0000 - 0x000007fefc4ec000 	C:\Windows\system32\VERSION.dll
0x00000000778d0000 - 0x00000000778d7000 	C:\Windows\system32\PSAPI.DLL
0x0000000000220000 - 0x000000000022f000 	C:\Program Files\Java\jdk1.8.0_51\jre\bin\verify.dll
0x000000006d320000 - 0x000000006d349000 	C:\Program Files\Java\jdk1.8.0_51\jre\bin\java.dll
0x0000000070860000 - 0x0000000070876000 	C:\Program Files\Java\jdk1.8.0_51\jre\bin\zip.dll
0x000007fefec90000 - 0x000007feffa19000 	C:\Windows\system32\SHELL32.dll
0x000007fefd490000 - 0x000007fefd49f000 	C:\Windows\system32\profapi.dll
0x000007fefabe0000 - 0x000007fefabf0000 	C:\Program Files (x86)\JetBrains\IntelliJ IDEA 15.0.2\bin\breakgen64.dll
0x000000006f630000 - 0x000000006f64a000 	C:\Program Files\Java\jdk1.8.0_51\jre\bin\net.dll
0x000007fefcc00000 - 0x000007fefcc55000 	C:\Windows\system32\mswsock.dll
0x000007fefce60000 - 0x000007fefce67000 	C:\Windows\System32\wship6.dll
0x0000000001cf0000 - 0x0000000001cfd000 	C:\Program Files\Java\jdk1.8.0_51\jre\bin\management.dll
0x000007fefb3e0000 - 0x000007fefb3f5000 	C:\Windows\system32\NLAapi.dll
0x000007fef5a30000 - 0x000007fef5a45000 	C:\Windows\system32\napinsp.dll
0x000007fef5a10000 - 0x000007fef5a29000 	C:\Windows\system32\pnrpnsp.dll
0x000007fefca40000 - 0x000007fefca9b000 	C:\Windows\system32\DNSAPI.dll
0x000007fef5860000 - 0x000007fef586b000 	C:\Windows\System32\winrnr.dll
0x000007fef5830000 - 0x000007fef5840000 	C:\Windows\system32\wshbth.dll
0x000000006e890000 - 0x000000006e8b6000 	C:\Program Files\Bonjour\mdnsNSP.dll
0x000007fef96a0000 - 0x000007fef96c7000 	C:\Windows\system32\Iphlpapi.DLL
0x000007fef9690000 - 0x000007fef969b000 	C:\Windows\system32\WINNSI.DLL
0x000007fefc5e0000 - 0x000007fefc5e7000 	C:\Windows\System32\wshtcpip.dll
0x000007fef58b0000 - 0x000007fef58b8000 	C:\Windows\system32\rasadhlp.dll
0x000007fef9540000 - 0x000007fef9593000 	C:\Windows\System32\fwpuclnt.dll
0x000000006f350000 - 0x000000006f361000 	C:\Program Files\Java\jdk1.8.0_51\jre\bin\nio.dll
0x000007fefce00000 - 0x000007fefce18000 	C:\Windows\system32\CRYPTSP.dll
0x000007fefc960000 - 0x000007fefc9a7000 	C:\Windows\system32\rsaenh.dll
0x000007fefd700000 - 0x000007fefd71e000 	C:\Windows\system32\USERENV.dll
0x000007fefd2f0000 - 0x000007fefd2ff000 	C:\Windows\system32\CRYPTBASE.dll
0x000007fef9510000 - 0x000007fef9528000 	C:\Windows\system32\dhcpcsvc.DLL
0x000007fef94f0000 - 0x000007fef9501000 	C:\Windows\system32\dhcpcsvc6.DLL
0x000007fee5430000 - 0x000007fee5555000 	C:\Windows\system32\dbghelp.dll

VM Arguments:
jvm_args: -Didea.launcher.port=7532 -Didea.launcher.bin.path=C:\Program Files (x86)\JetBrains\IntelliJ IDEA 15.0.2\bin -Dfile.encoding=UTF-8 
java_command: com.intellij.rt.execution.application.AppMain com.ai.AiProjectApplication --spring.output.ansi.enabled=always
java_class_path (initial): C:\Program Files\Java\jdk1.8.0_51\jre\lib\charsets.jar;C:\Program Files\Java\jdk1.8.0_51\jre\lib\deploy.jar;C:\Program Files\Java\jdk1.8.0_51\jre\lib\ext\access-bridge-64.jar;C:\Program Files\Java\jdk1.8.0_51\jre\lib\ext\cldrdata.jar;C:\Program Files\Java\jdk1.8.0_51\jre\lib\ext\dnsns.jar;C:\Program Files\Java\jdk1.8.0_51\jre\lib\ext\jaccess.jar;C:\Program Files\Java\jdk1.8.0_51\jre\lib\ext\jfxrt.jar;C:\Program Files\Java\jdk1.8.0_51\jre\lib\ext\localedata.jar;C:\Program Files\Java\jdk1.8.0_51\jre\lib\ext\nashorn.jar;C:\Program Files\Java\jdk1.8.0_51\jre\lib\ext\sunec.jar;C:\Program Files\Java\jdk1.8.0_51\jre\lib\ext\sunjce_provider.jar;C:\Program Files\Java\jdk1.8.0_51\jre\lib\ext\sunmscapi.jar;C:\Program Files\Java\jdk1.8.0_51\jre\lib\ext\sunpkcs11.jar;C:\Program Files\Java\jdk1.8.0_51\jre\lib\ext\zipfs.jar;C:\Program Files\Java\jdk1.8.0_51\jre\lib\javaws.jar;C:\Program Files\Java\jdk1.8.0_51\jre\lib\jce.jar;C:\Program Files\Java\jdk1.8.0_51\jre\lib\jfr.jar;C:\Program Files\Java\jdk1.8.0_51\jre\lib\jfxswt.jar;C:\Program Files\Java\jdk1.8.0_51\jre\lib\jsse.jar;C:\Program Files\Java\jdk1.8.0_51\jre\lib\management-agent.jar;C:\Program Files\Java\jdk1.8.0_51\jre\lib\plugin.jar;C:\Program Files\Java\jdk1.8.0_51\jre\lib\resources.jar;C:\Program Files\Java\jdk1.8.0_51\jre\lib\rt.jar;C:\Users\fdarmoch\IdeaProjects\Betting\build\classes\main;C:\Users\fdarmoch\IdeaProjects\Betting\build\resources\main;C:\Users\fdarmoch\.gradle\caches\modules-2\files-2.1\org.springframework.boot\spring-boot-starter-data-jpa\1.3.1.RELEASE\2ab6101dff6b2a35dd7ee5ed1b904af96504d3f1\spring-boot-starter-data-jpa-1.3.1.RELEASE.jar;C:\Users\fdarmoch\.gradle\caches\modules-2\files-2.1\org.springframework.boot\spring-boot-starter-jdbc\1.3.1.RELEASE\6fdd3124a3aa9eaa4d4ac0adde03c734676e40bd\spring-boot-starter-jdbc-1.3.1.RELEASE.jar;C:\Users\fdarmoch\.gradle\caches\modules-2\files-2.1\org.springframework.boot\spring-boot-starter-security\1.3.1.RELEASE\8a71c21b3d9ef6bdd80623b
Launcher Type: SUN_STANDARD

Environment Variables:
JAVA_HOME=C:\Program Files\Java\jdk1.8.0_40
PATH=C:\Program Files (x86)\Cuminas\Document Express DjVu Plug-in\;C:\Perl64\site\bin;C:\Perl64\bin;C:\ProgramData\Oracle\Java\javapath;C:\Program Files (x86)\PC Connectivity Solution\;C:\Windows\system32;C:\Windows;C:\Windows\System32\Wbem;C:\Windows\System32\WindowsPowerShell\v1.0\;C:\Program Files (x86)\Intel\OpenCL SDK\3.0\bin\x86;C:\Program Files (x86)\Intel\OpenCL SDK\3.0\bin\x64;C:\Program Files\Intel\WiFi\bin\;C:\Program Files\Common Files\Intel\WirelessCommon\;C:\Program Files\Microsoft SQL Server\110\Tools\Binn\;C:\Program Files\TortoiseSVN\bin;C:\Program Files\SlikSvn\bin;C:\Program Files\Microsoft SQL Server\Client SDK\ODBC\110\Tools\Binn\;C:\Program Files (x86)\Microsoft SQL Server\120\Tools\Binn\ManagementStudio\;C:\Program Files (x86)\Microsoft SQL Server\120\Tools\Binn\;C:\Program Files\Microsoft SQL Server\120\Tools\Binn\;C:\Program Files (x86)\Microsoft SQL Server\120\DTS\Binn\;C:\Program Files\Microsoft SQL Server\120\DTS\Binn\;C:\Program Files (x86)\Windows Kits\8.1\Windows Performance Toolkit\;C:\Program Files (x86)\Microsoft Visual Studio 12.0\Common7\IDE\PrivateAssemblies\;C:\Program Files\Microsoft\Web Platform Installer\;C:\Program Files (x86)\Microsoft ASP.NET\ASP.NET Web Pages\v1.0\;C:\Program Files (x86)\Microsoft SDKs\TypeScript\1.0\;C:\Program Files (x86)\Google\Google Apps Migration\;C:\Program Files (x86)\Skype\Phone\;C:\Users\fdarmoch\android-sdks;C:\Program Files\apache-maven-3.3.9-bin\apache-maven-3.3.9\bin;C:\Program Files\apache-ant-1.9.6\bin;C:\Program Files (x86)\Android\android-sdk\tools;C:\Program Files (x86)\Android\android-sdk\platform-tools; C:\Program Files\Git\bin;C:\Program Files\Calibre2\
USERNAME=fdarmoch
OS=Windows_NT
PROCESSOR_IDENTIFIER=Intel64 Family 6 Model 60 Stepping 3, GenuineIntel



---------------  S Y S T E M  ---------------

OS: Windows 7 , 64 bit Build 7601 (6.1.7601.19135)

CPU:total 4 (2 cores per cpu, 2 threads per core) family 6 model 60 stepping 3, cmov, cx8, fxsr, mmx, sse, sse2, sse3, ssse3, sse4.1, sse4.2, popcnt, avx, avx2, aes, clmul, erms, lzcnt, ht, tsc, tscinvbit, bmi1, bmi2

Memory: 4k page, physical 8096200k(1803740k free), swap 8167180k(5340k free)

vm_info: Java HotSpot(TM) 64-Bit Server VM (25.51-b03) for windows-amd64 JRE (1.8.0_51-b16), built on Jun  8 2015 18:03:07 by "java_re" with MS VC++ 10.0 (VS2010)

time: Sat Feb 20 01:19:21 2016
elapsed time: 12 seconds (0d 0h 0m 12s)

