#
# There is insufficient memory for the Java Runtime Environment to continue.
# Native memory allocation (malloc) failed to allocate 1787216 bytes for Chunk::new
# Possible reasons:
#   The system is out of physical RAM or swap space
#   In 32 bit mode, the process size limit was hit
# Possible solutions:
#   Reduce memory load on the system
#   Increase physical memory or swap space
#   Check if swap backing store is full
#   Use 64 bit Java on a 64 bit OS
#   Decrease Java heap size (-Xmx/-Xms)
#   Decrease number of Java threads
#   Decrease Java thread stack sizes (-Xss)
#   Set larger code cache with -XX:ReservedCodeCacheSize=
# This output file may be truncated or incomplete.
#
#  Out of Memory Error (allocation.cpp:390), pid=3124, tid=10920
#
# JRE version: Java(TM) SE Runtime Environment (8.0_40-b26) (build 1.8.0_40-b26)
# Java VM: Java HotSpot(TM) 64-Bit Server VM (25.40-b25 mixed mode windows-amd64 compressed oops)
# Failed to write core dump. Minidumps are not enabled by default on client versions of Windows
#

---------------  T H R E A D  ---------------

Current thread (0x00000000073f5800):  JavaThread "C2 CompilerThread0" daemon [_thread_in_native, id=10920, stack(0x0000000007d10000,0x0000000007e10000)]

Stack: [0x0000000007d10000,0x0000000007e10000]
Native frames: (J=compiled Java code, j=interpreted, Vv=VM code, C=native code)
V  [jvm.dll+0x32b47a]
V  [jvm.dll+0x2797f3]
V  [jvm.dll+0x27a489]
V  [jvm.dll+0x2717a5]
V  [jvm.dll+0xcb9a2]
V  [jvm.dll+0xcbe6c]
V  [jvm.dll+0x464332]
V  [jvm.dll+0x4db615]
V  [jvm.dll+0x4dc217]
V  [jvm.dll+0x46a551]
V  [jvm.dll+0x46cd52]
V  [jvm.dll+0x4500d2]
V  [jvm.dll+0xa4312]
V  [jvm.dll+0xa4c4f]
V  [jvm.dll+0x241914]
V  [jvm.dll+0x29848a]
C  [msvcr100.dll+0x21d9f]
C  [msvcr100.dll+0x21e3b]
C  [kernel32.dll+0x159bd]
C  [ntdll.dll+0x2a2e1]


Current CompileTask:
C2:  11463 2811       4       groovy.lang.MetaClassImpl$1MOPIter::methodNameAction (482 bytes)


---------------  P R O C E S S  ---------------

Java Threads: ( => current thread )
  0x000000000b451000 JavaThread "Stdin handler" [_thread_blocked, id=11460, stack(0x000000000bf20000,0x000000000c020000)]
  0x000000000b450000 JavaThread "Cancel handler" [_thread_blocked, id=11468, stack(0x000000000a5b0000,0x000000000a6b0000)]
  0x000000000b44f800 JavaThread "Handler for socket connection from /127.0.0.1:54303 to /127.0.0.1:54324" [_thread_in_native, id=5828, stack(0x000000000a4b0000,0x000000000a5b0000)]
  0x000000000b44e000 JavaThread "File lock request listener" [_thread_in_native, id=11480, stack(0x000000000d9a0000,0x000000000daa0000)]
  0x000000000929d800 JavaThread "Daemon worker" [_thread_blocked, id=6904, stack(0x0000000008b60000,0x0000000008c60000)]
  0x0000000009241800 JavaThread "Daemon" [_thread_blocked, id=10808, stack(0x00000000079f0000,0x0000000007af0000)]
  0x0000000008ffb800 JavaThread "Incoming local TCP Connector on port 54303" [_thread_in_native, id=11008, stack(0x0000000009fa0000,0x000000000a0a0000)]
  0x0000000007465800 JavaThread "Service Thread" daemon [_thread_blocked, id=2872, stack(0x0000000008140000,0x0000000008240000)]
  0x00000000073fb000 JavaThread "C1 CompilerThread2" daemon [_thread_blocked, id=10948, stack(0x0000000007e60000,0x0000000007f60000)]
  0x00000000073f9800 JavaThread "C2 CompilerThread1" daemon [_thread_in_native, id=2408, stack(0x0000000007f70000,0x0000000008070000)]
=>0x00000000073f5800 JavaThread "C2 CompilerThread0" daemon [_thread_in_native, id=10920, stack(0x0000000007d10000,0x0000000007e10000)]
  0x0000000006235800 JavaThread "Attach Listener" daemon [_thread_blocked, id=10504, stack(0x0000000007b30000,0x0000000007c30000)]
  0x0000000006234800 JavaThread "Signal Dispatcher" daemon [_thread_blocked, id=9756, stack(0x00000000078d0000,0x00000000079d0000)]
  0x00000000061d8800 JavaThread "Finalizer" daemon [_thread_blocked, id=10732, stack(0x00000000071a0000,0x00000000072a0000)]
  0x00000000061d1800 JavaThread "Reference Handler" daemon [_thread_blocked, id=10760, stack(0x00000000072f0000,0x00000000073f0000)]
  0x000000000225e800 JavaThread "main" [_thread_blocked, id=4584, stack(0x0000000002480000,0x0000000002580000)]

Other Threads:
  0x00000000061cc000 VMThread [stack: 0x0000000007020000,0x0000000007120000] [id=11808]
  0x0000000007469000 WatcherThread [stack: 0x0000000008260000,0x0000000008360000] [id=11400]

VM state:at safepoint (normal execution)

VM Mutex/Monitor currently owned by a thread:  ([mutex/lock_event])
[0x0000000002148a80] Threads_lock - owner thread: 0x00000000061cc000
[0x0000000002148f80] Heap_lock - owner thread: 0x000000000929d800

Heap:
 PSYoungGen      total 163840K, used 6976K [0x00000000eab00000, 0x00000000f6900000, 0x0000000100000000)
  eden space 156672K, 0% used [0x00000000eab00000,0x00000000eab00000,0x00000000f4400000)
  from space 7168K, 97% used [0x00000000f6200000,0x00000000f68d0010,0x00000000f6900000)
  to   space 12800K, 0% used [0x00000000f5000000,0x00000000f5000000,0x00000000f5c80000)
 ParOldGen       total 56320K, used 16550K [0x00000000c0000000, 0x00000000c3700000, 0x00000000eab00000)
  object space 56320K, 29% used [0x00000000c0000000,0x00000000c1029a88,0x00000000c3700000)
 Metaspace       used 29160K, capacity 30024K, committed 30080K, reserved 1079296K
  class space    used 3884K, capacity 4200K, committed 4224K, reserved 1048576K

Card table byte_map: [0x0000000002c10000,0x0000000002e20000] byte_map_base: 0x0000000002610000

Marking Bits: (ParMarkBitMap*) 0x00000000709b4040
 Begin Bits: [0x0000000003640000, 0x0000000004640000)
 End Bits:   [0x0000000004640000, 0x0000000005640000)

Polling page: 0x0000000000340000

CodeCache: size=245760Kb used=10456Kb max_used=10519Kb free=235303Kb
 bounds [0x000000000f010000, 0x000000000fa70000, 0x000000001e010000]
 total_blobs=3476 nmethods=2836 adapters=551
 compilation: enabled

Compilation events (10 events):
Event: 11.349 Thread 0x00000000073fb000 nmethod 3095 0x000000000fa4dbd0 code [0x000000000fa4dd20, 0x000000000fa4ded0]
Event: 11.351 Thread 0x00000000073fb000 3096       3       org.gradle.api.internal.AbstractClassGenerator$PropertyMetaData::<init> (43 bytes)
Event: 11.352 Thread 0x00000000073fb000 nmethod 3096 0x000000000fa4ed10 code [0x000000000fa4eee0, 0x000000000fa4f690]
Event: 11.352 Thread 0x00000000073fb000 3098       3       org.gradle.api.internal.AsmBackedClassGenerator$ClassBuilderImpl::propFieldName (17 bytes)
Event: 11.353 Thread 0x00000000073fb000 nmethod 3098 0x000000000fa38a90 code [0x000000000fa38cc0, 0x000000000fa398c8]
Event: 11.353 Thread 0x00000000073fb000 3100       3       org.gradle.api.internal.AbstractClassGenerator$PropertyMetaData::getType (48 bytes)
Event: 11.353 Thread 0x00000000073fb000 nmethod 3100 0x000000000fa50bd0 code [0x000000000fa50da0, 0x000000000fa51678]
Event: 11.359 Thread 0x00000000073fb000 3101       3       java.beans.Introspector::processPropertyDescriptors (959 bytes)
Event: 11.389 Thread 0x00000000073f9800 nmethod 3094 0x000000000fa55310 code [0x000000000fa554e0, 0x000000000fa562a8]
Event: 11.390 Thread 0x00000000073f9800 3097       4       org.objectweb.asm.ByteVector::putUTF8 (142 bytes)

GC Heap History (10 events):
Event: 6.092 GC heap before
{Heap before GC invocations=7 (full 2):
 PSYoungGen      total 68608K, used 5116K [0x00000000eab00000, 0x00000000f2380000, 0x0000000100000000)
  eden space 63488K, 0% used [0x00000000eab00000,0x00000000eab00000,0x00000000ee900000)
  from space 5120K, 99% used [0x00000000ee900000,0x00000000eedff2d0,0x00000000eee00000)
  to   space 5120K, 0% used [0x00000000f1e80000,0x00000000f1e80000,0x00000000f2380000)
 ParOldGen       total 56320K, used 14914K [0x00000000c0000000, 0x00000000c3700000, 0x00000000eab00000)
  object space 56320K, 26% used [0x00000000c0000000,0x00000000c0e90a40,0x00000000c3700000)
 Metaspace       used 26978K, capacity 27486K, committed 27648K, reserved 1073152K
  class space    used 3622K, capacity 3766K, committed 3840K, reserved 1048576K
Event: 6.159 GC heap after
Heap after GC invocations=7 (full 2):
 PSYoungGen      total 68608K, used 0K [0x00000000eab00000, 0x00000000f2380000, 0x0000000100000000)
  eden space 63488K, 0% used [0x00000000eab00000,0x00000000eab00000,0x00000000ee900000)
  from space 5120K, 0% used [0x00000000ee900000,0x00000000ee900000,0x00000000eee00000)
  to   space 5120K, 0% used [0x00000000f1e80000,0x00000000f1e80000,0x00000000f2380000)
 ParOldGen       total 56320K, used 15258K [0x00000000c0000000, 0x00000000c3700000, 0x00000000eab00000)
  object space 56320K, 27% used [0x00000000c0000000,0x00000000c0ee6920,0x00000000c3700000)
 Metaspace       used 26978K, capacity 27486K, committed 27648K, reserved 1073152K
  class space    used 3622K, capacity 3766K, committed 3840K, reserved 1048576K
}
Event: 9.425 GC heap before
{Heap before GC invocations=8 (full 2):
 PSYoungGen      total 68608K, used 63488K [0x00000000eab00000, 0x00000000f2380000, 0x0000000100000000)
  eden space 63488K, 100% used [0x00000000eab00000,0x00000000ee900000,0x00000000ee900000)
  from space 5120K, 0% used [0x00000000ee900000,0x00000000ee900000,0x00000000eee00000)
  to   space 5120K, 0% used [0x00000000f1e80000,0x00000000f1e80000,0x00000000f2380000)
 ParOldGen       total 56320K, used 15258K [0x00000000c0000000, 0x00000000c3700000, 0x00000000eab00000)
  object space 56320K, 27% used [0x00000000c0000000,0x00000000c0ee6920,0x00000000c3700000)
 Metaspace       used 27437K, capacity 28078K, committed 28288K, reserved 1073152K
  class space    used 3670K, capacity 3858K, committed 3968K, reserved 1048576K
Event: 9.428 GC heap after
Heap after GC invocations=8 (full 2):
 PSYoungGen      total 111104K, used 1008K [0x00000000eab00000, 0x00000000f2e80000, 0x0000000100000000)
  eden space 105984K, 0% used [0x00000000eab00000,0x00000000eab00000,0x00000000f1280000)
  from space 5120K, 19% used [0x00000000f1e80000,0x00000000f1f7c010,0x00000000f2380000)
  to   space 12288K, 0% used [0x00000000f1280000,0x00000000f1280000,0x00000000f1e80000)
 ParOldGen       total 56320K, used 15266K [0x00000000c0000000, 0x00000000c3700000, 0x00000000eab00000)
  object space 56320K, 27% used [0x00000000c0000000,0x00000000c0ee8920,0x00000000c3700000)
 Metaspace       used 27437K, capacity 28078K, committed 28288K, reserved 1073152K
  class space    used 3670K, capacity 3858K, committed 3968K, reserved 1048576K
}
Event: 9.720 GC heap before
{Heap before GC invocations=9 (full 2):
 PSYoungGen      total 111104K, used 106992K [0x00000000eab00000, 0x00000000f2e80000, 0x0000000100000000)
  eden space 105984K, 100% used [0x00000000eab00000,0x00000000f1280000,0x00000000f1280000)
  from space 5120K, 19% used [0x00000000f1e80000,0x00000000f1f7c010,0x00000000f2380000)
  to   space 12288K, 0% used [0x00000000f1280000,0x00000000f1280000,0x00000000f1e80000)
 ParOldGen       total 56320K, used 15266K [0x00000000c0000000, 0x00000000c3700000, 0x00000000eab00000)
  object space 56320K, 27% used [0x00000000c0000000,0x00000000c0ee8920,0x00000000c3700000)
 Metaspace       used 27463K, capacity 28078K, committed 28288K, reserved 1073152K
  class space    used 3672K, capacity 3858K, committed 3968K, reserved 1048576K
Event: 9.725 GC heap after
Heap after GC invocations=9 (full 2):
 PSYoungGen      total 118272K, used 1504K [0x00000000eab00000, 0x00000000f2e80000, 0x0000000100000000)
  eden space 105984K, 0% used [0x00000000eab00000,0x00000000eab00000,0x00000000f1280000)
  from space 12288K, 12% used [0x00000000f1280000,0x00000000f13f8030,0x00000000f1e80000)
  to   space 5120K, 0% used [0x00000000f1e80000,0x00000000f1e80000,0x00000000f2380000)
 ParOldGen       total 56320K, used 15266K [0x00000000c0000000, 0x00000000c3700000, 0x00000000eab00000)
  object space 56320K, 27% used [0x00000000c0000000,0x00000000c0ee8920,0x00000000c3700000)
 Metaspace       used 27463K, capacity 28078K, committed 28288K, reserved 1073152K
  class space    used 3672K, capacity 3858K, committed 3968K, reserved 1048576K
}
Event: 10.210 GC heap before
{Heap before GC invocations=10 (full 2):
 PSYoungGen      total 118272K, used 107488K [0x00000000eab00000, 0x00000000f2e80000, 0x0000000100000000)
  eden space 105984K, 100% used [0x00000000eab00000,0x00000000f1280000,0x00000000f1280000)
  from space 12288K, 12% used [0x00000000f1280000,0x00000000f13f8030,0x00000000f1e80000)
  to   space 5120K, 0% used [0x00000000f1e80000,0x00000000f1e80000,0x00000000f2380000)
 ParOldGen       total 56320K, used 15266K [0x00000000c0000000, 0x00000000c3700000, 0x00000000eab00000)
  object space 56320K, 27% used [0x00000000c0000000,0x00000000c0ee8920,0x00000000c3700000)
 Metaspace       used 27468K, capacity 28078K, committed 28288K, reserved 1073152K
  class space    used 3672K, capacity 3858K, committed 3968K, reserved 1048576K
Event: 10.232 GC heap after
Heap after GC invocations=10 (full 2):
 PSYoungGen      total 111104K, used 2064K [0x00000000eab00000, 0x00000000f2e80000, 0x0000000100000000)
  eden space 105984K, 0% used [0x00000000eab00000,0x00000000eab00000,0x00000000f1280000)
  from space 5120K, 40% used [0x00000000f1e80000,0x00000000f2084040,0x00000000f2380000)
  to   space 12288K, 0% used [0x00000000f1280000,0x00000000f1280000,0x00000000f1e80000)
 ParOldGen       total 56320K, used 15266K [0x00000000c0000000, 0x00000000c3700000, 0x00000000eab00000)
  object space 56320K, 27% used [0x00000000c0000000,0x00000000c0ee8920,0x00000000c3700000)
 Metaspace       used 27468K, capacity 28078K, committed 28288K, reserved 1073152K
  class space    used 3672K, capacity 3858K, committed 3968K, reserved 1048576K
}
Event: 11.360 GC heap before
{Heap before GC invocations=11 (full 2):
 PSYoungGen      total 111104K, used 108048K [0x00000000eab00000, 0x00000000f2e80000, 0x0000000100000000)
  eden space 105984K, 100% used [0x00000000eab00000,0x00000000f1280000,0x00000000f1280000)
  from space 5120K, 40% used [0x00000000f1e80000,0x00000000f2084040,0x00000000f2380000)
  to   space 12288K, 0% used [0x00000000f1280000,0x00000000f1280000,0x00000000f1e80000)
 ParOldGen       total 56320K, used 15266K [0x00000000c0000000, 0x00000000c3700000, 0x00000000eab00000)
  object space 56320K, 27% used [0x00000000c0000000,0x00000000c0ee8920,0x00000000c3700000)
 Metaspace       used 29078K, capacity 29982K, committed 30080K, reserved 1075200K
  class space    used 3870K, capacity 4166K, committed 4224K, reserved 1048576K
Event: 11.388 GC heap after
Heap after GC invocations=11 (full 2):
 PSYoungGen      total 118272K, used 8724K [0x00000000eab00000, 0x00000000f6f00000, 0x0000000100000000)
  eden space 105984K, 0% used [0x00000000eab00000,0x00000000eab00000,0x00000000f1280000)
  from space 12288K, 71% used [0x00000000f1280000,0x00000000f1b05320,0x00000000f1e80000)
  to   space 13312K, 0% used [0x00000000f6200000,0x00000000f6200000,0x00000000f6f00000)
 ParOldGen       total 56320K, used 15274K [0x00000000c0000000, 0x00000000c3700000, 0x00000000eab00000)
  object space 56320K, 27% used [0x00000000c0000000,0x00000000c0eea920,0x00000000c3700000)
 Metaspace       used 29078K, capacity 29982K, committed 30080K, reserved 1075200K
  class space    used 3870K, capacity 4166K, committed 4224K, reserved 1048576K
}

Deoptimization events (10 events):
Event: 10.464 Thread 0x000000000929d800 Uncommon trap: reason=unstable_if action=reinterpret pc=0x000000000f31ca7c method=org.codehaus.groovy.ast.ClassNode.getUnresolvedSuperClass(Z)Lorg/codehaus/groovy/ast/ClassNode; @ 16
Event: 10.640 Thread 0x000000000929d800 Uncommon trap: reason=unstable_if action=reinterpret pc=0x000000000f84497c method=java.lang.reflect.AccessibleObject.setAccessible0(Ljava/lang/reflect/AccessibleObject;Z)V @ 23
Event: 10.650 Thread 0x000000000929d800 Uncommon trap: reason=class_check action=maybe_recompile pc=0x000000000f83d230 method=org.codehaus.groovy.reflection.ParameterTypes.getParametersTypes0()V @ 16
Event: 10.650 Thread 0x000000000929d800 Uncommon trap: reason=class_check action=maybe_recompile pc=0x000000000f83d230 method=org.codehaus.groovy.reflection.ParameterTypes.getParametersTypes0()V @ 16
Event: 10.650 Thread 0x000000000929d800 Uncommon trap: reason=class_check action=maybe_recompile pc=0x000000000f83d230 method=org.codehaus.groovy.reflection.ParameterTypes.getParametersTypes0()V @ 16
Event: 10.650 Thread 0x000000000929d800 Uncommon trap: reason=class_check action=maybe_recompile pc=0x000000000f83d230 method=org.codehaus.groovy.reflection.ParameterTypes.getParametersTypes0()V @ 16
Event: 10.807 Thread 0x000000000929d800 Uncommon trap: reason=class_check action=maybe_recompile pc=0x000000000f132548 method=com.google.common.base.Equivalence$Equals.doHash(Ljava/lang/Object;)I @ 1
Event: 10.822 Thread 0x000000000929d800 Uncommon trap: reason=class_check action=maybe_recompile pc=0x000000000f132548 method=com.google.common.base.Equivalence$Equals.doHash(Ljava/lang/Object;)I @ 1
Event: 10.826 Thread 0x000000000929d800 Uncommon trap: reason=class_check action=maybe_recompile pc=0x000000000f132548 method=com.google.common.base.Equivalence$Equals.doHash(Ljava/lang/Object;)I @ 1
Event: 10.832 Thread 0x000000000929d800 Uncommon trap: reason=class_check action=maybe_recompile pc=0x000000000f132548 method=com.google.common.base.Equivalence$Equals.doHash(Ljava/lang/Object;)I @ 1

Internal exceptions (10 events):
Event: 11.324 Thread 0x000000000929d800 Exception <a 'java/lang/ClassNotFoundException': org/gradle/plugins/ide/idea/GenerateIdeaModule_DecoratedBeanInfo> (0x00000000f0f705a8) thrown at [D:\re\workspace\8-2-build-windows-amd64-cygwin\jdk8u40\3098\hotspot\src\share\vm\classfile\systemDictionary.cP·•E¶&@
Event: 11.325 Thread 0x000000000929d800 Exception <a 'java/lang/ClassNotFoundException': org/gradle/plugins/ide/idea/GenerateIdeaModuleBeanInfo> (0x00000000f0f8b238) thrown at [D:\re\workspace\8-2-build-windows-amd64-cygwin\jdk8u40\3098\hotspot\src\share\vm\classfile\systemDictionary.cpp, line 24LäÒè¶&@
Event: 11.325 Thread 0x000000000929d800 Exception <a 'java/lang/ClassNotFoundException': org/gradle/plugins/ide/idea/GenerateIdeaModuleCustomizer> (0x00000000f0fa6c70) thrown at [D:\re\workspace\8-2-build-windows-amd64-cygwin\jdk8u40\3098\hotspot\src\share\vm\classfile\systemDictionary.cpp, lineòu^ìß&@
Event: 11.327 Thread 0x000000000929d800 Exception <a 'java/lang/ClassNotFoundException': org/gradle/plugins/ide/idea/GenerateIdeaModule_DecoratedCustomizer> (0x00000000f1009b30) thrown at [D:\re\workspace\8-2-build-windows-amd64-cygwin\jdk8u40\3098\hotspot\src\share\vm\classfile\systemDictionaryï¡€±ﬁ∞&@
Event: 11.345 Thread 0x000000000929d800 Exception <a 'java/lang/ClassNotFoundException': org/gradle/plugins/ide/idea/model/IdeaModuleImlBeanInfo> (0x00000000f10c8a58) thrown at [D:\re\workspace\8-2-build-windows-amd64-cygwin\jdk8u40\3098\hotspot\src\share\vm\classfile\systemDictionary.cpp, line 
Event: 11.348 Thread 0x000000000929d800 Exception <a 'java/lang/ClassNotFoundException': org/gradle/plugins/ide/idea/model/IdeaModuleImlCustomizer> (0x00000000f10e4548) thrown at [D:\re\workspace\8-2-build-windows-amd64-cygwin\jdk8u40\3098\hotspot\src\share\vm\classfile\systemDictionary.cpp, lin"Dm+∂&@
Event: 11.356 Thread 0x000000000929d800 Exception <a 'java/lang/ClassNotFoundException': org/gradle/plugins/ide/idea/model/IdeaModule_DecoratedBeanInfo> (0x00000000f11ae0b8) thrown at [D:\re\workspace\8-2-build-windows-amd64-cygwin\jdk8u40\3098\hotspot\src\share\vm\classfile\systemDictionary.cpp⁄4Ís∂&@
Event: 11.356 Thread 0x000000000929d800 Exception <a 'java/lang/ClassNotFoundException': org/gradle/plugins/ide/idea/model/IdeaModuleBeanInfo> (0x00000000f11c90d0) thrown at [D:\re\workspace\8-2-build-windows-amd64-cygwin\jdk8u40\3098\hotspot\src\share\vm\classfile\systemDictionary.cpp, line 2109÷:∫∂&@
Event: 11.357 Thread 0x000000000929d800 Exception <a 'java/lang/ClassNotFoundException': org/gradle/plugins/ide/idea/model/IdeaModuleCustomizer> (0x00000000f11e4660) thrown at [D:\re\workspace\8-2-build-windows-amd64-cygwin\jdk8u40\3098\hotspot\src\share\vm\classfile\systemDictionary.cpp, line 2!ÈTâ2∏&@
Event: 11.360 Thread 0x000000000929d800 Exception <a 'java/lang/ClassNotFoundException': org/gradle/plugins/ide/idea/model/IdeaModule_DecoratedCustomizer> (0x00000000f1265e10) thrown at [D:\re\workspace\8-2-build-windows-amd64-cygwin\jdk8u40\3098\hotspot\src\share\vm\classfile\systemDictionary.cÉ'˜•&@

Events (10 events):
Event: 11.360 loading class org/gradle/plugins/ide/idea/model/IdeaModule_DecoratedCustomizer done
Event: 11.360 Executing VM operation: ParallelGCFailedAllocation
Event: 11.388 Executing VM operation: ParallelGCFailedAllocation done
Event: 11.390 Thread 0x00000000073f9800 flushing nmethod 0x000000000f14f690
Event: 11.390 Executing VM operation: RevokeBias
Event: 11.390 Executing VM operation: RevokeBias done
Event: 11.390 Executing VM operation: RevokeBias
Event: 11.390 Executing VM operation: RevokeBias done
Event: 11.390 loading class groovy/runtime/metaclass/org/gradle/plugins/ide/idea/GenerateIdeaModuleMetaClass
Event: 11.390 loading class groovy/runtime/metaclass/org/gradle/plugins/ide/idea/GenerateIdeaModuleMetaClass done


Dynamic libraries:
0x000000013f470000 - 0x000000013f4a7000 	C:\Program Files\Java\jdk1.8.0_40\bin\java.exe
0x00000000774b0000 - 0x000000007765a000 	C:\Windows\SYSTEM32\ntdll.dll
0x0000000077290000 - 0x00000000773af000 	C:\Windows\system32\kernel32.dll
0x000007fefd570000 - 0x000007fefd5da000 	C:\Windows\system32\KERNELBASE.dll
0x000007fefdac0000 - 0x000007fefdb9b000 	C:\Windows\system32\ADVAPI32.dll
0x000007fefefa0000 - 0x000007feff03f000 	C:\Windows\system32\msvcrt.dll
0x000007feff1d0000 - 0x000007feff1ef000 	C:\Windows\SYSTEM32\sechost.dll
0x000007fefd990000 - 0x000007fefdabd000 	C:\Windows\system32\RPCRT4.dll
0x00000000773b0000 - 0x00000000774aa000 	C:\Windows\system32\USER32.dll
0x000007fefef30000 - 0x000007fefef97000 	C:\Windows\system32\GDI32.dll
0x000007fefd670000 - 0x000007fefd67e000 	C:\Windows\system32\LPK.dll
0x000007feff1f0000 - 0x000007feff2ba000 	C:\Windows\system32\USP10.dll
0x000007fefbd60000 - 0x000007fefbf54000 	C:\Windows\WinSxS\amd64_microsoft.windows.common-controls_6595b64144ccf1df_6.0.7601.18837_none_fa3b1e3d17594757\COMCTL32.dll
0x000007fefd5f0000 - 0x000007fefd661000 	C:\Windows\system32\SHLWAPI.dll
0x000007fefd730000 - 0x000007fefd75e000 	C:\Windows\system32\IMM32.DLL
0x000007feff0c0000 - 0x000007feff1c9000 	C:\Windows\system32\MSCTF.dll
0x000007fefd160000 - 0x000007fefd191000 	C:\Windows\system32\nvinitx.dll
0x000000000f000000 - 0x000000000f006000 	C:\Program Files\NVIDIA Corporation\CoProcManager\detoured.dll
0x000007fefa050000 - 0x000007fefa082000 	C:\Program Files\NVIDIA Corporation\CoProcManager\nvd3d9wrapx.dll
0x000007feff4b0000 - 0x000007feff687000 	C:\Windows\system32\SETUPAPI.dll
0x000007fefd4a0000 - 0x000007fefd4d6000 	C:\Windows\system32\CFGMGR32.dll
0x000007feff690000 - 0x000007feff768000 	C:\Windows\system32\OLEAUT32.dll
0x000007fefd760000 - 0x000007fefd963000 	C:\Windows\system32\ole32.dll
0x000007fefd310000 - 0x000007fefd32a000 	C:\Windows\system32\DEVOBJ.dll
0x000007fef9f60000 - 0x000007fef9f82000 	C:\Program Files\NVIDIA Corporation\CoProcManager\nvdxgiwrapx.dll
0x0000000078d10000 - 0x0000000078de2000 	C:\Program Files\Java\jdk1.8.0_40\jre\bin\msvcr100.dll
0x00000000701b0000 - 0x0000000070a33000 	C:\Program Files\Java\jdk1.8.0_40\jre\bin\server\jvm.dll
0x000007fef6b00000 - 0x000007fef6b09000 	C:\Windows\system32\WSOCK32.dll
0x000007feff770000 - 0x000007feff7bd000 	C:\Windows\system32\WS2_32.dll
0x000007fefd680000 - 0x000007fefd688000 	C:\Windows\system32\NSI.dll
0x000007fefafe0000 - 0x000007fefb01b000 	C:\Windows\system32\WINMM.dll
0x000007fefc280000 - 0x000007fefc28c000 	C:\Windows\system32\VERSION.dll
0x0000000077680000 - 0x0000000077687000 	C:\Windows\system32\PSAPI.DLL
0x0000000000330000 - 0x000000000033f000 	C:\Program Files\Java\jdk1.8.0_40\jre\bin\verify.dll
0x000000006ca20000 - 0x000000006ca49000 	C:\Program Files\Java\jdk1.8.0_40\jre\bin\java.dll
0x0000000000370000 - 0x0000000000386000 	C:\Program Files\Java\jdk1.8.0_40\jre\bin\zip.dll
0x000007fefdba0000 - 0x000007fefe929000 	C:\Windows\system32\SHELL32.dll
0x000007fefd230000 - 0x000007fefd23f000 	C:\Windows\system32\profapi.dll
0x000000006f4f0000 - 0x000000006f50a000 	C:\Program Files\Java\jdk1.8.0_40\jre\bin\net.dll
0x000007fefc9d0000 - 0x000007fefca25000 	C:\Windows\system32\mswsock.dll
0x000007fefc9c0000 - 0x000007fefc9c7000 	C:\Windows\System32\wship6.dll
0x000000006f670000 - 0x000000006f681000 	C:\Program Files\Java\jdk1.8.0_40\jre\bin\nio.dll
0x000007fee5120000 - 0x000007fee5132000 	C:\Users\fdarmoch\.gradle\native\19\windows-amd64\native-platform.dll
0x000007fef9370000 - 0x000007fef9397000 	C:\Windows\system32\IPHLPAPI.DLL
0x000007fef9360000 - 0x000007fef936b000 	C:\Windows\system32\WINNSI.DLL
0x000007fef9340000 - 0x000007fef9351000 	C:\Windows\system32\dhcpcsvc6.DLL
0x000007fef9320000 - 0x000007fef9338000 	C:\Windows\system32\dhcpcsvc.DLL
0x000007fefca30000 - 0x000007fefca48000 	C:\Windows\system32\CRYPTSP.dll
0x000007fefc730000 - 0x000007fefc777000 	C:\Windows\system32\rsaenh.dll
0x0000000002260000 - 0x000000000227e000 	C:\Windows\system32\USERENV.dll
0x000007fefd090000 - 0x000007fefd09f000 	C:\Windows\system32\CRYPTBASE.dll
0x000007fefd030000 - 0x000007fefd087000 	C:\Windows\system32\apphelp.dll
0x0000000070120000 - 0x000000007012d000 	C:\Program Files\Java\jdk1.8.0_40\jre\bin\management.dll
0x000007fee6570000 - 0x000007fee6695000 	C:\Windows\system32\dbghelp.dll

VM Arguments:
jvm_args: -XX:MaxPermSize=256m -XX:+HeapDumpOnOutOfMemoryError -Xmx1024m -Dfile.encoding=windows-1250 -Duser.country=PL -Duser.language=pl -Duser.variant 
java_command: org.gradle.launcher.daemon.bootstrap.GradleDaemon 2.5
java_class_path (initial): C:\Users\fdarmoch\.gradle\wrapper\dists\gradle-2.5-bin\7mk8vyobxfh3eazpg3pi2y9mv\gradle-2.5\lib\gradle-launcher-2.5.jar
Launcher Type: SUN_STANDARD

Environment Variables:
JAVA_HOME=C:\Program Files\Java\jdk1.8.0_40
PATH=C:\Program Files\ImageMagick-6.9.3-Q16;C:\Program Files (x86)\Cuminas\Document Express DjVu Plug-in\;C:\Perl64\site\bin;C:\Perl64\bin;C:\ProgramData\Oracle\Java\javapath;C:\Program Files (x86)\PC Connectivity Solution\;C:\Windows\system32;C:\Windows;C:\Windows\System32\Wbem;C:\Windows\System32\WindowsPowerShell\v1.0\;C:\Program Files (x86)\Intel\OpenCL SDK\3.0\bin\x86;C:\Program Files (x86)\Intel\OpenCL SDK\3.0\bin\x64;C:\Program Files\Intel\WiFi\bin\;C:\Program Files\Common Files\Intel\WirelessCommon\;C:\Program Files\Microsoft SQL Server\110\Tools\Binn\;C:\Program Files\TortoiseSVN\bin;C:\Program Files\SlikSvn\bin;C:\Program Files\Microsoft SQL Server\Client SDK\ODBC\110\Tools\Binn\;C:\Program Files (x86)\Microsoft SQL Server\120\Tools\Binn\ManagementStudio\;C:\Program Files (x86)\Microsoft SQL Server\120\Tools\Binn\;C:\Program Files\Microsoft SQL Server\120\Tools\Binn\;C:\Program Files (x86)\Microsoft SQL Server\120\DTS\Binn\;C:\Program Files\Microsoft SQL Server\120\DTS\Binn\;C:\Program Files (x86)\Microsoft Visual Studio 12.0\Common7\IDE\PrivateAssemblies\;C:\Program Files\Microsoft\Web Platform Installer\;C:\Program Files (x86)\Microsoft ASP.NET\ASP.NET Web Pages\v1.0\;C:\Program Files (x86)\Microsoft SDKs\TypeScript\1.0\;C:\Program Files (x86)\Google\Google Apps Migration\;C:\Program Files (x86)\Skype\Phone\;C:\Users\fdarmoch\android-sdks;C:\Program Files\apache-maven-3.3.9-bin\apache-maven-3.3.9\bin;C:\Program Files\apache-ant-1.9.6\bin;C:\Program Files (x86)\Android\android-sdk\tools;C:\Program Files (x86)\Android\android-sdk\platform-tools;C:\Program Files\Git\bin;C:\Program Files\Calibre2\;C:\Program Files\OpenVPN\bin;C:\Program Files (x86)\Heroku\bin;C:\Program Files (x86)\git\cmd;C:\Program Files (x86)\Git\cmd;C:\Program Files (x86)\OpenVPN\bin;
USERNAME=fdarmoch
OS=Windows_NT
PROCESSOR_IDENTIFIER=Intel64 Family 6 Model 60 Stepping 3, GenuineIntel



---------------  S Y S T E M  ---------------

OS: Windows 7 , 64 bit Build 7601 (6.1.7601.23418)

CPU:total 4 (2 cores per cpu, 2 threads per core) family 6 model 60 stepping 3, cmov, cx8, fxsr, mmx, sse, sse2, sse3, ssse3, sse4.1, sse4.2, popcnt, avx, avx2, aes, clmul, erms, lzcnt, ht, tsc, tscinvbit, bmi1, bmi2

Memory: 4k page, physical 8096200k(331500k free), swap 9281524k(8600k free)

vm_info: Java HotSpot(TM) 64-Bit Server VM (25.40-b25) for windows-amd64 JRE (1.8.0_40-b26), built on Mar  7 2015 13:51:59 by "java_re" with MS VC++ 10.0 (VS2010)

time: Tue Jun 14 13:39:24 2016
elapsed time: 11 seconds (0d 0h 0m 11s)

