#
# There is insufficient memory for the Java Runtime Environment to continue.
# Native memory allocation (malloc) failed to allocate 754064 bytes for Chunk::new
# Possible reasons:
#   The system is out of physical RAM or swap space
#   In 32 bit mode, the process size limit was hit
# Possible solutions:
#   Reduce memory load on the system
#   Increase physical memory or swap space
#   Check if swap backing store is full
#   Use 64 bit Java on a 64 bit OS
#   Decrease Java heap size (-Xmx/-Xms)
#   Decrease number of Java threads
#   Decrease Java thread stack sizes (-Xss)
#   Set larger code cache with -XX:ReservedCodeCacheSize=
# This output file may be truncated or incomplete.
#
#  Out of Memory Error (allocation.cpp:390), pid=11204, tid=14356
#
# JRE version: Java(TM) SE Runtime Environment (8.0_51-b16) (build 1.8.0_51-b16)
# Java VM: Java HotSpot(TM) 64-Bit Server VM (25.51-b03 mixed mode windows-amd64 compressed oops)
# Failed to write core dump. Minidumps are not enabled by default on client versions of Windows
#

---------------  T H R E A D  ---------------

Current thread (0x0000000008aff800):  JavaThread "C2 CompilerThread0" daemon [_thread_in_native, id=14356, stack(0x000000000a790000,0x000000000a890000)]

Stack: [0x000000000a790000,0x000000000a890000]
Native frames: (J=compiled Java code, j=interpreted, Vv=VM code, C=native code)
V  [verify.dll+0x32b4ca]


Current CompileTask:
C2:   3308  289       4       java.io.WinNTFileSystem::normalize (143 bytes)


---------------  P R O C E S S  ---------------

Java Threads: ( => current thread )
  0x000000000afa4800 JavaThread "Monitor Ctrl-Break" daemon [_thread_in_native, id=14432, stack(0x000000000b7a0000,0x000000000b8a0000)]
  0x000000000a1cc000 JavaThread "Service Thread" daemon [_thread_blocked, id=14368, stack(0x000000000ab40000,0x000000000ac40000)]
  0x000000000a197000 JavaThread "C1 CompilerThread2" daemon [_thread_blocked, id=14364, stack(0x000000000a990000,0x000000000aa90000)]
  0x000000000a159800 JavaThread "C2 CompilerThread1" daemon [_thread_in_native, id=14360, stack(0x0000000009ec0000,0x0000000009fc0000)]
=>0x0000000008aff800 JavaThread "C2 CompilerThread0" daemon [_thread_in_native, id=14356, stack(0x000000000a790000,0x000000000a890000)]
  0x0000000008afd800 JavaThread "Attach Listener" daemon [_thread_blocked, id=14352, stack(0x000000000a590000,0x000000000a690000)]
  0x0000000008afc000 JavaThread "Signal Dispatcher" daemon [_thread_blocked, id=14348, stack(0x0000000009c90000,0x0000000009d90000)]
  0x0000000008a99800 JavaThread "Finalizer" daemon [_thread_blocked, id=7528, stack(0x000000000a050000,0x000000000a150000)]
  0x0000000008a98800 JavaThread "Reference Handler" daemon [_thread_blocked, id=12568, stack(0x0000000009d90000,0x0000000009e90000)]
  0x0000000002a4f800 JavaThread "main" [_thread_in_vm, id=8680, stack(0x0000000002d00000,0x0000000002e00000)]

Other Threads:
  0x0000000008a93000 VMThread [stack: 0x0000000009b80000,0x0000000009c80000] [id=12088]
  0x000000000a239800 WatcherThread [stack: 0x000000000ad40000,0x000000000ae40000] [id=14372]

VM state:not at safepoint (normal execution)

VM Mutex/Monitor currently owned by a thread:  ([mutex/lock_event])
[0x0000000002a4e080] AdapterHandlerLibrary_lock - owner thread: 0x0000000002a4f800

Heap:
 PSYoungGen      total 36864K, used 13382K [0x00000000d6d00000, 0x00000000d9600000, 0x0000000100000000)
  eden space 31744K, 42% used [0x00000000d6d00000,0x00000000d7a11a00,0x00000000d8c00000)
  from space 5120K, 0% used [0x00000000d9100000,0x00000000d9100000,0x00000000d9600000)
  to   space 5120K, 0% used [0x00000000d8c00000,0x00000000d8c00000,0x00000000d9100000)
 ParOldGen       total 84992K, used 0K [0x0000000084600000, 0x0000000089900000, 0x00000000d6d00000)
  object space 84992K, 0% used [0x0000000084600000,0x0000000084600000,0x0000000089900000)
 Metaspace       used 4777K, capacity 5132K, committed 5248K, reserved 1056768K
  class space    used 551K, capacity 564K, committed 640K, reserved 1048576K

Card table byte_map: [0x0000000003490000,0x0000000003870000] byte_map_base: 0x000000000306d000

Marking Bits: (ParMarkBitMap*) 0x0000000002984040
 Begin Bits: [0x0000000003f50000, 0x0000000005e38000)
 End Bits:   [0x0000000005e38000, 0x0000000007d20000)

Polling page: 0x0000000000330000

CodeCache: size=245760Kb used=1918Kb max_used=1918Kb free=243841Kb
 bounds [0x000000000f010000, 0x000000000f280000, 0x000000001e010000]
 total_blobs=585 nmethods=311 adapters=187
 compilation: enabled

Compilation events (10 events):
Event: 3.296 Thread 0x000000000a197000 nmethod 307 0x000000000f1ea190 code [0x000000000f1ea3a0, 0x000000000f1eaf38]
Event: 3.296 Thread 0x000000000a197000  308       3       java.util.StringTokenizer::scanToken (179 bytes)
Event: 3.297 Thread 0x000000000a159800 nmethod 305 0x000000000f1ee3d0 code [0x000000000f1ee520, 0x000000000f1ee928]
Event: 3.298 Thread 0x000000000a197000 nmethod 308 0x000000000f1ec710 code [0x000000000f1ec980, 0x000000000f1edc58]
Event: 3.298 Thread 0x000000000a197000  309       3       java.util.StringTokenizer::nextToken (92 bytes)
Event: 3.298 Thread 0x000000000a197000 nmethod 309 0x000000000f1ec010 code [0x000000000f1ec1c0, 0x000000000f1ec5b8]
Event: 3.298 Thread 0x000000000a197000  310       1       java.lang.Class::getClassLoader0 (5 bytes)
Event: 3.298 Thread 0x000000000a197000 nmethod 310 0x000000000f1e4210 code [0x000000000f1e4360, 0x000000000f1e4470]
Event: 3.298 Thread 0x000000000a159800  311   !   4       java.util.zip.ZipFile::getEntry (86 bytes)
Event: 3.304 Thread 0x000000000a197000  312       3       java.util.WeakHashMap::put (162 bytes)

GC Heap History (0 events):
No events

Deoptimization events (2 events):
Event: 2.996 Thread 0x0000000002a4f800 Uncommon trap: reason=unstable_if action=reinterpret pc=0x000000000f11c4d0 method=java.lang.String.hashCode()I @ 14
Event: 3.282 Thread 0x0000000002a4f800 Uncommon trap: reason=unstable_if action=reinterpret pc=0x000000000f1c85a8 method=sun.misc.MetaIndex.mayContain(Ljava/lang/String;)Z @ 38

Internal exceptions (7 events):
Event: 0.088 Thread 0x0000000002a4f800 Exception <a 'java/lang/NoSuchMethodError': Method sun.misc.Unsafe.defineClass(Ljava/lang/String;[BII)Ljava/lang/Class; name or signature does not match> (0x00000000d6d12c50) thrown at [C:\re\workspace\8-2-build-windows-amd64-cygwin\jdk8u51\3951\hotspot\srµí©á;Ÿ¶?
Event: 0.088 Thread 0x0000000002a4f800 Exception <a 'java/lang/NoSuchMethodError': Method sun.misc.Unsafe.prefetchRead(Ljava/lang/Object;J)V name or signature does not match> (0x00000000d6d12ee0) thrown at [C:\re\workspace\8-2-build-windows-amd64-cygwin\jdk8u51\3951\hotspot\src\share\vm\prims\j:ÏèvQ|@
Event: 3.061 Thread 0x0000000002a4f800 Exception <a 'java/security/PrivilegedActionException'> (0x00000000d7245938) thrown at [C:\re\workspace\8-2-build-windows-amd64-cygwin\jdk8u51\3951\hotspot\src\share\vm\prims\jvm.cpp, line 1382]
Event: 3.061 Thread 0x0000000002a4f800 Exception <a 'java/security/PrivilegedActionException'> (0x00000000d7245af0) thrown at [C:\re\workspace\8-2-build-windows-amd64-cygwin\jdk8u51\3951\hotspot\src\share\vm\prims\jvm.cpp, line 1382]
Event: 3.061 Thread 0x0000000002a4f800 Exception <a 'java/security/PrivilegedActionException'> (0x00000000d7249a18) thrown at [C:\re\workspace\8-2-build-windows-amd64-cygwin\jdk8u51\3951\hotspot\src\share\vm\prims\jvm.cpp, line 1382]
Event: 3.061 Thread 0x0000000002a4f800 Exception <a 'java/security/PrivilegedActionException'> (0x00000000d7249bd0) thrown at [C:\re\workspace\8-2-build-windows-amd64-cygwin\jdk8u51\3951\hotspot\src\share\vm\prims\jvm.cpp, line 1382]
Event: 3.180 Thread 0x0000000002a4f800 Exception <a 'java/io/FileNotFoundException'> (0x00000000d7435f80) thrown at [C:\re\workspace\8-2-build-windows-amd64-cygwin\jdk8u51\3951\hotspot\src\share\vm\prims\jni.cpp, line 709]

Events (10 events):
Event: 3.300 loading class java/text/DigitList
Event: 3.300 loading class java/text/DigitList done
Event: 3.300 loading class java/math/RoundingMode
Event: 3.301 loading class java/math/RoundingMode done
Event: 3.301 loading class ch/qos/logback/classic/pattern/TargetLengthBasedClassNameAbbreviator
Event: 3.301 loading class ch/qos/logback/classic/pattern/TargetLengthBasedClassNameAbbreviator done
Event: 3.302 loading class ch/qos/logback/core/util/EnvUtil
Event: 3.302 loading class ch/qos/logback/core/util/EnvUtil done
Event: 3.304 loading class ch/qos/logback/core/spi/AppenderAttachableImpl
Event: 3.304 loading class ch/qos/logback/core/spi/AppenderAttachableImpl done


Dynamic libraries:
0x000000013f310000 - 0x000000013f347000 	C:\Program Files\Java\jdk1.8.0_51\bin\java.exe
0x00000000770e0000 - 0x0000000077289000 	C:\Windows\SYSTEM32\ntdll.dll
0x0000000076fc0000 - 0x00000000770df000 	C:\Windows\system32\kernel32.dll
0x000007fefcf40000 - 0x000007fefcfac000 	C:\Windows\system32\KERNELBASE.dll
0x000007feff120000 - 0x000007feff1fb000 	C:\Windows\system32\ADVAPI32.dll
0x000007fefeec0000 - 0x000007fefef5f000 	C:\Windows\system32\msvcrt.dll
0x000007fefecb0000 - 0x000007fefeccf000 	C:\Windows\SYSTEM32\sechost.dll
0x000007fefd6c0000 - 0x000007fefd7ed000 	C:\Windows\system32\RPCRT4.dll
0x0000000076ec0000 - 0x0000000076fba000 	C:\Windows\system32\USER32.dll
0x000007fefd260000 - 0x000007fefd2c7000 	C:\Windows\system32\GDI32.dll
0x000007fefd2d0000 - 0x000007fefd2de000 	C:\Windows\system32\LPK.dll
0x000007fefd550000 - 0x000007fefd61a000 	C:\Windows\system32\USP10.dll
0x000007fefb460000 - 0x000007fefb654000 	C:\Windows\WinSxS\amd64_microsoft.windows.common-controls_6595b64144ccf1df_6.0.7601.18837_none_fa3b1e3d17594757\COMCTL32.dll
0x000007feff2a0000 - 0x000007feff311000 	C:\Windows\system32\SHLWAPI.dll
0x000007fefef60000 - 0x000007fefef8e000 	C:\Windows\system32\IMM32.DLL
0x000007fefecd0000 - 0x000007fefedd9000 	C:\Windows\system32\MSCTF.dll
0x000007fefcdb0000 - 0x000007fefcde1000 	C:\Windows\system32\nvinitx.dll
0x000000000f000000 - 0x000000000f006000 	C:\Program Files\NVIDIA Corporation\CoProcManager\detoured.dll
0x000007fef9d80000 - 0x000007fef9db2000 	C:\Program Files\NVIDIA Corporation\CoProcManager\nvd3d9wrapx.dll
0x000007fefdd30000 - 0x000007fefdf07000 	C:\Windows\system32\SETUPAPI.dll
0x000007fefcea0000 - 0x000007fefced6000 	C:\Windows\system32\CFGMGR32.dll
0x000007fefede0000 - 0x000007fefeeb7000 	C:\Windows\system32\OLEAUT32.dll
0x000007fefdac0000 - 0x000007fefdcc3000 	C:\Windows\system32\ole32.dll
0x000007fefcf20000 - 0x000007fefcf3a000 	C:\Windows\system32\DEVOBJ.dll
0x000007fef99e0000 - 0x000007fef9a02000 	C:\Program Files\NVIDIA Corporation\CoProcManager\nvdxgiwrapx.dll
0x00000000790c0000 - 0x0000000079192000 	C:\Program Files\Java\jdk1.8.0_51\jre\bin\msvcr100.dll
0x0000000002180000 - 0x0000000002a03000 	C:\Program Files\Java\jdk1.8.0_51\jre\bin\server\jvm.dll
0x000007fef6980000 - 0x000007fef6989000 	C:\Windows\system32\WSOCK32.dll
0x000007feff320000 - 0x000007feff36d000 	C:\Windows\system32\WS2_32.dll
0x000007fefeca0000 - 0x000007fefeca8000 	C:\Windows\system32\NSI.dll
0x000007fefac50000 - 0x000007fefac8b000 	C:\Windows\system32\WINMM.dll
0x000007fefbed0000 - 0x000007fefbedc000 	C:\Windows\system32\VERSION.dll
0x00000000772b0000 - 0x00000000772b7000 	C:\Windows\system32\PSAPI.DLL
0x0000000070c10000 - 0x0000000070c1f000 	C:\Program Files\Java\jdk1.8.0_51\jre\bin\verify.dll
0x000000006d790000 - 0x000000006d7b9000 	C:\Program Files\Java\jdk1.8.0_51\jre\bin\java.dll
0x000000006ff10000 - 0x000000006ff26000 	C:\Program Files\Java\jdk1.8.0_51\jre\bin\zip.dll
0x000007fefdf10000 - 0x000007fefec99000 	C:\Windows\system32\SHELL32.dll
0x000007fefce80000 - 0x000007fefce8f000 	C:\Windows\system32\profapi.dll
0x000007fef7250000 - 0x000007fef7260000 	C:\Program Files (x86)\JetBrains\IntelliJ IDEA 15.0.2\bin\breakgen64.dll
0x000000006fee0000 - 0x000000006fefa000 	C:\Program Files\Java\jdk1.8.0_51\jre\bin\net.dll
0x000007fefc600000 - 0x000007fefc655000 	C:\Windows\system32\mswsock.dll
0x000007fefc690000 - 0x000007fefc697000 	C:\Windows\System32\wship6.dll

VM Arguments:
jvm_args: -Didea.launcher.port=7532 -Didea.launcher.bin.path=C:\Program Files (x86)\JetBrains\IntelliJ IDEA 15.0.2\bin -Dfile.encoding=UTF-8 
java_command: com.intellij.rt.execution.application.AppMain com.ai.AiProjectApplication --spring.output.ansi.enabled=always
java_class_path (initial): C:\Program Files\Java\jdk1.8.0_51\jre\lib\charsets.jar;C:\Program Files\Java\jdk1.8.0_51\jre\lib\deploy.jar;C:\Program Files\Java\jdk1.8.0_51\jre\lib\ext\access-bridge-64.jar;C:\Program Files\Java\jdk1.8.0_51\jre\lib\ext\cldrdata.jar;C:\Program Files\Java\jdk1.8.0_51\jre\lib\ext\dnsns.jar;C:\Program Files\Java\jdk1.8.0_51\jre\lib\ext\jaccess.jar;C:\Program Files\Java\jdk1.8.0_51\jre\lib\ext\jfxrt.jar;C:\Program Files\Java\jdk1.8.0_51\jre\lib\ext\localedata.jar;C:\Program Files\Java\jdk1.8.0_51\jre\lib\ext\nashorn.jar;C:\Program Files\Java\jdk1.8.0_51\jre\lib\ext\sunec.jar;C:\Program Files\Java\jdk1.8.0_51\jre\lib\ext\sunjce_provider.jar;C:\Program Files\Java\jdk1.8.0_51\jre\lib\ext\sunmscapi.jar;C:\Program Files\Java\jdk1.8.0_51\jre\lib\ext\sunpkcs11.jar;C:\Program Files\Java\jdk1.8.0_51\jre\lib\ext\zipfs.jar;C:\Program Files\Java\jdk1.8.0_51\jre\lib\javaws.jar;C:\Program Files\Java\jdk1.8.0_51\jre\lib\jce.jar;C:\Program Files\Java\jdk1.8.0_51\jre\lib\jfr.jar;C:\Program Files\Java\jdk1.8.0_51\jre\lib\jfxswt.jar;C:\Program Files\Java\jdk1.8.0_51\jre\lib\jsse.jar;C:\Program Files\Java\jdk1.8.0_51\jre\lib\management-agent.jar;C:\Program Files\Java\jdk1.8.0_51\jre\lib\plugin.jar;C:\Program Files\Java\jdk1.8.0_51\jre\lib\resources.jar;C:\Program Files\Java\jdk1.8.0_51\jre\lib\rt.jar;C:\Users\fdarmoch\IdeaProjects\Inzynierka\build\classes\main;C:\Users\fdarmoch\IdeaProjects\Inzynierka\build\resources\main;C:\Users\fdarmoch\.gradle\caches\modules-2\files-2.1\org.springframework.boot\spring-boot-starter-data-jpa\1.3.1.RELEASE\2ab6101dff6b2a35dd7ee5ed1b904af96504d3f1\spring-boot-starter-data-jpa-1.3.1.RELEASE.jar;C:\Users\fdarmoch\.gradle\caches\modules-2\files-2.1\org.springframework.boot\spring-boot-starter-jdbc\1.3.1.RELEASE\6fdd3124a3aa9eaa4d4ac0adde03c734676e40bd\spring-boot-starter-jdbc-1.3.1.RELEASE.jar;C:\Users\fdarmoch\.gradle\caches\modules-2\files-2.1\org.springframework.boot\spring-boot-starter-security\1.3.1.RELEASE\8a71c21b3d9ef6bdd
Launcher Type: SUN_STANDARD

Environment Variables:
JAVA_HOME=C:\Program Files\Java\jdk1.8.0_40
PATH=C:\Program Files (x86)\Cuminas\Document Express DjVu Plug-in\;C:\Perl64\site\bin;C:\Perl64\bin;C:\ProgramData\Oracle\Java\javapath;C:\Program Files (x86)\PC Connectivity Solution\;C:\Windows\system32;C:\Windows;C:\Windows\System32\Wbem;C:\Windows\System32\WindowsPowerShell\v1.0\;C:\Program Files (x86)\Intel\OpenCL SDK\3.0\bin\x86;C:\Program Files (x86)\Intel\OpenCL SDK\3.0\bin\x64;C:\Program Files\Intel\WiFi\bin\;C:\Program Files\Common Files\Intel\WirelessCommon\;C:\Program Files\Microsoft SQL Server\110\Tools\Binn\;C:\Program Files\TortoiseSVN\bin;C:\Program Files\SlikSvn\bin;C:\Program Files\Microsoft SQL Server\Client SDK\ODBC\110\Tools\Binn\;C:\Program Files (x86)\Microsoft SQL Server\120\Tools\Binn\ManagementStudio\;C:\Program Files (x86)\Microsoft SQL Server\120\Tools\Binn\;C:\Program Files\Microsoft SQL Server\120\Tools\Binn\;C:\Program Files (x86)\Microsoft SQL Server\120\DTS\Binn\;C:\Program Files\Microsoft SQL Server\120\DTS\Binn\;C:\Program Files (x86)\Windows Kits\8.1\Windows Performance Toolkit\;C:\Program Files (x86)\Microsoft Visual Studio 12.0\Common7\IDE\PrivateAssemblies\;C:\Program Files\Microsoft\Web Platform Installer\;C:\Program Files (x86)\Microsoft ASP.NET\ASP.NET Web Pages\v1.0\;C:\Program Files (x86)\Microsoft SDKs\TypeScript\1.0\;C:\Program Files (x86)\Google\Google Apps Migration\;C:\Program Files (x86)\Skype\Phone\;C:\Users\fdarmoch\android-sdks;C:\Program Files\apache-maven-3.3.9-bin\apache-maven-3.3.9\bin;C:\Program Files\apache-ant-1.9.6\bin;C:\Program Files (x86)\Android\android-sdk\tools;C:\Program Files (x86)\Android\android-sdk\platform-tools; C:\Program Files\Git\bin
USERNAME=fdarmoch
OS=Windows_NT
PROCESSOR_IDENTIFIER=Intel64 Family 6 Model 60 Stepping 3, GenuineIntel



---------------  S Y S T E M  ---------------

OS: Windows 7 , 64 bit Build 7601 (6.1.7601.19110)

CPU:total 4 (2 cores per cpu, 2 threads per core) family 6 model 60 stepping 3, cmov, cx8, fxsr, mmx, sse, sse2, sse3, ssse3, sse4.1, sse4.2, popcnt, avx, avx2, aes, clmul, erms, lzcnt, ht, tsc, tscinvbit, bmi1, bmi2

Memory: 4k page, physical 8096200k(478588k free), swap 9478432k(5024k free)

vm_info: Java HotSpot(TM) 64-Bit Server VM (25.51-b03) for windows-amd64 JRE (1.8.0_51-b16), built on Jun  8 2015 18:03:07 by "java_re" with MS VC++ 10.0 (VS2010)

time: Sat Jan 30 13:48:44 2016
elapsed time: 3 seconds (0d 0h 0m 3s)

