#
# There is insufficient memory for the Java Runtime Environment to continue.
# Native memory allocation (malloc) failed to allocate 32744 bytes for ChunkPool::allocate
# Possible reasons:
#   The system is out of physical RAM or swap space
#   In 32 bit mode, the process size limit was hit
# Possible solutions:
#   Reduce memory load on the system
#   Increase physical memory or swap space
#   Check if swap backing store is full
#   Use 64 bit Java on a 64 bit OS
#   Decrease Java heap size (-Xmx/-Xms)
#   Decrease number of Java threads
#   Decrease Java thread stack sizes (-Xss)
#   Set larger code cache with -XX:ReservedCodeCacheSize=
# This output file may be truncated or incomplete.
#
#  Out of Memory Error (allocation.cpp:273), pid=13552, tid=4728
#
# JRE version: Java(TM) SE Runtime Environment (8.0_51-b16) (build 1.8.0_51-b16)
# Java VM: Java HotSpot(TM) 64-Bit Server VM (25.51-b03 mixed mode windows-amd64 compressed oops)
# Failed to write core dump. Minidumps are not enabled by default on client versions of Windows
#

---------------  T H R E A D  ---------------

Current thread (0x00000000094d7000):  JavaThread "C2 CompilerThread1" daemon [_thread_in_native, id=4728, stack(0x0000000009900000,0x0000000009a00000)]

Stack: [0x0000000009900000,0x0000000009a00000]
Native frames: (J=compiled Java code, j=interpreted, Vv=VM code, C=native code)
V  [jvm.dll+0x32b4ca]


Current CompileTask:
C2: 287786 6437   !   4       org.springframework.core.annotation.AnnotationUtils::findAnnotation (176 bytes)


---------------  P R O C E S S  ---------------

Java Threads: ( => current thread )
  0x000000000b87a800 JavaThread "http-nio-8080-exec-10" daemon [_thread_blocked, id=10380, stack(0x00000000636d0000,0x00000000637d0000)]
  0x000000000b879800 JavaThread "http-nio-8080-exec-9" daemon [_thread_blocked, id=15120, stack(0x0000000063130000,0x0000000063230000)]
  0x000000000b879000 JavaThread "http-nio-8080-exec-8" daemon [_thread_blocked, id=14740, stack(0x00000000633a0000,0x00000000634a0000)]
  0x000000000b878000 JavaThread "http-nio-8080-exec-7" daemon [_thread_blocked, id=14724, stack(0x0000000062fa0000,0x00000000630a0000)]
  0x000000000b877000 JavaThread "http-nio-8080-exec-6" daemon [_thread_blocked, id=15192, stack(0x0000000062830000,0x0000000062930000)]
  0x000000000b876800 JavaThread "http-nio-8080-exec-5" daemon [_thread_blocked, id=14752, stack(0x0000000062de0000,0x0000000062ee0000)]
  0x000000000dbd6000 JavaThread "http-nio-8080-exec-4" daemon [_thread_blocked, id=10284, stack(0x0000000062aa0000,0x0000000062ba0000)]
  0x000000000dbd5800 JavaThread "http-nio-8080-exec-3" daemon [_thread_blocked, id=12400, stack(0x00000000621f0000,0x00000000622f0000)]
  0x000000000dbd4800 JavaThread "http-nio-8080-exec-2" daemon [_thread_blocked, id=15108, stack(0x00000000617d0000,0x00000000618d0000)]
  0x000000000dbd4000 JavaThread "http-nio-8080-exec-1" daemon [_thread_blocked, id=11492, stack(0x0000000062ca0000,0x0000000062da0000)]
  0x000000000dbd3000 JavaThread "DestroyJavaVM" [_thread_blocked, id=2716, stack(0x0000000002190000,0x0000000002290000)]
  0x000000000dbd2800 JavaThread "http-nio-8080-Acceptor-0" daemon [_thread_in_native, id=10600, stack(0x000000000aa10000,0x000000000ab10000)]
  0x000000000dbd1800 JavaThread "http-nio-8080-ClientPoller-1" daemon [_thread_in_native, id=12700, stack(0x0000000062930000,0x0000000062a30000)]
  0x000000000dbd1000 JavaThread "http-nio-8080-ClientPoller-0" daemon [_thread_in_native, id=15324, stack(0x00000000624e0000,0x00000000625e0000)]
  0x000000000dbd0000 JavaThread "NioBlockingSelector.BlockPoller-1" daemon [_thread_in_native, id=15008, stack(0x0000000062370000,0x0000000062470000)]
  0x000000000d376000 JavaThread "container-0" [_thread_blocked, id=3292, stack(0x00000000611d0000,0x00000000612d0000)]
  0x000000000d4a6000 JavaThread "ContainerBackgroundProcessor[StandardEngine[Tomcat].StandardHost[localhost].StandardContext[]]" daemon [_thread_blocked, id=12320, stack(0x000000000c0d0000,0x000000000c1d0000)]
  0x000000000b3dd800 JavaThread "Abandoned connection cleanup thread" daemon [_thread_blocked, id=15064, stack(0x000000000bf90000,0x000000000c090000)]
  0x000000005ee68800 JavaThread "Tomcat JDBC Pool Cleaner[793589513:1455291996656]" daemon [_thread_blocked, id=5836, stack(0x000000000c410000,0x000000000c510000)]
  0x000000000a385000 JavaThread "Monitor Ctrl-Break" daemon [_thread_in_native, id=15128, stack(0x000000000ab10000,0x000000000ac10000)]
  0x000000000953c000 JavaThread "Service Thread" daemon [_thread_blocked, id=13680, stack(0x000000000a110000,0x000000000a210000)]
  0x00000000094d8000 JavaThread "C1 CompilerThread2" daemon [_thread_blocked, id=6584, stack(0x0000000009e50000,0x0000000009f50000)]
=>0x00000000094d7000 JavaThread "C2 CompilerThread1" daemon [_thread_in_native, id=4728, stack(0x0000000009900000,0x0000000009a00000)]
  0x00000000094d3000 JavaThread "C2 CompilerThread0" daemon [_thread_blocked, id=15188, stack(0x0000000009c80000,0x0000000009d80000)]
  0x00000000094d0800 JavaThread "Attach Listener" daemon [_thread_blocked, id=9512, stack(0x0000000009a60000,0x0000000009b60000)]
  0x000000000806f000 JavaThread "Signal Dispatcher" daemon [_thread_blocked, id=1180, stack(0x0000000008f60000,0x0000000009060000)]
  0x000000000800d800 JavaThread "Finalizer" daemon [_thread_blocked, id=14240, stack(0x00000000093d0000,0x00000000094d0000)]
  0x000000000800c800 JavaThread "Reference Handler" daemon [_thread_blocked, id=12340, stack(0x0000000009260000,0x0000000009360000)]

Other Threads:
  0x0000000008003000 VMThread [stack: 0x0000000009080000,0x0000000009180000] [id=13260]
  0x0000000009572000 WatcherThread [stack: 0x0000000009f90000,0x000000000a090000] [id=15004]

VM state:not at safepoint (normal execution)

VM Mutex/Monitor currently owned by a thread: None

Heap:
 PSYoungGen      total 458240K, used 391242K [0x00000000d6d00000, 0x00000000f3f80000, 0x0000000100000000)
  eden space 440832K, 88% used [0x00000000d6d00000,0x00000000eeb12b98,0x00000000f1b80000)
  from space 17408K, 0% used [0x00000000f2e00000,0x00000000f2e00000,0x00000000f3f00000)
  to   space 18432K, 0% used [0x00000000f1b80000,0x00000000f1b80000,0x00000000f2d80000)
 ParOldGen       total 86528K, used 23333K [0x0000000084600000, 0x0000000089a80000, 0x00000000d6d00000)
  object space 86528K, 26% used [0x0000000084600000,0x0000000085cc9598,0x0000000089a80000)
 Metaspace       used 55690K, capacity 56164K, committed 56616K, reserved 1099776K
  class space    used 6978K, capacity 7131K, committed 7216K, reserved 1048576K

Card table byte_map: [0x0000000002920000,0x0000000002d00000] byte_map_base: 0x00000000024fd000

Marking Bits: (ParMarkBitMap*) 0x0000000070b94040
 Begin Bits: [0x00000000034c0000, 0x00000000053a8000)
 End Bits:   [0x00000000053a8000, 0x0000000007290000)

Polling page: 0x0000000000220000

CodeCache: size=245760Kb used=18692Kb max_used=18692Kb free=227068Kb
 bounds [0x000000000f010000, 0x0000000010270000, 0x000000001e010000]
 total_blobs=6230 nmethods=5450 adapters=691
 compilation: enabled

Compilation events (10 events):
Event: 287.339 Thread 0x00000000094d8000 6552       3       java.util.concurrent.TimeUnit::x (27 bytes)
Event: 287.339 Thread 0x00000000094d8000 nmethod 6552 0x0000000010260950 code [0x0000000010260aa0, 0x0000000010260c90]
Event: 287.339 Thread 0x00000000094d8000 6553       3       java.util.concurrent.TimeUnit$3::toNanos (11 bytes)
Event: 287.339 Thread 0x00000000094d8000 nmethod 6553 0x0000000010260d10 code [0x0000000010260e80, 0x00000000102610f0]
Event: 287.339 Thread 0x00000000094d8000 6554       3       java.util.concurrent.CountDownLatch::<init> (31 bytes)
Event: 287.340 Thread 0x00000000094d8000 nmethod 6554 0x00000000102611d0 code [0x0000000010261380, 0x0000000010261908]
Event: 287.340 Thread 0x00000000094d8000 6555       3       java.util.concurrent.CountDownLatch$Sync::<init> (10 bytes)
Event: 287.340 Thread 0x00000000094d8000 nmethod 6555 0x0000000010261b90 code [0x0000000010261d00, 0x0000000010262050]
Event: 287.341 Thread 0x00000000094d8000 6557       3       org.apache.coyote.http11.AbstractNioInputBuffer::parseRequestLine (1014 bytes)
Event: 287.347 Thread 0x00000000094d8000 nmethod 6557 0x0000000010262190 code [0x00000000102626a0, 0x00000000102664c8]

GC Heap History (10 events):
Event: 4.739 GC heap before
{Heap before GC invocations=6 (full 0):
 PSYoungGen      total 132096K, used 20866K [0x00000000d6d00000, 0x00000000e8100000, 0x0000000100000000)
  eden space 126976K, 12% used [0x00000000d6d00000,0x00000000d7c64e48,0x00000000de900000)
  from space 5120K, 99% used [0x00000000de900000,0x00000000dedfba78,0x00000000dee00000)
  to   space 14336K, 0% used [0x00000000e7300000,0x00000000e7300000,0x00000000e8100000)
 ParOldGen       total 84992K, used 18358K [0x0000000084600000, 0x0000000089900000, 0x00000000d6d00000)
  object space 84992K, 21% used [0x0000000084600000,0x00000000857eda40,0x0000000089900000)
 Metaspace       used 21031K, capacity 21188K, committed 21296K, reserved 1069056K
  class space    used 2557K, capacity 2587K, committed 2608K, reserved 1048576K
Event: 4.756 GC heap after
Heap after GC invocations=6 (full 0):
 PSYoungGen      total 267264K, used 5962K [0x00000000d6d00000, 0x00000000e8000000, 0x0000000100000000)
  eden space 253952K, 0% used [0x00000000d6d00000,0x00000000d6d00000,0x00000000e6500000)
  from space 13312K, 44% used [0x00000000e7300000,0x00000000e78d2a70,0x00000000e8000000)
  to   space 13824K, 0% used [0x00000000e6500000,0x00000000e6500000,0x00000000e7280000)
 ParOldGen       total 84992K, used 18366K [0x0000000084600000, 0x0000000089900000, 0x00000000d6d00000)
  object space 84992K, 21% used [0x0000000084600000,0x00000000857efa40,0x0000000089900000)
 Metaspace       used 21031K, capacity 21188K, committed 21296K, reserved 1069056K
  class space    used 2557K, capacity 2587K, committed 2608K, reserved 1048576K
}
Event: 4.756 GC heap before
{Heap before GC invocations=7 (full 1):
 PSYoungGen      total 267264K, used 5962K [0x00000000d6d00000, 0x00000000e8000000, 0x0000000100000000)
  eden space 253952K, 0% used [0x00000000d6d00000,0x00000000d6d00000,0x00000000e6500000)
  from space 13312K, 44% used [0x00000000e7300000,0x00000000e78d2a70,0x00000000e8000000)
  to   space 13824K, 0% used [0x00000000e6500000,0x00000000e6500000,0x00000000e7280000)
 ParOldGen       total 84992K, used 18366K [0x0000000084600000, 0x0000000089900000, 0x00000000d6d00000)
  object space 84992K, 21% used [0x0000000084600000,0x00000000857efa40,0x0000000089900000)
 Metaspace       used 21031K, capacity 21188K, committed 21296K, reserved 1069056K
  class space    used 2557K, capacity 2587K, committed 2608K, reserved 1048576K
Event: 4.830 GC heap after
Heap after GC invocations=7 (full 1):
 PSYoungGen      total 267264K, used 0K [0x00000000d6d00000, 0x00000000e8000000, 0x0000000100000000)
  eden space 253952K, 0% used [0x00000000d6d00000,0x00000000d6d00000,0x00000000e6500000)
  from space 13312K, 0% used [0x00000000e7300000,0x00000000e7300000,0x00000000e8000000)
  to   space 13824K, 0% used [0x00000000e6500000,0x00000000e6500000,0x00000000e7280000)
 ParOldGen       total 63488K, used 15669K [0x0000000084600000, 0x0000000088400000, 0x00000000d6d00000)
  object space 63488K, 24% used [0x0000000084600000,0x000000008554d5c0,0x0000000088400000)
 Metaspace       used 21031K, capacity 21188K, committed 21296K, reserved 1069056K
  class space    used 2557K, capacity 2587K, committed 2608K, reserved 1048576K
}
Event: 7.696 GC heap before
{Heap before GC invocations=8 (full 1):
 PSYoungGen      total 267264K, used 253952K [0x00000000d6d00000, 0x00000000e8000000, 0x0000000100000000)
  eden space 253952K, 100% used [0x00000000d6d00000,0x00000000e6500000,0x00000000e6500000)
  from space 13312K, 0% used [0x00000000e7300000,0x00000000e7300000,0x00000000e8000000)
  to   space 13824K, 0% used [0x00000000e6500000,0x00000000e6500000,0x00000000e7280000)
 ParOldGen       total 63488K, used 15669K [0x0000000084600000, 0x0000000088400000, 0x00000000d6d00000)
  object space 63488K, 24% used [0x0000000084600000,0x000000008554d5c0,0x0000000088400000)
 Metaspace       used 30254K, capacity 30526K, committed 30768K, reserved 1077248K
  class space    used 3724K, capacity 3786K, committed 3888K, reserved 1048576K
Event: 7.731 GC heap after
Heap after GC invocations=8 (full 1):
 PSYoungGen      total 267776K, used 13821K [0x00000000d6d00000, 0x00000000f3f00000, 0x0000000100000000)
  eden space 253952K, 0% used [0x00000000d6d00000,0x00000000d6d00000,0x00000000e6500000)
  from space 13824K, 99% used [0x00000000e6500000,0x00000000e727f5c0,0x00000000e7280000)
  to   space 17408K, 0% used [0x00000000f2e00000,0x00000000f2e00000,0x00000000f3f00000)
 ParOldGen       total 63488K, used 18650K [0x0000000084600000, 0x0000000088400000, 0x00000000d6d00000)
  object space 63488K, 29% used [0x0000000084600000,0x0000000085836b90,0x0000000088400000)
 Metaspace       used 30254K, capacity 30526K, committed 30768K, reserved 1077248K
  class space    used 3724K, capacity 3786K, committed 3888K, reserved 1048576K
}
Event: 8.581 GC heap before
{Heap before GC invocations=9 (full 1):
 PSYoungGen      total 267776K, used 68055K [0x00000000d6d00000, 0x00000000f3f00000, 0x0000000100000000)
  eden space 253952K, 21% used [0x00000000d6d00000,0x00000000da1f69d8,0x00000000e6500000)
  from space 13824K, 99% used [0x00000000e6500000,0x00000000e727f5c0,0x00000000e7280000)
  to   space 17408K, 0% used [0x00000000f2e00000,0x00000000f2e00000,0x00000000f3f00000)
 ParOldGen       total 63488K, used 18650K [0x0000000084600000, 0x0000000088400000, 0x00000000d6d00000)
  object space 63488K, 29% used [0x0000000084600000,0x0000000085836b90,0x0000000088400000)
 Metaspace       used 35043K, capacity 35294K, committed 35496K, reserved 1081344K
  class space    used 4448K, capacity 4520K, committed 4528K, reserved 1048576K
Event: 8.615 GC heap after
Heap after GC invocations=9 (full 1):
 PSYoungGen      total 458240K, used 13693K [0x00000000d6d00000, 0x00000000f3f80000, 0x0000000100000000)
  eden space 440832K, 0% used [0x00000000d6d00000,0x00000000d6d00000,0x00000000f1b80000)
  from space 17408K, 78% used [0x00000000f2e00000,0x00000000f3b5f4b8,0x00000000f3f00000)
  to   space 18432K, 0% used [0x00000000f1b80000,0x00000000f1b80000,0x00000000f2d80000)
 ParOldGen       total 63488K, used 18658K [0x0000000084600000, 0x0000000088400000, 0x00000000d6d00000)
  object space 63488K, 29% used [0x0000000084600000,0x0000000085838b90,0x0000000088400000)
 Metaspace       used 35043K, capacity 35294K, committed 35496K, reserved 1081344K
  class space    used 4448K, capacity 4520K, committed 4528K, reserved 1048576K
}
Event: 8.615 GC heap before
{Heap before GC invocations=10 (full 2):
 PSYoungGen      total 458240K, used 13693K [0x00000000d6d00000, 0x00000000f3f80000, 0x0000000100000000)
  eden space 440832K, 0% used [0x00000000d6d00000,0x00000000d6d00000,0x00000000f1b80000)
  from space 17408K, 78% used [0x00000000f2e00000,0x00000000f3b5f4b8,0x00000000f3f00000)
  to   space 18432K, 0% used [0x00000000f1b80000,0x00000000f1b80000,0x00000000f2d80000)
 ParOldGen       total 63488K, used 18658K [0x0000000084600000, 0x0000000088400000, 0x00000000d6d00000)
  object space 63488K, 29% used [0x0000000084600000,0x0000000085838b90,0x0000000088400000)
 Metaspace       used 35043K, capacity 35294K, committed 35496K, reserved 1081344K
  class space    used 4448K, capacity 4520K, committed 4528K, reserved 1048576K
Event: 8.783 GC heap after
Heap after GC invocations=10 (full 2):
 PSYoungGen      total 458240K, used 0K [0x00000000d6d00000, 0x00000000f3f80000, 0x0000000100000000)
  eden space 440832K, 0% used [0x00000000d6d00000,0x00000000d6d00000,0x00000000f1b80000)
  from space 17408K, 0% used [0x00000000f2e00000,0x00000000f2e00000,0x00000000f3f00000)
  to   space 18432K, 0% used [0x00000000f1b80000,0x00000000f1b80000,0x00000000f2d80000)
 ParOldGen       total 86528K, used 23333K [0x0000000084600000, 0x0000000089a80000, 0x00000000d6d00000)
  object space 86528K, 26% used [0x0000000084600000,0x0000000085cc9598,0x0000000089a80000)
 Metaspace       used 35043K, capacity 35294K, committed 35496K, reserved 1081344K
  class space    used 4448K, capacity 4520K, committed 4528K, reserved 1048576K
}

Deoptimization events (10 events):
Event: 15.789 Thread 0x000000000dbd4000 Uncommon trap: reason=unstable_if action=reinterpret pc=0x000000000f5294b0 method=java.lang.String.indexOf([CII[CIII)I @ 27
Event: 15.886 Thread 0x000000000dbd4000 Uncommon trap: reason=class_check action=maybe_recompile pc=0x000000000fcbc894 method=java.util.Hashtable.addEntry(ILjava/lang/Object;Ljava/lang/Object;I)V @ 38
Event: 15.932 Thread 0x000000000dbd4800 Uncommon trap: reason=unstable_if action=reinterpret pc=0x000000000f2bf544 method=java.lang.String.indexOf([CII[CIII)I @ 27
Event: 16.064 Thread 0x000000000dbd4800 Uncommon trap: reason=unstable_if action=reinterpret pc=0x000000000fd76f74 method=java.util.Date.normalize()Lsun/util/calendar/BaseCalendar$Date; @ 45
Event: 40.772 Thread 0x000000000d4a6000 Uncommon trap: reason=bimorphic action=maybe_recompile pc=0x000000000f21e504 method=java.util.AbstractCollection.addAll(Ljava/util/Collection;)Z @ 29
Event: 70.772 Thread 0x000000000d4a6000 Uncommon trap: reason=bimorphic action=maybe_recompile pc=0x000000000f21e504 method=java.util.AbstractCollection.addAll(Ljava/util/Collection;)Z @ 29
Event: 100.772 Thread 0x000000000d4a6000 Uncommon trap: reason=bimorphic action=maybe_recompile pc=0x000000000f21e504 method=java.util.AbstractCollection.addAll(Ljava/util/Collection;)Z @ 29
Event: 130.772 Thread 0x000000000d4a6000 Uncommon trap: reason=bimorphic action=maybe_recompile pc=0x000000000f21e504 method=java.util.AbstractCollection.addAll(Ljava/util/Collection;)Z @ 29
Event: 287.145 Thread 0x000000000b878000 Uncommon trap: reason=class_check action=maybe_recompile pc=0x00000000101a6a1c method=org.springframework.util.StringUtils.hasLength(Ljava/lang/CharSequence;)Z @ 5
Event: 287.184 Thread 0x000000000dbd5800 Uncommon trap: reason=unstable_if action=reinterpret pc=0x000000000f79bb18 method=com.sun.org.apache.xerces.internal.impl.XMLEntityScanner.scanLiteral(ILcom/sun/org/apache/xerces/internal/xni/XMLString;)I @ 555

Internal exceptions (10 events):
Event: 16.021 Thread 0x000000000dbd4800 Exception <a 'java/lang/ClassNotFoundException': java/lang/ObjectCustomizer> (0x00000000ed423998) thrown at [C:\re\workspace\8-2-build-windows-amd64-cygwin\jdk8u51\3951\hotspot\src\share\vm\classfile\systemDictionary.cpp, line 210]
Event: 16.022 Thread 0x000000000dbd4800 Exception <a 'java/lang/ClassNotFoundException': org/springframework/security/authentication/AbstractAuthenticationTokenCustomizer> (0x00000000ed44aab0) thrown at [C:\re\workspace\8-2-build-windows-amd64-cygwin\jdk8u51\3951\hotspot\src\share\vm\classfile\s’v<o00@
Event: 16.024 Thread 0x000000000dbd4800 Exception <a 'java/lang/ClassNotFoundException': org/springframework/security/authentication/UsernamePasswordAuthenticationTokenCustomizer> (0x00000000ed47d238) thrown at [C:\re\workspace\8-2-build-windows-amd64-cygwin\jdk8u51\3951\hotspot\src\share\vm\claÄi	C•0h@
Event: 193.518 Thread 0x000000000b87a800 Exception <a 'java/io/IOException'> (0x00000000ebfa6a38) thrown at [C:\re\workspace\8-2-build-windows-amd64-cygwin\jdk8u51\3951\hotspot\src\share\vm\prims\jni.cpp, line 709]
Event: 193.518 Thread 0x000000000b87a800 Exception <a 'java/io/IOException'> (0x00000000ebfa6d30) thrown at [C:\re\workspace\8-2-build-windows-amd64-cygwin\jdk8u51\3951\hotspot\src\share\vm\prims\jni.cpp, line 709]
Event: 193.519 Thread 0x000000000b87a800 Exception <a 'java/io/IOException'> (0x00000000ebfa7028) thrown at [C:\re\workspace\8-2-build-windows-amd64-cygwin\jdk8u51\3951\hotspot\src\share\vm\prims\jni.cpp, line 709]
Event: 193.519 Thread 0x000000000b87a800 Exception <a 'java/io/IOException'> (0x00000000ebfa7320) thrown at [C:\re\workspace\8-2-build-windows-amd64-cygwin\jdk8u51\3951\hotspot\src\share\vm\prims\jni.cpp, line 709]
Event: 193.520 Thread 0x000000000b876800 Exception <a 'java/io/IOException'> (0x00000000edabbc60) thrown at [C:\re\workspace\8-2-build-windows-amd64-cygwin\jdk8u51\3951\hotspot\src\share\vm\prims\jni.cpp, line 709]
Event: 193.520 Thread 0x000000000b876800 Exception <a 'java/io/IOException'> (0x00000000edabbf58) thrown at [C:\re\workspace\8-2-build-windows-amd64-cygwin\jdk8u51\3951\hotspot\src\share\vm\prims\jni.cpp, line 709]
Event: 193.520 Thread 0x000000000dbd6000 Exception <a 'java/io/IOException'> (0x00000000ead308e8) thrown at [C:\re\workspace\8-2-build-windows-amd64-cygwin\jdk8u51\3951\hotspot\src\share\vm\prims\jni.cpp, line 709]

Events (10 events):
Event: 287.145 Thread 0x000000000b878000 Uncommon trap: trap_request=0xffffffde fr.pc=0x00000000101a6a1c
Event: 287.145 Thread 0x000000000b878000 DEOPT PACKING pc=0x00000000101a6a1c sp=0x000000006309bb30
Event: 287.145 Thread 0x000000000b878000 DEOPT UNPACKING pc=0x000000000f05582a sp=0x000000006309ba70 mode 2
Event: 287.184 Thread 0x000000000dbd5800 Uncommon trap: trap_request=0xffffff65 fr.pc=0x000000000f79bb18
Event: 287.184 Thread 0x000000000dbd5800 DEOPT PACKING pc=0x000000000f79bb18 sp=0x00000000622eafb0
Event: 287.184 Thread 0x000000000dbd5800 DEOPT UNPACKING pc=0x000000000f05582a sp=0x00000000622eaf20 mode 2
Event: 287.211 Executing VM operation: RevokeBias
Event: 287.211 Executing VM operation: RevokeBias done
Event: 287.303 loading class java/util/concurrent/locks/ReentrantReadWriteLock$Sync$HoldCounter
Event: 287.303 loading class java/util/concurrent/locks/ReentrantReadWriteLock$Sync$HoldCounter done


Dynamic libraries:
0x000000013fd80000 - 0x000000013fdb7000 	C:\Program Files\Java\jdk1.8.0_51\bin\java.exe
0x0000000077960000 - 0x0000000077b0a000 	C:\Windows\SYSTEM32\ntdll.dll
0x0000000077840000 - 0x000000007795f000 	C:\Windows\system32\kernel32.dll
0x000007fefda30000 - 0x000007fefda9b000 	C:\Windows\system32\KERNELBASE.dll
0x000007fefe3b0000 - 0x000007fefe48b000 	C:\Windows\system32\ADVAPI32.dll
0x000007feff5b0000 - 0x000007feff64f000 	C:\Windows\system32\msvcrt.dll
0x000007fefdaa0000 - 0x000007fefdabf000 	C:\Windows\SYSTEM32\sechost.dll
0x000007feff8e0000 - 0x000007feffa0d000 	C:\Windows\system32\RPCRT4.dll
0x0000000077740000 - 0x000000007783a000 	C:\Windows\system32\USER32.dll
0x000007fefe080000 - 0x000007fefe0e7000 	C:\Windows\system32\GDI32.dll
0x000007fefdde0000 - 0x000007fefddee000 	C:\Windows\system32\LPK.dll
0x000007fefe720000 - 0x000007fefe7ea000 	C:\Windows\system32\USP10.dll
0x000007fefc070000 - 0x000007fefc264000 	C:\Windows\WinSxS\amd64_microsoft.windows.common-controls_6595b64144ccf1df_6.0.7601.18837_none_fa3b1e3d17594757\COMCTL32.dll
0x000007feffa10000 - 0x000007feffa81000 	C:\Windows\system32\SHLWAPI.dll
0x000007feff580000 - 0x000007feff5ae000 	C:\Windows\system32\IMM32.DLL
0x000007fefe200000 - 0x000007fefe309000 	C:\Windows\system32\MSCTF.dll
0x000007fefd610000 - 0x000007fefd641000 	C:\Windows\system32\nvinitx.dll
0x000000000f000000 - 0x000000000f006000 	C:\Program Files\NVIDIA Corporation\CoProcManager\detoured.dll
0x000007fee81d0000 - 0x000007fee8202000 	C:\Program Files\NVIDIA Corporation\CoProcManager\nvd3d9wrapx.dll
0x000007feffa90000 - 0x000007feffc67000 	C:\Windows\system32\SETUPAPI.dll
0x000007fefd890000 - 0x000007fefd8c6000 	C:\Windows\system32\CFGMGR32.dll
0x000007fefe0f0000 - 0x000007fefe1c7000 	C:\Windows\system32\OLEAUT32.dll
0x000007fefddf0000 - 0x000007fefdff3000 	C:\Windows\system32\ole32.dll
0x000007fefd8e0000 - 0x000007fefd8fa000 	C:\Windows\system32\DEVOBJ.dll
0x000007fee8160000 - 0x000007fee8182000 	C:\Program Files\NVIDIA Corporation\CoProcManager\nvdxgiwrapx.dll
0x00000000787b0000 - 0x0000000078882000 	C:\Program Files\Java\jdk1.8.0_51\jre\bin\msvcr100.dll
0x0000000070390000 - 0x0000000070c13000 	C:\Program Files\Java\jdk1.8.0_51\jre\bin\server\jvm.dll
0x000007fef74c0000 - 0x000007fef74c9000 	C:\Windows\system32\WSOCK32.dll
0x000007fefdd90000 - 0x000007fefdddd000 	C:\Windows\system32\WS2_32.dll
0x000007fefe1d0000 - 0x000007fefe1d8000 	C:\Windows\system32\NSI.dll
0x000007fefb040000 - 0x000007fefb07b000 	C:\Windows\system32\WINMM.dll
0x000007fefc730000 - 0x000007fefc73c000 	C:\Windows\system32\VERSION.dll
0x0000000077b20000 - 0x0000000077b27000 	C:\Windows\system32\PSAPI.DLL
0x000000006fe40000 - 0x000000006fe4f000 	C:\Program Files\Java\jdk1.8.0_51\jre\bin\verify.dll
0x000000006d310000 - 0x000000006d339000 	C:\Program Files\Java\jdk1.8.0_51\jre\bin\java.dll
0x0000000070dd0000 - 0x0000000070de6000 	C:\Program Files\Java\jdk1.8.0_51\jre\bin\zip.dll
0x000007fefe7f0000 - 0x000007feff579000 	C:\Windows\system32\SHELL32.dll
0x000007fefd6f0000 - 0x000007fefd6ff000 	C:\Windows\system32\profapi.dll
0x000007fefab20000 - 0x000007fefab30000 	C:\Program Files (x86)\JetBrains\IntelliJ IDEA 15.0.2\bin\breakgen64.dll
0x000000006f7f0000 - 0x000000006f80a000 	C:\Program Files\Java\jdk1.8.0_51\jre\bin\net.dll
0x000007fefce80000 - 0x000007fefced5000 	C:\Windows\system32\mswsock.dll
0x000007fefce70000 - 0x000007fefce77000 	C:\Windows\System32\wship6.dll
0x000000006ffd0000 - 0x000000006ffdd000 	C:\Program Files\Java\jdk1.8.0_51\jre\bin\management.dll
0x000007fefb020000 - 0x000007fefb035000 	C:\Windows\system32\NLAapi.dll
0x000007fef7b70000 - 0x000007fef7b85000 	C:\Windows\system32\napinsp.dll
0x000007fef7b90000 - 0x000007fef7ba9000 	C:\Windows\system32\pnrpnsp.dll
0x000007fefcd00000 - 0x000007fefcd5b000 	C:\Windows\system32\DNSAPI.dll
0x000007fef7b60000 - 0x000007fef7b6b000 	C:\Windows\System32\winrnr.dll
0x000007fef7b50000 - 0x000007fef7b60000 	C:\Windows\system32\wshbth.dll
0x00000000748a0000 - 0x00000000748c6000 	C:\Program Files\Bonjour\mdnsNSP.dll
0x000007fefa090000 - 0x000007fefa0b7000 	C:\Windows\system32\Iphlpapi.DLL
0x000007fefa080000 - 0x000007fefa08b000 	C:\Windows\system32\WINNSI.DLL
0x000007fefc830000 - 0x000007fefc837000 	C:\Windows\System32\wshtcpip.dll
0x000007fef95e0000 - 0x000007fef95e8000 	C:\Windows\system32\rasadhlp.dll
0x000007fef9b80000 - 0x000007fef9bd3000 	C:\Windows\System32\fwpuclnt.dll
0x000000006fe10000 - 0x000000006fe21000 	C:\Program Files\Java\jdk1.8.0_51\jre\bin\nio.dll
0x000007fefcee0000 - 0x000007fefcef8000 	C:\Windows\system32\CRYPTSP.dll
0x000007fefcbe0000 - 0x000007fefcc27000 	C:\Windows\system32\rsaenh.dll
0x000007fefd700000 - 0x000007fefd71e000 	C:\Windows\system32\USERENV.dll
0x000007fefd540000 - 0x000007fefd54f000 	C:\Windows\system32\CRYPTBASE.dll
0x000007fef9b50000 - 0x000007fef9b61000 	C:\Windows\system32\dhcpcsvc6.DLL
0x000007fef9b30000 - 0x000007fef9b48000 	C:\Windows\system32\dhcpcsvc.DLL
0x000007fefac00000 - 0x000007fefad25000 	C:\Windows\system32\dbghelp.dll

VM Arguments:
jvm_args: -Didea.launcher.port=7534 -Didea.launcher.bin.path=C:\Program Files (x86)\JetBrains\IntelliJ IDEA 15.0.2\bin -Dfile.encoding=UTF-8 
java_command: com.intellij.rt.execution.application.AppMain com.ai.AiProjectApplication --spring.output.ansi.enabled=always
java_class_path (initial): C:\Program Files\Java\jdk1.8.0_51\jre\lib\charsets.jar;C:\Program Files\Java\jdk1.8.0_51\jre\lib\deploy.jar;C:\Program Files\Java\jdk1.8.0_51\jre\lib\ext\access-bridge-64.jar;C:\Program Files\Java\jdk1.8.0_51\jre\lib\ext\cldrdata.jar;C:\Program Files\Java\jdk1.8.0_51\jre\lib\ext\dnsns.jar;C:\Program Files\Java\jdk1.8.0_51\jre\lib\ext\jaccess.jar;C:\Program Files\Java\jdk1.8.0_51\jre\lib\ext\jfxrt.jar;C:\Program Files\Java\jdk1.8.0_51\jre\lib\ext\localedata.jar;C:\Program Files\Java\jdk1.8.0_51\jre\lib\ext\nashorn.jar;C:\Program Files\Java\jdk1.8.0_51\jre\lib\ext\sunec.jar;C:\Program Files\Java\jdk1.8.0_51\jre\lib\ext\sunjce_provider.jar;C:\Program Files\Java\jdk1.8.0_51\jre\lib\ext\sunmscapi.jar;C:\Program Files\Java\jdk1.8.0_51\jre\lib\ext\sunpkcs11.jar;C:\Program Files\Java\jdk1.8.0_51\jre\lib\ext\zipfs.jar;C:\Program Files\Java\jdk1.8.0_51\jre\lib\javaws.jar;C:\Program Files\Java\jdk1.8.0_51\jre\lib\jce.jar;C:\Program Files\Java\jdk1.8.0_51\jre\lib\jfr.jar;C:\Program Files\Java\jdk1.8.0_51\jre\lib\jfxswt.jar;C:\Program Files\Java\jdk1.8.0_51\jre\lib\jsse.jar;C:\Program Files\Java\jdk1.8.0_51\jre\lib\management-agent.jar;C:\Program Files\Java\jdk1.8.0_51\jre\lib\plugin.jar;C:\Program Files\Java\jdk1.8.0_51\jre\lib\resources.jar;C:\Program Files\Java\jdk1.8.0_51\jre\lib\rt.jar;C:\Users\fdarmoch\IdeaProjects\Betting\build\classes\main;C:\Users\fdarmoch\IdeaProjects\Betting\build\resources\main;C:\Users\fdarmoch\.gradle\caches\modules-2\files-2.1\org.springframework.boot\spring-boot-starter-data-jpa\1.3.1.RELEASE\2ab6101dff6b2a35dd7ee5ed1b904af96504d3f1\spring-boot-starter-data-jpa-1.3.1.RELEASE.jar;C:\Users\fdarmoch\.gradle\caches\modules-2\files-2.1\org.springframework.boot\spring-boot-starter-jdbc\1.3.1.RELEASE\6fdd3124a3aa9eaa4d4ac0adde03c734676e40bd\spring-boot-starter-jdbc-1.3.1.RELEASE.jar;C:\Users\fdarmoch\.gradle\caches\modules-2\files-2.1\org.springframework.boot\spring-boot-starter-security\1.3.1.RELEASE\8a71c21b3d9ef6bdd80623b
Launcher Type: SUN_STANDARD

Environment Variables:
JAVA_HOME=C:\Program Files\Java\jdk1.8.0_40
PATH=C:\Program Files (x86)\Cuminas\Document Express DjVu Plug-in\;C:\Perl64\site\bin;C:\Perl64\bin;C:\ProgramData\Oracle\Java\javapath;C:\Program Files (x86)\PC Connectivity Solution\;C:\Windows\system32;C:\Windows;C:\Windows\System32\Wbem;C:\Windows\System32\WindowsPowerShell\v1.0\;C:\Program Files (x86)\Intel\OpenCL SDK\3.0\bin\x86;C:\Program Files (x86)\Intel\OpenCL SDK\3.0\bin\x64;C:\Program Files\Intel\WiFi\bin\;C:\Program Files\Common Files\Intel\WirelessCommon\;C:\Program Files\Microsoft SQL Server\110\Tools\Binn\;C:\Program Files\TortoiseSVN\bin;C:\Program Files\SlikSvn\bin;C:\Program Files\Microsoft SQL Server\Client SDK\ODBC\110\Tools\Binn\;C:\Program Files (x86)\Microsoft SQL Server\120\Tools\Binn\ManagementStudio\;C:\Program Files (x86)\Microsoft SQL Server\120\Tools\Binn\;C:\Program Files\Microsoft SQL Server\120\Tools\Binn\;C:\Program Files (x86)\Microsoft SQL Server\120\DTS\Binn\;C:\Program Files\Microsoft SQL Server\120\DTS\Binn\;C:\Program Files (x86)\Windows Kits\8.1\Windows Performance Toolkit\;C:\Program Files (x86)\Microsoft Visual Studio 12.0\Common7\IDE\PrivateAssemblies\;C:\Program Files\Microsoft\Web Platform Installer\;C:\Program Files (x86)\Microsoft ASP.NET\ASP.NET Web Pages\v1.0\;C:\Program Files (x86)\Microsoft SDKs\TypeScript\1.0\;C:\Program Files (x86)\Google\Google Apps Migration\;C:\Program Files (x86)\Skype\Phone\;C:\Users\fdarmoch\android-sdks;C:\Program Files\apache-maven-3.3.9-bin\apache-maven-3.3.9\bin;C:\Program Files\apache-ant-1.9.6\bin;C:\Program Files (x86)\Android\android-sdk\tools;C:\Program Files (x86)\Android\android-sdk\platform-tools; C:\Program Files\Git\bin;C:\Program Files\Calibre2\
USERNAME=fdarmoch
OS=Windows_NT
PROCESSOR_IDENTIFIER=Intel64 Family 6 Model 60 Stepping 3, GenuineIntel



---------------  S Y S T E M  ---------------

OS: Windows 7 , 64 bit Build 7601 (6.1.7601.19135)

CPU:total 4 (2 cores per cpu, 2 threads per core) family 6 model 60 stepping 3, cmov, cx8, fxsr, mmx, sse, sse2, sse3, ssse3, sse4.1, sse4.2, popcnt, avx, avx2, aes, clmul, erms, lzcnt, ht, tsc, tscinvbit, bmi1, bmi2

Memory: 4k page, physical 8096200k(698988k free), swap 9403284k(10232k free)

vm_info: Java HotSpot(TM) 64-Bit Server VM (25.51-b03) for windows-amd64 JRE (1.8.0_51-b16), built on Jun  8 2015 18:03:07 by "java_re" with MS VC++ 10.0 (VS2010)

time: Fri Feb 12 16:51:15 2016
elapsed time: 287 seconds (0d 0h 4m 47s)

